<?xml version="1.0" encoding="UTF-8"?>
<!-- Generated by org.testng.reporters.JUnitXMLReporter -->
<testsuite ignored="0" hostname="DESKTOP-LLE4103" failures="30" tests="30" name="ChromeTest" time="274.371" errors="0" timestamp="2022-02-15T23:53:08 IST">
  <testcase classname="test.VerifyHeadersOfApplicationWithSoftAssert" name="toVerifyApparelTab" time="7.91">
    <failure type="java.lang.AssertionError" message="The following asserts failed:
	expected [http://localhost/user/submit_tt.do] but found [https://demo.nopcommerce.com/apparel],
	expected [actiTIME - Enter Time-Track] but found [nopCommerce demo store. Apparel]">
      <![CDATA[java.lang.AssertionError: The following asserts failed:
expected [http://localhost/user/submit_tt.do] but found [https://demo.nopcommerce.com/apparel],
expected [actiTIME - Enter Time-Track] but found [nopCommerce demo store. Apparel]
at test.VerifyHeadersOfApplicationWithSoftAssert.toVerifyApparelTab(VerifyHeadersOfApplicationWithSoftAssert.java:110)
at java.base/java.util.concurrent.ThreadPoolExecutor.runWorker(ThreadPoolExecutor.java:1130)
at java.base/java.util.concurrent.ThreadPoolExecutor$Worker.run(ThreadPoolExecutor.java:630)
at java.base/java.lang.Thread.run(Thread.java:831)
... Removed 14 stack frames]]>
    </failure>
  </testcase> <!-- toVerifyApparelTab -->
  <testcase classname="test.VerifyHeadersOfApplicationWithHardAssert" name="toVerifyApparelTab" time="9.822">
    <failure type="java.lang.AssertionError" message="expected [https://opensource-demo.orangehrmlive.com/index.php/dashboard] but found [https://demo.nopcommerce.com/apparel]">
      <![CDATA[java.lang.AssertionError: expected [https://opensource-demo.orangehrmlive.com/index.php/dashboard] but found [https://demo.nopcommerce.com/apparel]
at test.VerifyHeadersOfApplicationWithHardAssert.toVerifyApparelTab(VerifyHeadersOfApplicationWithHardAssert.java:107)
at java.base/java.util.concurrent.ThreadPoolExecutor.runWorker(ThreadPoolExecutor.java:1130)
at java.base/java.util.concurrent.ThreadPoolExecutor$Worker.run(ThreadPoolExecutor.java:630)
at java.base/java.lang.Thread.run(Thread.java:831)
... Removed 18 stack frames]]>
    </failure>
  </testcase> <!-- toVerifyApparelTab -->
  <testcase classname="test.VerifyHeadersOfApplicationWithSoftAssert" name="toVerifyBooksTab" time="3.839">
    <failure type="java.lang.AssertionError" message="The following asserts failed:
	expected [http://localhost/user/submit_tt.do] but found [https://demo.nopcommerce.com/apparel],
	expected [actiTIME - Enter Time-Track] but found [nopCommerce demo store. Apparel],
	expected [http://localhost/user/submit_tt.do] but found [https://demo.nopcommerce.com/books],
	expected [actiTIME - Enter Time-Track] but found [nopCommerce demo store. Books]">
      <![CDATA[java.lang.AssertionError: The following asserts failed:
expected [http://localhost/user/submit_tt.do] but found [https://demo.nopcommerce.com/apparel],
expected [actiTIME - Enter Time-Track] but found [nopCommerce demo store. Apparel],
expected [http://localhost/user/submit_tt.do] but found [https://demo.nopcommerce.com/books],
expected [actiTIME - Enter Time-Track] but found [nopCommerce demo store. Books]
at test.VerifyHeadersOfApplicationWithSoftAssert.toVerifyBooksTab(VerifyHeadersOfApplicationWithSoftAssert.java:134)
at java.base/java.util.concurrent.ThreadPoolExecutor.runWorker(ThreadPoolExecutor.java:1130)
at java.base/java.util.concurrent.ThreadPoolExecutor$Worker.run(ThreadPoolExecutor.java:630)
at java.base/java.lang.Thread.run(Thread.java:831)
... Removed 14 stack frames]]>
    </failure>
  </testcase> <!-- toVerifyBooksTab -->
  <testcase classname="test.VerifyHeadersOfApplicationWithHardAssert" name="toVerifyBooksTab" time="3.809">
    <failure type="java.lang.AssertionError" message="expected [https://opensource-demo.orangehrmlive.com/index.php/dashboard] but found [https://demo.nopcommerce.com/books]">
      <![CDATA[java.lang.AssertionError: expected [https://opensource-demo.orangehrmlive.com/index.php/dashboard] but found [https://demo.nopcommerce.com/books]
at test.VerifyHeadersOfApplicationWithHardAssert.toVerifyBooksTab(VerifyHeadersOfApplicationWithHardAssert.java:129)
at java.base/java.util.concurrent.ThreadPoolExecutor.runWorker(ThreadPoolExecutor.java:1130)
at java.base/java.util.concurrent.ThreadPoolExecutor$Worker.run(ThreadPoolExecutor.java:630)
at java.base/java.lang.Thread.run(Thread.java:831)
... Removed 18 stack frames]]>
    </failure>
  </testcase> <!-- toVerifyBooksTab -->
  <testcase classname="test.VerifyHeadersOfApplicationWithSoftAssert" name="toVerifyCameraPhotoPage" time="21.322">
    <failure type="org.openqa.selenium.TimeoutException" message="Expected condition failed: waiting for visibility of Proxy element for: DefaultElementLocator &amp;apos;By.xpath: //img[@alt=&amp;apos;Picture for category Camera &amp;amp; photo&amp;apos;]&amp;apos; (tried for 10 second(s) with 500 milliseconds interval)">
      <![CDATA[org.openqa.selenium.TimeoutException: Expected condition failed: waiting for visibility of Proxy element for: DefaultElementLocator 'By.xpath: //img[@alt='Picture for category Camera & photo']' (tried for 10 second(s) with 500 milliseconds interval)
at org.openqa.selenium.support.ui.WebDriverWait.timeoutException(WebDriverWait.java:95)
at org.openqa.selenium.support.ui.FluentWait.until(FluentWait.java:272)
at pom.ElectronicsPage.openCameraPhotoPage(ElectronicsPage.java:45)
at test.VerifyHeadersOfApplicationWithSoftAssert.toVerifyCameraPhotoPage(VerifyHeadersOfApplicationWithSoftAssert.java:225)
at java.base/java.util.concurrent.ThreadPoolExecutor.runWorker(ThreadPoolExecutor.java:1130)
at java.base/java.util.concurrent.ThreadPoolExecutor$Worker.run(ThreadPoolExecutor.java:630)
at java.base/java.lang.Thread.run(Thread.java:831)
Caused by: org.openqa.selenium.NoSuchElementException: no such element: Unable to locate element: {"method":"xpath","selector":"//img[@alt='Picture for category Camera & photo']"}
  (Session info: chrome=98.0.4758.82)
For documentation on this error, please visit: https://www.seleniumhq.org/exceptions/no_such_element.html
Build info: version: '3.141.59', revision: 'e82be7d358', time: '2018-11-14T08:17:03'
System info: host: 'DESKTOP-LLE4103', ip: '192.168.43.156', os.name: 'Windows 10', os.arch: 'amd64', os.version: '10.0', java.version: '16.0.2'
Driver info: org.openqa.selenium.chrome.ChromeDriver
Capabilities {acceptInsecureCerts: false, browserName: chrome, browserVersion: 98.0.4758.82, chrome: {chromedriverVersion: 97.0.4692.71 (adefa7837d02a..., userDataDir: C:\Users\admin\AppData\Loca...}, goog:chromeOptions: {debuggerAddress: localhost:53399}, javascriptEnabled: true, networkConnectionEnabled: false, pageLoadStrategy: normal, platform: WINDOWS, platformName: WINDOWS, proxy: Proxy(), setWindowRect: true, strictFileInteractability: false, timeouts: {implicit: 0, pageLoad: 300000, script: 30000}, unhandledPromptBehavior: dismiss and notify, webauthn:extension:credBlob: true, webauthn:extension:largeBlob: true, webauthn:virtualAuthenticators: true}
Session ID: 29952882f2a5e3c2b0ec429d821287f5
*** Element info: {Using=xpath, value=//img[@alt='Picture for category Camera & photo']}
at org.openqa.selenium.remote.http.W3CHttpResponseCodec.createException(W3CHttpResponseCodec.java:187)
at org.openqa.selenium.remote.http.W3CHttpResponseCodec.decode(W3CHttpResponseCodec.java:122)
at org.openqa.selenium.remote.http.W3CHttpResponseCodec.decode(W3CHttpResponseCodec.java:49)
at org.openqa.selenium.remote.HttpCommandExecutor.execute(HttpCommandExecutor.java:158)
at org.openqa.selenium.remote.service.DriverCommandExecutor.execute(DriverCommandExecutor.java:83)
at org.openqa.selenium.remote.RemoteWebDriver.execute(RemoteWebDriver.java:552)
at org.openqa.selenium.remote.RemoteWebDriver.findElement(RemoteWebDriver.java:323)
at org.openqa.selenium.remote.RemoteWebDriver.findElementByXPath(RemoteWebDriver.java:428)
at org.openqa.selenium.By$ByXPath.findElement(By.java:353)
at org.openqa.selenium.remote.RemoteWebDriver.findElement(RemoteWebDriver.java:315)
at org.openqa.selenium.support.pagefactory.DefaultElementLocator.findElement(DefaultElementLocator.java:69)
at org.openqa.selenium.support.pagefactory.internal.LocatingElementHandler.invoke(LocatingElementHandler.java:38)
at jdk.proxy2/jdk.proxy2.$Proxy17.isDisplayed(Unknown Source)
at org.openqa.selenium.support.ui.ExpectedConditions.elementIfVisible(ExpectedConditions.java:314)
at org.openqa.selenium.support.ui.ExpectedConditions.access$000(ExpectedConditions.java:43)
at org.openqa.selenium.support.ui.ExpectedConditions$10.apply(ExpectedConditions.java:300)
at org.openqa.selenium.support.ui.ExpectedConditions$10.apply(ExpectedConditions.java:297)
at org.openqa.selenium.support.ui.FluentWait.until(FluentWait.java:249)
... 17 more
... Removed 17 stack frames]]>
    </failure>
  </testcase> <!-- toVerifyCameraPhotoPage -->
  <testcase classname="test.VerifyHeadersOfApplicationWithHardAssert" name="toVerifyCameraPhotoPage" time="20.538">
    <failure type="org.openqa.selenium.TimeoutException" message="Expected condition failed: waiting for visibility of Proxy element for: DefaultElementLocator &amp;apos;By.xpath: //img[@alt=&amp;apos;Picture for category Camera &amp;amp; photo&amp;apos;]&amp;apos; (tried for 10 second(s) with 500 milliseconds interval)">
      <![CDATA[org.openqa.selenium.TimeoutException: Expected condition failed: waiting for visibility of Proxy element for: DefaultElementLocator 'By.xpath: //img[@alt='Picture for category Camera & photo']' (tried for 10 second(s) with 500 milliseconds interval)
at org.openqa.selenium.support.ui.WebDriverWait.timeoutException(WebDriverWait.java:95)
at org.openqa.selenium.support.ui.FluentWait.until(FluentWait.java:272)
at pom.ElectronicsPage.openCameraPhotoPage(ElectronicsPage.java:45)
at test.VerifyHeadersOfApplicationWithHardAssert.toVerifyCameraPhotoPage(VerifyHeadersOfApplicationWithHardAssert.java:214)
at java.base/java.util.concurrent.ThreadPoolExecutor.runWorker(ThreadPoolExecutor.java:1130)
at java.base/java.util.concurrent.ThreadPoolExecutor$Worker.run(ThreadPoolExecutor.java:630)
at java.base/java.lang.Thread.run(Thread.java:831)
Caused by: org.openqa.selenium.NoSuchElementException: no such element: Unable to locate element: {"method":"xpath","selector":"//img[@alt='Picture for category Camera & photo']"}
  (Session info: chrome=98.0.4758.82)
For documentation on this error, please visit: https://www.seleniumhq.org/exceptions/no_such_element.html
Build info: version: '3.141.59', revision: 'e82be7d358', time: '2018-11-14T08:17:03'
System info: host: 'DESKTOP-LLE4103', ip: '192.168.43.156', os.name: 'Windows 10', os.arch: 'amd64', os.version: '10.0', java.version: '16.0.2'
Driver info: org.openqa.selenium.chrome.ChromeDriver
Capabilities {acceptInsecureCerts: false, browserName: chrome, browserVersion: 98.0.4758.82, chrome: {chromedriverVersion: 97.0.4692.71 (adefa7837d02a..., userDataDir: C:\Users\admin\AppData\Loca...}, goog:chromeOptions: {debuggerAddress: localhost:53380}, javascriptEnabled: true, networkConnectionEnabled: false, pageLoadStrategy: normal, platform: WINDOWS, platformName: WINDOWS, proxy: Proxy(), setWindowRect: true, strictFileInteractability: false, timeouts: {implicit: 0, pageLoad: 300000, script: 30000}, unhandledPromptBehavior: dismiss and notify, webauthn:extension:credBlob: true, webauthn:extension:largeBlob: true, webauthn:virtualAuthenticators: true}
Session ID: 2c6ee641da4daed1389df1fbd3910a6a
*** Element info: {Using=xpath, value=//img[@alt='Picture for category Camera & photo']}
at org.openqa.selenium.remote.http.W3CHttpResponseCodec.createException(W3CHttpResponseCodec.java:187)
at org.openqa.selenium.remote.http.W3CHttpResponseCodec.decode(W3CHttpResponseCodec.java:122)
at org.openqa.selenium.remote.http.W3CHttpResponseCodec.decode(W3CHttpResponseCodec.java:49)
at org.openqa.selenium.remote.HttpCommandExecutor.execute(HttpCommandExecutor.java:158)
at org.openqa.selenium.remote.service.DriverCommandExecutor.execute(DriverCommandExecutor.java:83)
at org.openqa.selenium.remote.RemoteWebDriver.execute(RemoteWebDriver.java:552)
at org.openqa.selenium.remote.RemoteWebDriver.findElement(RemoteWebDriver.java:323)
at org.openqa.selenium.remote.RemoteWebDriver.findElementByXPath(RemoteWebDriver.java:428)
at org.openqa.selenium.By$ByXPath.findElement(By.java:353)
at org.openqa.selenium.remote.RemoteWebDriver.findElement(RemoteWebDriver.java:315)
at org.openqa.selenium.support.pagefactory.DefaultElementLocator.findElement(DefaultElementLocator.java:69)
at org.openqa.selenium.support.pagefactory.internal.LocatingElementHandler.invoke(LocatingElementHandler.java:38)
at jdk.proxy2/jdk.proxy2.$Proxy17.isDisplayed(Unknown Source)
at org.openqa.selenium.support.ui.ExpectedConditions.elementIfVisible(ExpectedConditions.java:314)
at org.openqa.selenium.support.ui.ExpectedConditions.access$000(ExpectedConditions.java:43)
at org.openqa.selenium.support.ui.ExpectedConditions$10.apply(ExpectedConditions.java:300)
at org.openqa.selenium.support.ui.ExpectedConditions$10.apply(ExpectedConditions.java:297)
at org.openqa.selenium.support.ui.FluentWait.until(FluentWait.java:249)
... 17 more
... Removed 17 stack frames]]>
    </failure>
  </testcase> <!-- toVerifyCameraPhotoPage -->
  <testcase classname="test.VerifyHeadersOfApplicationWithSoftAssert" name="toVerifyComputersPageTab" time="0.308">
    <failure type="java.lang.AssertionError" message="The following asserts failed:
	expected [http://localhost/user/submit_tt.do] but found [https://demo.nopcommerce.com/apparel],
	expected [actiTIME - Enter Time-Track] but found [nopCommerce demo store. Apparel],
	expected [http://localhost/user/submit_tt.do] but found [https://demo.nopcommerce.com/books],
	expected [actiTIME - Enter Time-Track] but found [nopCommerce demo store. Books],
	expected [http://localhost/user/submit_tt.do] but found [https://demo.nopcommerce.com/],
	expected [actiTIME - Enter Time-Track] but found [nopCommerce demo store]">
      <![CDATA[java.lang.AssertionError: The following asserts failed:
expected [http://localhost/user/submit_tt.do] but found [https://demo.nopcommerce.com/apparel],
expected [actiTIME - Enter Time-Track] but found [nopCommerce demo store. Apparel],
expected [http://localhost/user/submit_tt.do] but found [https://demo.nopcommerce.com/books],
expected [actiTIME - Enter Time-Track] but found [nopCommerce demo store. Books],
expected [http://localhost/user/submit_tt.do] but found [https://demo.nopcommerce.com/],
expected [actiTIME - Enter Time-Track] but found [nopCommerce demo store]
at test.VerifyHeadersOfApplicationWithSoftAssert.toVerifyComputersPageTab(VerifyHeadersOfApplicationWithSoftAssert.java:85)
at java.base/java.util.concurrent.ThreadPoolExecutor.runWorker(ThreadPoolExecutor.java:1130)
at java.base/java.util.concurrent.ThreadPoolExecutor$Worker.run(ThreadPoolExecutor.java:630)
at java.base/java.lang.Thread.run(Thread.java:831)
... Removed 14 stack frames]]>
    </failure>
  </testcase> <!-- toVerifyComputersPageTab -->
  <testcase classname="test.VerifyHeadersOfApplicationWithHardAssert" name="toVerifyComputersPageTab" time="0.304">
    <failure type="java.lang.AssertionError" message="expected [https://opensource-demo.orangehrmlive.com/index.php/dashboard] but found [https://demo.nopcommerce.com/]">
      <![CDATA[java.lang.AssertionError: expected [https://opensource-demo.orangehrmlive.com/index.php/dashboard] but found [https://demo.nopcommerce.com/]
at test.VerifyHeadersOfApplicationWithHardAssert.toVerifyComputersPageTab(VerifyHeadersOfApplicationWithHardAssert.java:84)
at java.base/java.util.concurrent.ThreadPoolExecutor.runWorker(ThreadPoolExecutor.java:1130)
at java.base/java.util.concurrent.ThreadPoolExecutor$Worker.run(ThreadPoolExecutor.java:630)
at java.base/java.lang.Thread.run(Thread.java:831)
... Removed 18 stack frames]]>
    </failure>
  </testcase> <!-- toVerifyComputersPageTab -->
  <testcase classname="test.VerifyHeadersOfApplicationWithSoftAssert" name="toVerifyComputersTab" time="3.329">
    <failure type="java.lang.AssertionError" message="The following asserts failed:
	expected [http://localhost/user/submit_tt.do] but found [https://demo.nopcommerce.com/apparel],
	expected [actiTIME - Enter Time-Track] but found [nopCommerce demo store. Apparel],
	expected [http://localhost/user/submit_tt.do] but found [https://demo.nopcommerce.com/books],
	expected [actiTIME - Enter Time-Track] but found [nopCommerce demo store. Books],
	expected [http://localhost/user/submit_tt.do] but found [https://demo.nopcommerce.com/],
	expected [actiTIME - Enter Time-Track] but found [nopCommerce demo store],
	expected [http://localhost/user/submit_tt.do] but found [https://demo.nopcommerce.com/computers],
	expected [actiTIME - Enter Time-Track] but found [nopCommerce demo store. Computers]">
      <![CDATA[java.lang.AssertionError: The following asserts failed:
expected [http://localhost/user/submit_tt.do] but found [https://demo.nopcommerce.com/apparel],
expected [actiTIME - Enter Time-Track] but found [nopCommerce demo store. Apparel],
expected [http://localhost/user/submit_tt.do] but found [https://demo.nopcommerce.com/books],
expected [actiTIME - Enter Time-Track] but found [nopCommerce demo store. Books],
expected [http://localhost/user/submit_tt.do] but found [https://demo.nopcommerce.com/],
expected [actiTIME - Enter Time-Track] but found [nopCommerce demo store],
expected [http://localhost/user/submit_tt.do] but found [https://demo.nopcommerce.com/computers],
expected [actiTIME - Enter Time-Track] but found [nopCommerce demo store. Computers]
at test.VerifyHeadersOfApplicationWithSoftAssert.toVerifyComputersTab(VerifyHeadersOfApplicationWithSoftAssert.java:170)
at java.base/java.util.concurrent.ThreadPoolExecutor.runWorker(ThreadPoolExecutor.java:1130)
at java.base/java.util.concurrent.ThreadPoolExecutor$Worker.run(ThreadPoolExecutor.java:630)
at java.base/java.lang.Thread.run(Thread.java:831)
... Removed 14 stack frames]]>
    </failure>
  </testcase> <!-- toVerifyComputersTab -->
  <testcase classname="test.VerifyHeadersOfApplicationWithHardAssert" name="toVerifyComputersTab" time="2.863">
    <failure type="java.lang.AssertionError" message="expected [https://opensource-demo.orangehrmlive.com/index.php/dashboard] but found [https://demo.nopcommerce.com/computers]">
      <![CDATA[java.lang.AssertionError: expected [https://opensource-demo.orangehrmlive.com/index.php/dashboard] but found [https://demo.nopcommerce.com/computers]
at test.VerifyHeadersOfApplicationWithHardAssert.toVerifyComputersTab(VerifyHeadersOfApplicationWithHardAssert.java:162)
at java.base/java.util.concurrent.ThreadPoolExecutor.runWorker(ThreadPoolExecutor.java:1130)
at java.base/java.util.concurrent.ThreadPoolExecutor$Worker.run(ThreadPoolExecutor.java:630)
at java.base/java.lang.Thread.run(Thread.java:831)
... Removed 18 stack frames]]>
    </failure>
  </testcase> <!-- toVerifyComputersTab -->
  <testcase classname="test.VerifyHeadersOfApplicationWithSoftAssert" name="toVerifyDigitalDownloadsTab" time="1.566">
    <failure type="java.lang.AssertionError" message="The following asserts failed:
	expected [http://localhost/user/submit_tt.do] but found [https://demo.nopcommerce.com/apparel],
	expected [actiTIME - Enter Time-Track] but found [nopCommerce demo store. Apparel],
	expected [http://localhost/user/submit_tt.do] but found [https://demo.nopcommerce.com/books],
	expected [actiTIME - Enter Time-Track] but found [nopCommerce demo store. Books],
	expected [http://localhost/user/submit_tt.do] but found [https://demo.nopcommerce.com/],
	expected [actiTIME - Enter Time-Track] but found [nopCommerce demo store],
	expected [http://localhost/user/submit_tt.do] but found [https://demo.nopcommerce.com/computers],
	expected [actiTIME - Enter Time-Track] but found [nopCommerce demo store. Computers],
	expected [http://localhost/user/submit_tt.do] but found [https://demo.nopcommerce.com/digital-downloads],
	expected [actiTIME - Enter Time-Track] but found [nopCommerce demo store. Digital downloads]">
      <![CDATA[java.lang.AssertionError: The following asserts failed:
expected [http://localhost/user/submit_tt.do] but found [https://demo.nopcommerce.com/apparel],
expected [actiTIME - Enter Time-Track] but found [nopCommerce demo store. Apparel],
expected [http://localhost/user/submit_tt.do] but found [https://demo.nopcommerce.com/books],
expected [actiTIME - Enter Time-Track] but found [nopCommerce demo store. Books],
expected [http://localhost/user/submit_tt.do] but found [https://demo.nopcommerce.com/],
expected [actiTIME - Enter Time-Track] but found [nopCommerce demo store],
expected [http://localhost/user/submit_tt.do] but found [https://demo.nopcommerce.com/computers],
expected [actiTIME - Enter Time-Track] but found [nopCommerce demo store. Computers],
expected [http://localhost/user/submit_tt.do] but found [https://demo.nopcommerce.com/digital-downloads],
expected [actiTIME - Enter Time-Track] but found [nopCommerce demo store. Digital downloads]
at test.VerifyHeadersOfApplicationWithSoftAssert.toVerifyDigitalDownloadsTab(VerifyHeadersOfApplicationWithSoftAssert.java:122)
at java.base/java.util.concurrent.ThreadPoolExecutor.runWorker(ThreadPoolExecutor.java:1130)
at java.base/java.util.concurrent.ThreadPoolExecutor$Worker.run(ThreadPoolExecutor.java:630)
at java.base/java.lang.Thread.run(Thread.java:831)
... Removed 14 stack frames]]>
    </failure>
  </testcase> <!-- toVerifyDigitalDownloadsTab -->
  <testcase classname="test.VerifyHeadersOfApplicationWithHardAssert" name="toVerifyDigitalDownloadsTab" time="1.907">
    <failure type="java.lang.AssertionError" message="expected [https://opensource-demo.orangehrmlive.com/index.php/dashboard] but found [https://demo.nopcommerce.com/digital-downloads]">
      <![CDATA[java.lang.AssertionError: expected [https://opensource-demo.orangehrmlive.com/index.php/dashboard] but found [https://demo.nopcommerce.com/digital-downloads]
at test.VerifyHeadersOfApplicationWithHardAssert.toVerifyDigitalDownloadsTab(VerifyHeadersOfApplicationWithHardAssert.java:118)
at java.base/java.util.concurrent.ThreadPoolExecutor.runWorker(ThreadPoolExecutor.java:1130)
at java.base/java.util.concurrent.ThreadPoolExecutor$Worker.run(ThreadPoolExecutor.java:630)
at java.base/java.lang.Thread.run(Thread.java:831)
... Removed 18 stack frames]]>
    </failure>
  </testcase> <!-- toVerifyDigitalDownloadsTab -->
  <testcase classname="test.VerifyHeadersOfApplicationWithSoftAssert" name="toVerifyElectronicsPage" time="2.982">
    <failure type="java.lang.AssertionError" message="The following asserts failed:
	expected [http://localhost/user/submit_tt.do] but found [https://demo.nopcommerce.com/apparel],
	expected [actiTIME - Enter Time-Track] but found [nopCommerce demo store. Apparel],
	expected [http://localhost/user/submit_tt.do] but found [https://demo.nopcommerce.com/books],
	expected [actiTIME - Enter Time-Track] but found [nopCommerce demo store. Books],
	expected [http://localhost/user/submit_tt.do] but found [https://demo.nopcommerce.com/],
	expected [actiTIME - Enter Time-Track] but found [nopCommerce demo store],
	expected [http://localhost/user/submit_tt.do] but found [https://demo.nopcommerce.com/computers],
	expected [actiTIME - Enter Time-Track] but found [nopCommerce demo store. Computers],
	expected [http://localhost/user/submit_tt.do] but found [https://demo.nopcommerce.com/digital-downloads],
	expected [actiTIME - Enter Time-Track] but found [nopCommerce demo store. Digital downloads],
	expected [http://localhost/user/submit_tt.do] but found [https://demo.nopcommerce.com/electronics],
	expected [actiTIME - Enter Time-Track] but found [nopCommerce demo store. Electronics]">
      <![CDATA[java.lang.AssertionError: The following asserts failed:
expected [http://localhost/user/submit_tt.do] but found [https://demo.nopcommerce.com/apparel],
expected [actiTIME - Enter Time-Track] but found [nopCommerce demo store. Apparel],
expected [http://localhost/user/submit_tt.do] but found [https://demo.nopcommerce.com/books],
expected [actiTIME - Enter Time-Track] but found [nopCommerce demo store. Books],
expected [http://localhost/user/submit_tt.do] but found [https://demo.nopcommerce.com/],
expected [actiTIME - Enter Time-Track] but found [nopCommerce demo store],
expected [http://localhost/user/submit_tt.do] but found [https://demo.nopcommerce.com/computers],
expected [actiTIME - Enter Time-Track] but found [nopCommerce demo store. Computers],
expected [http://localhost/user/submit_tt.do] but found [https://demo.nopcommerce.com/digital-downloads],
expected [actiTIME - Enter Time-Track] but found [nopCommerce demo store. Digital downloads],
expected [http://localhost/user/submit_tt.do] but found [https://demo.nopcommerce.com/electronics],
expected [actiTIME - Enter Time-Track] but found [nopCommerce demo store. Electronics]
at test.VerifyHeadersOfApplicationWithSoftAssert.toVerifyElectronicsPage(VerifyHeadersOfApplicationWithSoftAssert.java:218)
at java.base/java.util.concurrent.ThreadPoolExecutor.runWorker(ThreadPoolExecutor.java:1130)
at java.base/java.util.concurrent.ThreadPoolExecutor$Worker.run(ThreadPoolExecutor.java:630)
at java.base/java.lang.Thread.run(Thread.java:831)
... Removed 14 stack frames]]>
    </failure>
  </testcase> <!-- toVerifyElectronicsPage -->
  <testcase classname="test.VerifyHeadersOfApplicationWithHardAssert" name="toVerifyElectronicsPage" time="2.966">
    <failure type="java.lang.AssertionError" message="expected [https://opensource-demo.orangehrmlive.com/index.php/dashboard] but found [https://demo.nopcommerce.com/electronics]">
      <![CDATA[java.lang.AssertionError: expected [https://opensource-demo.orangehrmlive.com/index.php/dashboard] but found [https://demo.nopcommerce.com/electronics]
at test.VerifyHeadersOfApplicationWithHardAssert.toVerifyElectronicsPage(VerifyHeadersOfApplicationWithHardAssert.java:206)
at java.base/java.util.concurrent.ThreadPoolExecutor.runWorker(ThreadPoolExecutor.java:1130)
at java.base/java.util.concurrent.ThreadPoolExecutor$Worker.run(ThreadPoolExecutor.java:630)
at java.base/java.lang.Thread.run(Thread.java:831)
... Removed 18 stack frames]]>
    </failure>
  </testcase> <!-- toVerifyElectronicsPage -->
  <testcase classname="test.VerifyHeadersOfApplicationWithSoftAssert" name="toVerifyElectronicsTab" time="0.264">
    <failure type="java.lang.AssertionError" message="The following asserts failed:
	expected [http://localhost/user/submit_tt.do] but found [https://demo.nopcommerce.com/apparel],
	expected [actiTIME - Enter Time-Track] but found [nopCommerce demo store. Apparel],
	expected [http://localhost/user/submit_tt.do] but found [https://demo.nopcommerce.com/books],
	expected [actiTIME - Enter Time-Track] but found [nopCommerce demo store. Books],
	expected [http://localhost/user/submit_tt.do] but found [https://demo.nopcommerce.com/],
	expected [actiTIME - Enter Time-Track] but found [nopCommerce demo store],
	expected [http://localhost/user/submit_tt.do] but found [https://demo.nopcommerce.com/computers],
	expected [actiTIME - Enter Time-Track] but found [nopCommerce demo store. Computers],
	expected [http://localhost/user/submit_tt.do] but found [https://demo.nopcommerce.com/digital-downloads],
	expected [actiTIME - Enter Time-Track] but found [nopCommerce demo store. Digital downloads],
	expected [http://localhost/user/submit_tt.do] but found [https://demo.nopcommerce.com/electronics],
	expected [actiTIME - Enter Time-Track] but found [nopCommerce demo store. Electronics],
	expected [http://localhost/user/submit_tt.do] but found [https://demo.nopcommerce.com/],
	expected [actiTIME - Enter Time-Track] but found [nopCommerce demo store]">
      <![CDATA[java.lang.AssertionError: The following asserts failed:
expected [http://localhost/user/submit_tt.do] but found [https://demo.nopcommerce.com/apparel],
expected [actiTIME - Enter Time-Track] but found [nopCommerce demo store. Apparel],
expected [http://localhost/user/submit_tt.do] but found [https://demo.nopcommerce.com/books],
expected [actiTIME - Enter Time-Track] but found [nopCommerce demo store. Books],
expected [http://localhost/user/submit_tt.do] but found [https://demo.nopcommerce.com/],
expected [actiTIME - Enter Time-Track] but found [nopCommerce demo store],
expected [http://localhost/user/submit_tt.do] but found [https://demo.nopcommerce.com/computers],
expected [actiTIME - Enter Time-Track] but found [nopCommerce demo store. Computers],
expected [http://localhost/user/submit_tt.do] but found [https://demo.nopcommerce.com/digital-downloads],
expected [actiTIME - Enter Time-Track] but found [nopCommerce demo store. Digital downloads],
expected [http://localhost/user/submit_tt.do] but found [https://demo.nopcommerce.com/electronics],
expected [actiTIME - Enter Time-Track] but found [nopCommerce demo store. Electronics],
expected [http://localhost/user/submit_tt.do] but found [https://demo.nopcommerce.com/],
expected [actiTIME - Enter Time-Track] but found [nopCommerce demo store]
at test.VerifyHeadersOfApplicationWithSoftAssert.toVerifyElectronicsTab(VerifyHeadersOfApplicationWithSoftAssert.java:98)
at java.base/java.util.concurrent.ThreadPoolExecutor.runWorker(ThreadPoolExecutor.java:1130)
at java.base/java.util.concurrent.ThreadPoolExecutor$Worker.run(ThreadPoolExecutor.java:630)
at java.base/java.lang.Thread.run(Thread.java:831)
... Removed 14 stack frames]]>
    </failure>
  </testcase> <!-- toVerifyElectronicsTab -->
  <testcase classname="test.VerifyHeadersOfApplicationWithHardAssert" name="toVerifyElectronicsTab" time="0.299">
    <failure type="java.lang.AssertionError" message="expected [https://opensource-demo.orangehrmlive.com/index.php/dashboard] but found [https://demo.nopcommerce.com/]">
      <![CDATA[java.lang.AssertionError: expected [https://opensource-demo.orangehrmlive.com/index.php/dashboard] but found [https://demo.nopcommerce.com/]
at test.VerifyHeadersOfApplicationWithHardAssert.toVerifyElectronicsTab(VerifyHeadersOfApplicationWithHardAssert.java:96)
at java.base/java.util.concurrent.ThreadPoolExecutor.runWorker(ThreadPoolExecutor.java:1130)
at java.base/java.util.concurrent.ThreadPoolExecutor$Worker.run(ThreadPoolExecutor.java:630)
at java.base/java.lang.Thread.run(Thread.java:831)
... Removed 18 stack frames]]>
    </failure>
  </testcase> <!-- toVerifyElectronicsTab -->
  <testcase classname="test.VerifyHeadersOfApplicationWithSoftAssert" name="toVerifyGiftCardsTab" time="1.449">
    <failure type="java.lang.AssertionError" message="The following asserts failed:
	expected [http://localhost/user/submit_tt.do] but found [https://demo.nopcommerce.com/apparel],
	expected [actiTIME - Enter Time-Track] but found [nopCommerce demo store. Apparel],
	expected [http://localhost/user/submit_tt.do] but found [https://demo.nopcommerce.com/books],
	expected [actiTIME - Enter Time-Track] but found [nopCommerce demo store. Books],
	expected [http://localhost/user/submit_tt.do] but found [https://demo.nopcommerce.com/],
	expected [actiTIME - Enter Time-Track] but found [nopCommerce demo store],
	expected [http://localhost/user/submit_tt.do] but found [https://demo.nopcommerce.com/computers],
	expected [actiTIME - Enter Time-Track] but found [nopCommerce demo store. Computers],
	expected [http://localhost/user/submit_tt.do] but found [https://demo.nopcommerce.com/digital-downloads],
	expected [actiTIME - Enter Time-Track] but found [nopCommerce demo store. Digital downloads],
	expected [http://localhost/user/submit_tt.do] but found [https://demo.nopcommerce.com/electronics],
	expected [actiTIME - Enter Time-Track] but found [nopCommerce demo store. Electronics],
	expected [http://localhost/user/submit_tt.do] but found [https://demo.nopcommerce.com/],
	expected [actiTIME - Enter Time-Track] but found [nopCommerce demo store],
	expected [http://localhost/user/submit_tt.do] but found [https://demo.nopcommerce.com/gift-cards],
	expected [actiTIME - Enter Time-Track] but found [nopCommerce demo store. Gift Cards]">
      <![CDATA[java.lang.AssertionError: The following asserts failed:
expected [http://localhost/user/submit_tt.do] but found [https://demo.nopcommerce.com/apparel],
expected [actiTIME - Enter Time-Track] but found [nopCommerce demo store. Apparel],
expected [http://localhost/user/submit_tt.do] but found [https://demo.nopcommerce.com/books],
expected [actiTIME - Enter Time-Track] but found [nopCommerce demo store. Books],
expected [http://localhost/user/submit_tt.do] but found [https://demo.nopcommerce.com/],
expected [actiTIME - Enter Time-Track] but found [nopCommerce demo store],
expected [http://localhost/user/submit_tt.do] but found [https://demo.nopcommerce.com/computers],
expected [actiTIME - Enter Time-Track] but found [nopCommerce demo store. Computers],
expected [http://localhost/user/submit_tt.do] but found [https://demo.nopcommerce.com/digital-downloads],
expected [actiTIME - Enter Time-Track] but found [nopCommerce demo store. Digital downloads],
expected [http://localhost/user/submit_tt.do] but found [https://demo.nopcommerce.com/electronics],
expected [actiTIME - Enter Time-Track] but found [nopCommerce demo store. Electronics],
expected [http://localhost/user/submit_tt.do] but found [https://demo.nopcommerce.com/],
expected [actiTIME - Enter Time-Track] but found [nopCommerce demo store],
expected [http://localhost/user/submit_tt.do] but found [https://demo.nopcommerce.com/gift-cards],
expected [actiTIME - Enter Time-Track] but found [nopCommerce demo store. Gift Cards]
at test.VerifyHeadersOfApplicationWithSoftAssert.toVerifyGiftCardsTab(VerifyHeadersOfApplicationWithSoftAssert.java:158)
at java.base/java.util.concurrent.ThreadPoolExecutor.runWorker(ThreadPoolExecutor.java:1130)
at java.base/java.util.concurrent.ThreadPoolExecutor$Worker.run(ThreadPoolExecutor.java:630)
at java.base/java.lang.Thread.run(Thread.java:831)
... Removed 14 stack frames]]>
    </failure>
  </testcase> <!-- toVerifyGiftCardsTab -->
  <testcase classname="test.VerifyHeadersOfApplicationWithHardAssert" name="toVerifyGiftCardsTab" time="3.087">
    <failure type="java.lang.AssertionError" message="expected [https://opensource-demo.orangehrmlive.com/index.php/dashboard] but found [https://demo.nopcommerce.com/gift-cards]">
      <![CDATA[java.lang.AssertionError: expected [https://opensource-demo.orangehrmlive.com/index.php/dashboard] but found [https://demo.nopcommerce.com/gift-cards]
at test.VerifyHeadersOfApplicationWithHardAssert.toVerifyGiftCardsTab(VerifyHeadersOfApplicationWithHardAssert.java:151)
at java.base/java.util.concurrent.ThreadPoolExecutor.runWorker(ThreadPoolExecutor.java:1130)
at java.base/java.util.concurrent.ThreadPoolExecutor$Worker.run(ThreadPoolExecutor.java:630)
at java.base/java.lang.Thread.run(Thread.java:831)
... Removed 18 stack frames]]>
    </failure>
  </testcase> <!-- toVerifyGiftCardsTab -->
  <testcase classname="test.VerifyHeadersOfApplicationWithSoftAssert" name="toVerifyJewelryTab" time="2.664">
    <failure type="java.lang.AssertionError" message="The following asserts failed:
	expected [http://localhost/user/submit_tt.do] but found [https://demo.nopcommerce.com/apparel],
	expected [actiTIME - Enter Time-Track] but found [nopCommerce demo store. Apparel],
	expected [http://localhost/user/submit_tt.do] but found [https://demo.nopcommerce.com/books],
	expected [actiTIME - Enter Time-Track] but found [nopCommerce demo store. Books],
	expected [http://localhost/user/submit_tt.do] but found [https://demo.nopcommerce.com/],
	expected [actiTIME - Enter Time-Track] but found [nopCommerce demo store],
	expected [http://localhost/user/submit_tt.do] but found [https://demo.nopcommerce.com/computers],
	expected [actiTIME - Enter Time-Track] but found [nopCommerce demo store. Computers],
	expected [http://localhost/user/submit_tt.do] but found [https://demo.nopcommerce.com/digital-downloads],
	expected [actiTIME - Enter Time-Track] but found [nopCommerce demo store. Digital downloads],
	expected [http://localhost/user/submit_tt.do] but found [https://demo.nopcommerce.com/electronics],
	expected [actiTIME - Enter Time-Track] but found [nopCommerce demo store. Electronics],
	expected [http://localhost/user/submit_tt.do] but found [https://demo.nopcommerce.com/],
	expected [actiTIME - Enter Time-Track] but found [nopCommerce demo store],
	expected [http://localhost/user/submit_tt.do] but found [https://demo.nopcommerce.com/gift-cards],
	expected [actiTIME - Enter Time-Track] but found [nopCommerce demo store. Gift Cards],
	expected [http://localhost/user/submit_tt.do] but found [https://demo.nopcommerce.com/jewelry],
	expected [actiTIME - Enter Time-Track] but found [nopCommerce demo store. Jewelry]">
      <![CDATA[java.lang.AssertionError: The following asserts failed:
expected [http://localhost/user/submit_tt.do] but found [https://demo.nopcommerce.com/apparel],
expected [actiTIME - Enter Time-Track] but found [nopCommerce demo store. Apparel],
expected [http://localhost/user/submit_tt.do] but found [https://demo.nopcommerce.com/books],
expected [actiTIME - Enter Time-Track] but found [nopCommerce demo store. Books],
expected [http://localhost/user/submit_tt.do] but found [https://demo.nopcommerce.com/],
expected [actiTIME - Enter Time-Track] but found [nopCommerce demo store],
expected [http://localhost/user/submit_tt.do] but found [https://demo.nopcommerce.com/computers],
expected [actiTIME - Enter Time-Track] but found [nopCommerce demo store. Computers],
expected [http://localhost/user/submit_tt.do] but found [https://demo.nopcommerce.com/digital-downloads],
expected [actiTIME - Enter Time-Track] but found [nopCommerce demo store. Digital downloads],
expected [http://localhost/user/submit_tt.do] but found [https://demo.nopcommerce.com/electronics],
expected [actiTIME - Enter Time-Track] but found [nopCommerce demo store. Electronics],
expected [http://localhost/user/submit_tt.do] but found [https://demo.nopcommerce.com/],
expected [actiTIME - Enter Time-Track] but found [nopCommerce demo store],
expected [http://localhost/user/submit_tt.do] but found [https://demo.nopcommerce.com/gift-cards],
expected [actiTIME - Enter Time-Track] but found [nopCommerce demo store. Gift Cards],
expected [http://localhost/user/submit_tt.do] but found [https://demo.nopcommerce.com/jewelry],
expected [actiTIME - Enter Time-Track] but found [nopCommerce demo store. Jewelry]
at test.VerifyHeadersOfApplicationWithSoftAssert.toVerifyJewelryTab(VerifyHeadersOfApplicationWithSoftAssert.java:146)
at java.base/java.util.concurrent.ThreadPoolExecutor.runWorker(ThreadPoolExecutor.java:1130)
at java.base/java.util.concurrent.ThreadPoolExecutor$Worker.run(ThreadPoolExecutor.java:630)
at java.base/java.lang.Thread.run(Thread.java:831)
... Removed 14 stack frames]]>
    </failure>
  </testcase> <!-- toVerifyJewelryTab -->
  <testcase classname="test.VerifyHeadersOfApplicationWithHardAssert" name="toVerifyJewelryTab" time="1.347">
    <failure type="java.lang.AssertionError" message="expected [https://opensource-demo.orangehrmlive.com/index.php/dashboard] but found [https://demo.nopcommerce.com/jewelry]">
      <![CDATA[java.lang.AssertionError: expected [https://opensource-demo.orangehrmlive.com/index.php/dashboard] but found [https://demo.nopcommerce.com/jewelry]
at test.VerifyHeadersOfApplicationWithHardAssert.toVerifyJewelryTab(VerifyHeadersOfApplicationWithHardAssert.java:140)
at java.base/java.util.concurrent.ThreadPoolExecutor.runWorker(ThreadPoolExecutor.java:1130)
at java.base/java.util.concurrent.ThreadPoolExecutor$Worker.run(ThreadPoolExecutor.java:630)
at java.base/java.lang.Thread.run(Thread.java:831)
... Removed 18 stack frames]]>
    </failure>
  </testcase> <!-- toVerifyJewelryTab -->
  <testcase classname="test.VerifyHeadersOfApplicationWithSoftAssert" name="toVerifyOpenDesktopsTab" time="20.141">
    <failure type="org.openqa.selenium.TimeoutException" message="Expected condition failed: waiting for visibility of Proxy element for: DefaultElementLocator &amp;apos;By.xpath: //img[@alt=&amp;apos;Picture for category Desktops&amp;apos;]&amp;apos; (tried for 10 second(s) with 500 milliseconds interval)">
      <![CDATA[org.openqa.selenium.TimeoutException: Expected condition failed: waiting for visibility of Proxy element for: DefaultElementLocator 'By.xpath: //img[@alt='Picture for category Desktops']' (tried for 10 second(s) with 500 milliseconds interval)
at org.openqa.selenium.support.ui.WebDriverWait.timeoutException(WebDriverWait.java:95)
at org.openqa.selenium.support.ui.FluentWait.until(FluentWait.java:272)
at pom.ComputerPage.openDesktopsPage(ComputerPage.java:45)
at test.VerifyHeadersOfApplicationWithSoftAssert.toVerifyOpenDesktopsTab(VerifyHeadersOfApplicationWithSoftAssert.java:177)
at java.base/java.util.concurrent.ThreadPoolExecutor.runWorker(ThreadPoolExecutor.java:1130)
at java.base/java.util.concurrent.ThreadPoolExecutor$Worker.run(ThreadPoolExecutor.java:630)
at java.base/java.lang.Thread.run(Thread.java:831)
Caused by: org.openqa.selenium.NoSuchElementException: no such element: Unable to locate element: {"method":"xpath","selector":"//img[@alt='Picture for category Desktops']"}
  (Session info: chrome=98.0.4758.82)
For documentation on this error, please visit: https://www.seleniumhq.org/exceptions/no_such_element.html
Build info: version: '3.141.59', revision: 'e82be7d358', time: '2018-11-14T08:17:03'
System info: host: 'DESKTOP-LLE4103', ip: '192.168.43.156', os.name: 'Windows 10', os.arch: 'amd64', os.version: '10.0', java.version: '16.0.2'
Driver info: org.openqa.selenium.chrome.ChromeDriver
Capabilities {acceptInsecureCerts: false, browserName: chrome, browserVersion: 98.0.4758.82, chrome: {chromedriverVersion: 97.0.4692.71 (adefa7837d02a..., userDataDir: C:\Users\admin\AppData\Loca...}, goog:chromeOptions: {debuggerAddress: localhost:53399}, javascriptEnabled: true, networkConnectionEnabled: false, pageLoadStrategy: normal, platform: WINDOWS, platformName: WINDOWS, proxy: Proxy(), setWindowRect: true, strictFileInteractability: false, timeouts: {implicit: 0, pageLoad: 300000, script: 30000}, unhandledPromptBehavior: dismiss and notify, webauthn:extension:credBlob: true, webauthn:extension:largeBlob: true, webauthn:virtualAuthenticators: true}
Session ID: 29952882f2a5e3c2b0ec429d821287f5
*** Element info: {Using=xpath, value=//img[@alt='Picture for category Desktops']}
at org.openqa.selenium.remote.http.W3CHttpResponseCodec.createException(W3CHttpResponseCodec.java:187)
at org.openqa.selenium.remote.http.W3CHttpResponseCodec.decode(W3CHttpResponseCodec.java:122)
at org.openqa.selenium.remote.http.W3CHttpResponseCodec.decode(W3CHttpResponseCodec.java:49)
at org.openqa.selenium.remote.HttpCommandExecutor.execute(HttpCommandExecutor.java:158)
at org.openqa.selenium.remote.service.DriverCommandExecutor.execute(DriverCommandExecutor.java:83)
at org.openqa.selenium.remote.RemoteWebDriver.execute(RemoteWebDriver.java:552)
at org.openqa.selenium.remote.RemoteWebDriver.findElement(RemoteWebDriver.java:323)
at org.openqa.selenium.remote.RemoteWebDriver.findElementByXPath(RemoteWebDriver.java:428)
at org.openqa.selenium.By$ByXPath.findElement(By.java:353)
at org.openqa.selenium.remote.RemoteWebDriver.findElement(RemoteWebDriver.java:315)
at org.openqa.selenium.support.pagefactory.DefaultElementLocator.findElement(DefaultElementLocator.java:69)
at org.openqa.selenium.support.pagefactory.internal.LocatingElementHandler.invoke(LocatingElementHandler.java:38)
at jdk.proxy2/jdk.proxy2.$Proxy17.isDisplayed(Unknown Source)
at org.openqa.selenium.support.ui.ExpectedConditions.elementIfVisible(ExpectedConditions.java:314)
at org.openqa.selenium.support.ui.ExpectedConditions.access$000(ExpectedConditions.java:43)
at org.openqa.selenium.support.ui.ExpectedConditions$10.apply(ExpectedConditions.java:300)
at org.openqa.selenium.support.ui.ExpectedConditions$10.apply(ExpectedConditions.java:297)
at org.openqa.selenium.support.ui.FluentWait.until(FluentWait.java:249)
... 17 more
... Removed 17 stack frames]]>
    </failure>
  </testcase> <!-- toVerifyOpenDesktopsTab -->
  <testcase classname="test.VerifyHeadersOfApplicationWithHardAssert" name="toVerifyOpenDesktopsTab" time="20.149">
    <failure type="org.openqa.selenium.TimeoutException" message="Expected condition failed: waiting for visibility of Proxy element for: DefaultElementLocator &amp;apos;By.xpath: //img[@alt=&amp;apos;Picture for category Desktops&amp;apos;]&amp;apos; (tried for 10 second(s) with 500 milliseconds interval)">
      <![CDATA[org.openqa.selenium.TimeoutException: Expected condition failed: waiting for visibility of Proxy element for: DefaultElementLocator 'By.xpath: //img[@alt='Picture for category Desktops']' (tried for 10 second(s) with 500 milliseconds interval)
at org.openqa.selenium.support.ui.WebDriverWait.timeoutException(WebDriverWait.java:95)
at org.openqa.selenium.support.ui.FluentWait.until(FluentWait.java:272)
at pom.ComputerPage.openDesktopsPage(ComputerPage.java:45)
at test.VerifyHeadersOfApplicationWithHardAssert.toVerifyOpenDesktopsTab(VerifyHeadersOfApplicationWithHardAssert.java:170)
at java.base/java.util.concurrent.ThreadPoolExecutor.runWorker(ThreadPoolExecutor.java:1130)
at java.base/java.util.concurrent.ThreadPoolExecutor$Worker.run(ThreadPoolExecutor.java:630)
at java.base/java.lang.Thread.run(Thread.java:831)
Caused by: org.openqa.selenium.NoSuchElementException: no such element: Unable to locate element: {"method":"xpath","selector":"//img[@alt='Picture for category Desktops']"}
  (Session info: chrome=98.0.4758.82)
For documentation on this error, please visit: https://www.seleniumhq.org/exceptions/no_such_element.html
Build info: version: '3.141.59', revision: 'e82be7d358', time: '2018-11-14T08:17:03'
System info: host: 'DESKTOP-LLE4103', ip: '192.168.43.156', os.name: 'Windows 10', os.arch: 'amd64', os.version: '10.0', java.version: '16.0.2'
Driver info: org.openqa.selenium.chrome.ChromeDriver
Capabilities {acceptInsecureCerts: false, browserName: chrome, browserVersion: 98.0.4758.82, chrome: {chromedriverVersion: 97.0.4692.71 (adefa7837d02a..., userDataDir: C:\Users\admin\AppData\Loca...}, goog:chromeOptions: {debuggerAddress: localhost:53380}, javascriptEnabled: true, networkConnectionEnabled: false, pageLoadStrategy: normal, platform: WINDOWS, platformName: WINDOWS, proxy: Proxy(), setWindowRect: true, strictFileInteractability: false, timeouts: {implicit: 0, pageLoad: 300000, script: 30000}, unhandledPromptBehavior: dismiss and notify, webauthn:extension:credBlob: true, webauthn:extension:largeBlob: true, webauthn:virtualAuthenticators: true}
Session ID: 2c6ee641da4daed1389df1fbd3910a6a
*** Element info: {Using=xpath, value=//img[@alt='Picture for category Desktops']}
at org.openqa.selenium.remote.http.W3CHttpResponseCodec.createException(W3CHttpResponseCodec.java:187)
at org.openqa.selenium.remote.http.W3CHttpResponseCodec.decode(W3CHttpResponseCodec.java:122)
at org.openqa.selenium.remote.http.W3CHttpResponseCodec.decode(W3CHttpResponseCodec.java:49)
at org.openqa.selenium.remote.HttpCommandExecutor.execute(HttpCommandExecutor.java:158)
at org.openqa.selenium.remote.service.DriverCommandExecutor.execute(DriverCommandExecutor.java:83)
at org.openqa.selenium.remote.RemoteWebDriver.execute(RemoteWebDriver.java:552)
at org.openqa.selenium.remote.RemoteWebDriver.findElement(RemoteWebDriver.java:323)
at org.openqa.selenium.remote.RemoteWebDriver.findElementByXPath(RemoteWebDriver.java:428)
at org.openqa.selenium.By$ByXPath.findElement(By.java:353)
at org.openqa.selenium.remote.RemoteWebDriver.findElement(RemoteWebDriver.java:315)
at org.openqa.selenium.support.pagefactory.DefaultElementLocator.findElement(DefaultElementLocator.java:69)
at org.openqa.selenium.support.pagefactory.internal.LocatingElementHandler.invoke(LocatingElementHandler.java:38)
at jdk.proxy2/jdk.proxy2.$Proxy17.isDisplayed(Unknown Source)
at org.openqa.selenium.support.ui.ExpectedConditions.elementIfVisible(ExpectedConditions.java:314)
at org.openqa.selenium.support.ui.ExpectedConditions.access$000(ExpectedConditions.java:43)
at org.openqa.selenium.support.ui.ExpectedConditions$10.apply(ExpectedConditions.java:300)
at org.openqa.selenium.support.ui.ExpectedConditions$10.apply(ExpectedConditions.java:297)
at org.openqa.selenium.support.ui.FluentWait.until(FluentWait.java:249)
... 17 more
... Removed 17 stack frames]]>
    </failure>
  </testcase> <!-- toVerifyOpenDesktopsTab -->
  <testcase classname="test.VerifyHeadersOfApplicationWithSoftAssert" name="toVerifyclickOnAddToCartPage" time="30.844">
    <failure type="org.openqa.selenium.TimeoutException" message="Expected condition failed: waiting for visibility of Proxy element for: DefaultElementLocator &amp;apos;By.xpath: //button[@id=&amp;apos;add-to-cart-button-3&amp;apos;]&amp;apos; (tried for 20 second(s) with 500 milliseconds interval)">
      <![CDATA[org.openqa.selenium.TimeoutException: Expected condition failed: waiting for visibility of Proxy element for: DefaultElementLocator 'By.xpath: //button[@id='add-to-cart-button-3']' (tried for 20 second(s) with 500 milliseconds interval)
at org.openqa.selenium.support.ui.WebDriverWait.timeoutException(WebDriverWait.java:95)
at org.openqa.selenium.support.ui.FluentWait.until(FluentWait.java:272)
at pom.ComputerPage.clickOnAddToCart(ComputerPage.java:57)
at test.VerifyHeadersOfApplicationWithSoftAssert.toVerifyclickOnAddToCartPage(VerifyHeadersOfApplicationWithSoftAssert.java:201)
at java.base/java.util.concurrent.ThreadPoolExecutor.runWorker(ThreadPoolExecutor.java:1130)
at java.base/java.util.concurrent.ThreadPoolExecutor$Worker.run(ThreadPoolExecutor.java:630)
at java.base/java.lang.Thread.run(Thread.java:831)
Caused by: org.openqa.selenium.NoSuchElementException: no such element: Unable to locate element: {"method":"xpath","selector":"//button[@id='add-to-cart-button-3']"}
  (Session info: chrome=98.0.4758.82)
For documentation on this error, please visit: https://www.seleniumhq.org/exceptions/no_such_element.html
Build info: version: '3.141.59', revision: 'e82be7d358', time: '2018-11-14T08:17:03'
System info: host: 'DESKTOP-LLE4103', ip: '192.168.43.156', os.name: 'Windows 10', os.arch: 'amd64', os.version: '10.0', java.version: '16.0.2'
Driver info: org.openqa.selenium.chrome.ChromeDriver
Capabilities {acceptInsecureCerts: false, browserName: chrome, browserVersion: 98.0.4758.82, chrome: {chromedriverVersion: 97.0.4692.71 (adefa7837d02a..., userDataDir: C:\Users\admin\AppData\Loca...}, goog:chromeOptions: {debuggerAddress: localhost:53399}, javascriptEnabled: true, networkConnectionEnabled: false, pageLoadStrategy: normal, platform: WINDOWS, platformName: WINDOWS, proxy: Proxy(), setWindowRect: true, strictFileInteractability: false, timeouts: {implicit: 0, pageLoad: 300000, script: 30000}, unhandledPromptBehavior: dismiss and notify, webauthn:extension:credBlob: true, webauthn:extension:largeBlob: true, webauthn:virtualAuthenticators: true}
Session ID: 29952882f2a5e3c2b0ec429d821287f5
*** Element info: {Using=xpath, value=//button[@id='add-to-cart-button-3']}
at org.openqa.selenium.remote.http.W3CHttpResponseCodec.createException(W3CHttpResponseCodec.java:187)
at org.openqa.selenium.remote.http.W3CHttpResponseCodec.decode(W3CHttpResponseCodec.java:122)
at org.openqa.selenium.remote.http.W3CHttpResponseCodec.decode(W3CHttpResponseCodec.java:49)
at org.openqa.selenium.remote.HttpCommandExecutor.execute(HttpCommandExecutor.java:158)
at org.openqa.selenium.remote.service.DriverCommandExecutor.execute(DriverCommandExecutor.java:83)
at org.openqa.selenium.remote.RemoteWebDriver.execute(RemoteWebDriver.java:552)
at org.openqa.selenium.remote.RemoteWebDriver.findElement(RemoteWebDriver.java:323)
at org.openqa.selenium.remote.RemoteWebDriver.findElementByXPath(RemoteWebDriver.java:428)
at org.openqa.selenium.By$ByXPath.findElement(By.java:353)
at org.openqa.selenium.remote.RemoteWebDriver.findElement(RemoteWebDriver.java:315)
at org.openqa.selenium.support.pagefactory.DefaultElementLocator.findElement(DefaultElementLocator.java:69)
at org.openqa.selenium.support.pagefactory.internal.LocatingElementHandler.invoke(LocatingElementHandler.java:38)
at jdk.proxy2/jdk.proxy2.$Proxy17.isDisplayed(Unknown Source)
at org.openqa.selenium.support.ui.ExpectedConditions.elementIfVisible(ExpectedConditions.java:314)
at org.openqa.selenium.support.ui.ExpectedConditions.access$000(ExpectedConditions.java:43)
at org.openqa.selenium.support.ui.ExpectedConditions$10.apply(ExpectedConditions.java:300)
at org.openqa.selenium.support.ui.ExpectedConditions$10.apply(ExpectedConditions.java:297)
at org.openqa.selenium.support.ui.FluentWait.until(FluentWait.java:249)
... 17 more
... Removed 17 stack frames]]>
    </failure>
  </testcase> <!-- toVerifyclickOnAddToCartPage -->
  <testcase classname="test.VerifyHeadersOfApplicationWithHardAssert" name="toVerifyclickOnAddToCartPage" time="30.666">
    <failure type="org.openqa.selenium.TimeoutException" message="Expected condition failed: waiting for visibility of Proxy element for: DefaultElementLocator &amp;apos;By.xpath: //button[@id=&amp;apos;add-to-cart-button-3&amp;apos;]&amp;apos; (tried for 20 second(s) with 500 milliseconds interval)">
      <![CDATA[org.openqa.selenium.TimeoutException: Expected condition failed: waiting for visibility of Proxy element for: DefaultElementLocator 'By.xpath: //button[@id='add-to-cart-button-3']' (tried for 20 second(s) with 500 milliseconds interval)
at org.openqa.selenium.support.ui.WebDriverWait.timeoutException(WebDriverWait.java:95)
at org.openqa.selenium.support.ui.FluentWait.until(FluentWait.java:272)
at pom.ComputerPage.clickOnAddToCart(ComputerPage.java:57)
at test.VerifyHeadersOfApplicationWithHardAssert.toVerifyclickOnAddToCartPage(VerifyHeadersOfApplicationWithHardAssert.java:192)
at java.base/java.util.concurrent.ThreadPoolExecutor.runWorker(ThreadPoolExecutor.java:1130)
at java.base/java.util.concurrent.ThreadPoolExecutor$Worker.run(ThreadPoolExecutor.java:630)
at java.base/java.lang.Thread.run(Thread.java:831)
Caused by: org.openqa.selenium.NoSuchElementException: no such element: Unable to locate element: {"method":"xpath","selector":"//button[@id='add-to-cart-button-3']"}
  (Session info: chrome=98.0.4758.82)
For documentation on this error, please visit: https://www.seleniumhq.org/exceptions/no_such_element.html
Build info: version: '3.141.59', revision: 'e82be7d358', time: '2018-11-14T08:17:03'
System info: host: 'DESKTOP-LLE4103', ip: '192.168.43.156', os.name: 'Windows 10', os.arch: 'amd64', os.version: '10.0', java.version: '16.0.2'
Driver info: org.openqa.selenium.chrome.ChromeDriver
Capabilities {acceptInsecureCerts: false, browserName: chrome, browserVersion: 98.0.4758.82, chrome: {chromedriverVersion: 97.0.4692.71 (adefa7837d02a..., userDataDir: C:\Users\admin\AppData\Loca...}, goog:chromeOptions: {debuggerAddress: localhost:53380}, javascriptEnabled: true, networkConnectionEnabled: false, pageLoadStrategy: normal, platform: WINDOWS, platformName: WINDOWS, proxy: Proxy(), setWindowRect: true, strictFileInteractability: false, timeouts: {implicit: 0, pageLoad: 300000, script: 30000}, unhandledPromptBehavior: dismiss and notify, webauthn:extension:credBlob: true, webauthn:extension:largeBlob: true, webauthn:virtualAuthenticators: true}
Session ID: 2c6ee641da4daed1389df1fbd3910a6a
*** Element info: {Using=xpath, value=//button[@id='add-to-cart-button-3']}
at org.openqa.selenium.remote.http.W3CHttpResponseCodec.createException(W3CHttpResponseCodec.java:187)
at org.openqa.selenium.remote.http.W3CHttpResponseCodec.decode(W3CHttpResponseCodec.java:122)
at org.openqa.selenium.remote.http.W3CHttpResponseCodec.decode(W3CHttpResponseCodec.java:49)
at org.openqa.selenium.remote.HttpCommandExecutor.execute(HttpCommandExecutor.java:158)
at org.openqa.selenium.remote.service.DriverCommandExecutor.execute(DriverCommandExecutor.java:83)
at org.openqa.selenium.remote.RemoteWebDriver.execute(RemoteWebDriver.java:552)
at org.openqa.selenium.remote.RemoteWebDriver.findElement(RemoteWebDriver.java:323)
at org.openqa.selenium.remote.RemoteWebDriver.findElementByXPath(RemoteWebDriver.java:428)
at org.openqa.selenium.By$ByXPath.findElement(By.java:353)
at org.openqa.selenium.remote.RemoteWebDriver.findElement(RemoteWebDriver.java:315)
at org.openqa.selenium.support.pagefactory.DefaultElementLocator.findElement(DefaultElementLocator.java:69)
at org.openqa.selenium.support.pagefactory.internal.LocatingElementHandler.invoke(LocatingElementHandler.java:38)
at jdk.proxy2/jdk.proxy2.$Proxy17.isDisplayed(Unknown Source)
at org.openqa.selenium.support.ui.ExpectedConditions.elementIfVisible(ExpectedConditions.java:314)
at org.openqa.selenium.support.ui.ExpectedConditions.access$000(ExpectedConditions.java:43)
at org.openqa.selenium.support.ui.ExpectedConditions$10.apply(ExpectedConditions.java:300)
at org.openqa.selenium.support.ui.ExpectedConditions$10.apply(ExpectedConditions.java:297)
at org.openqa.selenium.support.ui.FluentWait.until(FluentWait.java:249)
... 17 more
... Removed 17 stack frames]]>
    </failure>
  </testcase> <!-- toVerifyclickOnAddToCartPage -->
  <testcase classname="test.VerifyHeadersOfApplicationWithSoftAssert" name="toVerifyclickOnAddToCartTab" time="30.652">
    <failure type="org.openqa.selenium.TimeoutException" message="Expected condition failed: waiting for visibility of Proxy element for: DefaultElementLocator &amp;apos;By.xpath: //button[@id=&amp;apos;add-to-cart-button-14&amp;apos;]&amp;apos; (tried for 20 second(s) with 500 milliseconds interval)">
      <![CDATA[org.openqa.selenium.TimeoutException: Expected condition failed: waiting for visibility of Proxy element for: DefaultElementLocator 'By.xpath: //button[@id='add-to-cart-button-14']' (tried for 20 second(s) with 500 milliseconds interval)
at org.openqa.selenium.support.ui.WebDriverWait.timeoutException(WebDriverWait.java:95)
at org.openqa.selenium.support.ui.FluentWait.until(FluentWait.java:272)
at pom.ElectronicsPage.clickOnAddToCart(ElectronicsPage.java:57)
at test.VerifyHeadersOfApplicationWithSoftAssert.toVerifyclickOnAddToCartTab(VerifyHeadersOfApplicationWithSoftAssert.java:249)
at java.base/java.util.concurrent.ThreadPoolExecutor.runWorker(ThreadPoolExecutor.java:1130)
at java.base/java.util.concurrent.ThreadPoolExecutor$Worker.run(ThreadPoolExecutor.java:630)
at java.base/java.lang.Thread.run(Thread.java:831)
Caused by: org.openqa.selenium.NoSuchElementException: no such element: Unable to locate element: {"method":"xpath","selector":"//button[@id='add-to-cart-button-14']"}
  (Session info: chrome=98.0.4758.82)
For documentation on this error, please visit: https://www.seleniumhq.org/exceptions/no_such_element.html
Build info: version: '3.141.59', revision: 'e82be7d358', time: '2018-11-14T08:17:03'
System info: host: 'DESKTOP-LLE4103', ip: '192.168.43.156', os.name: 'Windows 10', os.arch: 'amd64', os.version: '10.0', java.version: '16.0.2'
Driver info: org.openqa.selenium.chrome.ChromeDriver
Capabilities {acceptInsecureCerts: false, browserName: chrome, browserVersion: 98.0.4758.82, chrome: {chromedriverVersion: 97.0.4692.71 (adefa7837d02a..., userDataDir: C:\Users\admin\AppData\Loca...}, goog:chromeOptions: {debuggerAddress: localhost:53399}, javascriptEnabled: true, networkConnectionEnabled: false, pageLoadStrategy: normal, platform: WINDOWS, platformName: WINDOWS, proxy: Proxy(), setWindowRect: true, strictFileInteractability: false, timeouts: {implicit: 0, pageLoad: 300000, script: 30000}, unhandledPromptBehavior: dismiss and notify, webauthn:extension:credBlob: true, webauthn:extension:largeBlob: true, webauthn:virtualAuthenticators: true}
Session ID: 29952882f2a5e3c2b0ec429d821287f5
*** Element info: {Using=xpath, value=//button[@id='add-to-cart-button-14']}
at org.openqa.selenium.remote.http.W3CHttpResponseCodec.createException(W3CHttpResponseCodec.java:187)
at org.openqa.selenium.remote.http.W3CHttpResponseCodec.decode(W3CHttpResponseCodec.java:122)
at org.openqa.selenium.remote.http.W3CHttpResponseCodec.decode(W3CHttpResponseCodec.java:49)
at org.openqa.selenium.remote.HttpCommandExecutor.execute(HttpCommandExecutor.java:158)
at org.openqa.selenium.remote.service.DriverCommandExecutor.execute(DriverCommandExecutor.java:83)
at org.openqa.selenium.remote.RemoteWebDriver.execute(RemoteWebDriver.java:552)
at org.openqa.selenium.remote.RemoteWebDriver.findElement(RemoteWebDriver.java:323)
at org.openqa.selenium.remote.RemoteWebDriver.findElementByXPath(RemoteWebDriver.java:428)
at org.openqa.selenium.By$ByXPath.findElement(By.java:353)
at org.openqa.selenium.remote.RemoteWebDriver.findElement(RemoteWebDriver.java:315)
at org.openqa.selenium.support.pagefactory.DefaultElementLocator.findElement(DefaultElementLocator.java:69)
at org.openqa.selenium.support.pagefactory.internal.LocatingElementHandler.invoke(LocatingElementHandler.java:38)
at jdk.proxy2/jdk.proxy2.$Proxy17.isDisplayed(Unknown Source)
at org.openqa.selenium.support.ui.ExpectedConditions.elementIfVisible(ExpectedConditions.java:314)
at org.openqa.selenium.support.ui.ExpectedConditions.access$000(ExpectedConditions.java:43)
at org.openqa.selenium.support.ui.ExpectedConditions$10.apply(ExpectedConditions.java:300)
at org.openqa.selenium.support.ui.ExpectedConditions$10.apply(ExpectedConditions.java:297)
at org.openqa.selenium.support.ui.FluentWait.until(FluentWait.java:249)
... 17 more
... Removed 16 stack frames]]>
    </failure>
  </testcase> <!-- toVerifyclickOnAddToCartTab -->
  <testcase classname="test.VerifyHeadersOfApplicationWithHardAssert" name="toVerifyclickOnAddToCartTab" time="30.79">
    <failure type="org.openqa.selenium.TimeoutException" message="Expected condition failed: waiting for visibility of Proxy element for: DefaultElementLocator &amp;apos;By.xpath: //button[@id=&amp;apos;add-to-cart-button-14&amp;apos;]&amp;apos; (tried for 20 second(s) with 500 milliseconds interval)">
      <![CDATA[org.openqa.selenium.TimeoutException: Expected condition failed: waiting for visibility of Proxy element for: DefaultElementLocator 'By.xpath: //button[@id='add-to-cart-button-14']' (tried for 20 second(s) with 500 milliseconds interval)
at org.openqa.selenium.support.ui.WebDriverWait.timeoutException(WebDriverWait.java:95)
at org.openqa.selenium.support.ui.FluentWait.until(FluentWait.java:272)
at pom.ElectronicsPage.clickOnAddToCart(ElectronicsPage.java:57)
at test.VerifyHeadersOfApplicationWithHardAssert.toVerifyclickOnAddToCartTab(VerifyHeadersOfApplicationWithHardAssert.java:236)
at java.base/java.util.concurrent.ThreadPoolExecutor.runWorker(ThreadPoolExecutor.java:1130)
at java.base/java.util.concurrent.ThreadPoolExecutor$Worker.run(ThreadPoolExecutor.java:630)
at java.base/java.lang.Thread.run(Thread.java:831)
Caused by: org.openqa.selenium.NoSuchElementException: no such element: Unable to locate element: {"method":"xpath","selector":"//button[@id='add-to-cart-button-14']"}
  (Session info: chrome=98.0.4758.82)
For documentation on this error, please visit: https://www.seleniumhq.org/exceptions/no_such_element.html
Build info: version: '3.141.59', revision: 'e82be7d358', time: '2018-11-14T08:17:03'
System info: host: 'DESKTOP-LLE4103', ip: '192.168.43.156', os.name: 'Windows 10', os.arch: 'amd64', os.version: '10.0', java.version: '16.0.2'
Driver info: org.openqa.selenium.chrome.ChromeDriver
Capabilities {acceptInsecureCerts: false, browserName: chrome, browserVersion: 98.0.4758.82, chrome: {chromedriverVersion: 97.0.4692.71 (adefa7837d02a..., userDataDir: C:\Users\admin\AppData\Loca...}, goog:chromeOptions: {debuggerAddress: localhost:53380}, javascriptEnabled: true, networkConnectionEnabled: false, pageLoadStrategy: normal, platform: WINDOWS, platformName: WINDOWS, proxy: Proxy(), setWindowRect: true, strictFileInteractability: false, timeouts: {implicit: 0, pageLoad: 300000, script: 30000}, unhandledPromptBehavior: dismiss and notify, webauthn:extension:credBlob: true, webauthn:extension:largeBlob: true, webauthn:virtualAuthenticators: true}
Session ID: 2c6ee641da4daed1389df1fbd3910a6a
*** Element info: {Using=xpath, value=//button[@id='add-to-cart-button-14']}
at org.openqa.selenium.remote.http.W3CHttpResponseCodec.createException(W3CHttpResponseCodec.java:187)
at org.openqa.selenium.remote.http.W3CHttpResponseCodec.decode(W3CHttpResponseCodec.java:122)
at org.openqa.selenium.remote.http.W3CHttpResponseCodec.decode(W3CHttpResponseCodec.java:49)
at org.openqa.selenium.remote.HttpCommandExecutor.execute(HttpCommandExecutor.java:158)
at org.openqa.selenium.remote.service.DriverCommandExecutor.execute(DriverCommandExecutor.java:83)
at org.openqa.selenium.remote.RemoteWebDriver.execute(RemoteWebDriver.java:552)
at org.openqa.selenium.remote.RemoteWebDriver.findElement(RemoteWebDriver.java:323)
at org.openqa.selenium.remote.RemoteWebDriver.findElementByXPath(RemoteWebDriver.java:428)
at org.openqa.selenium.By$ByXPath.findElement(By.java:353)
at org.openqa.selenium.remote.RemoteWebDriver.findElement(RemoteWebDriver.java:315)
at org.openqa.selenium.support.pagefactory.DefaultElementLocator.findElement(DefaultElementLocator.java:69)
at org.openqa.selenium.support.pagefactory.internal.LocatingElementHandler.invoke(LocatingElementHandler.java:38)
at jdk.proxy2/jdk.proxy2.$Proxy17.isDisplayed(Unknown Source)
at org.openqa.selenium.support.ui.ExpectedConditions.elementIfVisible(ExpectedConditions.java:314)
at org.openqa.selenium.support.ui.ExpectedConditions.access$000(ExpectedConditions.java:43)
at org.openqa.selenium.support.ui.ExpectedConditions$10.apply(ExpectedConditions.java:300)
at org.openqa.selenium.support.ui.ExpectedConditions$10.apply(ExpectedConditions.java:297)
at org.openqa.selenium.support.ui.FluentWait.until(FluentWait.java:249)
... 17 more
... Removed 16 stack frames]]>
    </failure>
  </testcase> <!-- toVerifyclickOnAddToCartTab -->
  <testcase classname="test.VerifyHeadersOfApplicationWithSoftAssert" name="toVerifyclickOnLenovoItemTab" time="20.14">
    <failure type="org.openqa.selenium.TimeoutException" message="Expected condition failed: waiting for visibility of Proxy element for: DefaultElementLocator &amp;apos;By.xpath: (//img[@alt=&amp;apos;Picture of Lenovo IdeaCentre 600 All-in-One PC&amp;apos;])[1]&amp;apos; (tried for 10 second(s) with 500 milliseconds interval)">
      <![CDATA[org.openqa.selenium.TimeoutException: Expected condition failed: waiting for visibility of Proxy element for: DefaultElementLocator 'By.xpath: (//img[@alt='Picture of Lenovo IdeaCentre 600 All-in-One PC'])[1]' (tried for 10 second(s) with 500 milliseconds interval)
at org.openqa.selenium.support.ui.WebDriverWait.timeoutException(WebDriverWait.java:95)
at org.openqa.selenium.support.ui.FluentWait.until(FluentWait.java:272)
at pom.ComputerPage.clickOnLenovoItem(ComputerPage.java:51)
at test.VerifyHeadersOfApplicationWithSoftAssert.toVerifyclickOnLenovoItemTab(VerifyHeadersOfApplicationWithSoftAssert.java:189)
at java.base/java.util.concurrent.ThreadPoolExecutor.runWorker(ThreadPoolExecutor.java:1130)
at java.base/java.util.concurrent.ThreadPoolExecutor$Worker.run(ThreadPoolExecutor.java:630)
at java.base/java.lang.Thread.run(Thread.java:831)
Caused by: org.openqa.selenium.NoSuchElementException: no such element: Unable to locate element: {"method":"xpath","selector":"(//img[@alt='Picture of Lenovo IdeaCentre 600 All-in-One PC'])[1]"}
  (Session info: chrome=98.0.4758.82)
For documentation on this error, please visit: https://www.seleniumhq.org/exceptions/no_such_element.html
Build info: version: '3.141.59', revision: 'e82be7d358', time: '2018-11-14T08:17:03'
System info: host: 'DESKTOP-LLE4103', ip: '192.168.43.156', os.name: 'Windows 10', os.arch: 'amd64', os.version: '10.0', java.version: '16.0.2'
Driver info: org.openqa.selenium.chrome.ChromeDriver
Capabilities {acceptInsecureCerts: false, browserName: chrome, browserVersion: 98.0.4758.82, chrome: {chromedriverVersion: 97.0.4692.71 (adefa7837d02a..., userDataDir: C:\Users\admin\AppData\Loca...}, goog:chromeOptions: {debuggerAddress: localhost:53399}, javascriptEnabled: true, networkConnectionEnabled: false, pageLoadStrategy: normal, platform: WINDOWS, platformName: WINDOWS, proxy: Proxy(), setWindowRect: true, strictFileInteractability: false, timeouts: {implicit: 0, pageLoad: 300000, script: 30000}, unhandledPromptBehavior: dismiss and notify, webauthn:extension:credBlob: true, webauthn:extension:largeBlob: true, webauthn:virtualAuthenticators: true}
Session ID: 29952882f2a5e3c2b0ec429d821287f5
*** Element info: {Using=xpath, value=(//img[@alt='Picture of Lenovo IdeaCentre 600 All-in-One PC'])[1]}
at org.openqa.selenium.remote.http.W3CHttpResponseCodec.createException(W3CHttpResponseCodec.java:187)
at org.openqa.selenium.remote.http.W3CHttpResponseCodec.decode(W3CHttpResponseCodec.java:122)
at org.openqa.selenium.remote.http.W3CHttpResponseCodec.decode(W3CHttpResponseCodec.java:49)
at org.openqa.selenium.remote.HttpCommandExecutor.execute(HttpCommandExecutor.java:158)
at org.openqa.selenium.remote.service.DriverCommandExecutor.execute(DriverCommandExecutor.java:83)
at org.openqa.selenium.remote.RemoteWebDriver.execute(RemoteWebDriver.java:552)
at org.openqa.selenium.remote.RemoteWebDriver.findElement(RemoteWebDriver.java:323)
at org.openqa.selenium.remote.RemoteWebDriver.findElementByXPath(RemoteWebDriver.java:428)
at org.openqa.selenium.By$ByXPath.findElement(By.java:353)
at org.openqa.selenium.remote.RemoteWebDriver.findElement(RemoteWebDriver.java:315)
at org.openqa.selenium.support.pagefactory.DefaultElementLocator.findElement(DefaultElementLocator.java:69)
at org.openqa.selenium.support.pagefactory.internal.LocatingElementHandler.invoke(LocatingElementHandler.java:38)
at jdk.proxy2/jdk.proxy2.$Proxy17.isDisplayed(Unknown Source)
at org.openqa.selenium.support.ui.ExpectedConditions.elementIfVisible(ExpectedConditions.java:314)
at org.openqa.selenium.support.ui.ExpectedConditions.access$000(ExpectedConditions.java:43)
at org.openqa.selenium.support.ui.ExpectedConditions$10.apply(ExpectedConditions.java:300)
at org.openqa.selenium.support.ui.ExpectedConditions$10.apply(ExpectedConditions.java:297)
at org.openqa.selenium.support.ui.FluentWait.until(FluentWait.java:249)
... 17 more
... Removed 16 stack frames]]>
    </failure>
  </testcase> <!-- toVerifyclickOnLenovoItemTab -->
  <testcase classname="test.VerifyHeadersOfApplicationWithHardAssert" name="toVerifyclickOnLenovoItemTab" time="20.153">
    <failure type="org.openqa.selenium.TimeoutException" message="Expected condition failed: waiting for visibility of Proxy element for: DefaultElementLocator &amp;apos;By.xpath: (//img[@alt=&amp;apos;Picture of Lenovo IdeaCentre 600 All-in-One PC&amp;apos;])[1]&amp;apos; (tried for 10 second(s) with 500 milliseconds interval)">
      <![CDATA[org.openqa.selenium.TimeoutException: Expected condition failed: waiting for visibility of Proxy element for: DefaultElementLocator 'By.xpath: (//img[@alt='Picture of Lenovo IdeaCentre 600 All-in-One PC'])[1]' (tried for 10 second(s) with 500 milliseconds interval)
at org.openqa.selenium.support.ui.WebDriverWait.timeoutException(WebDriverWait.java:95)
at org.openqa.selenium.support.ui.FluentWait.until(FluentWait.java:272)
at pom.ComputerPage.clickOnLenovoItem(ComputerPage.java:51)
at test.VerifyHeadersOfApplicationWithHardAssert.toVerifyclickOnLenovoItemTab(VerifyHeadersOfApplicationWithHardAssert.java:181)
at java.base/java.util.concurrent.ThreadPoolExecutor.runWorker(ThreadPoolExecutor.java:1130)
at java.base/java.util.concurrent.ThreadPoolExecutor$Worker.run(ThreadPoolExecutor.java:630)
at java.base/java.lang.Thread.run(Thread.java:831)
Caused by: org.openqa.selenium.NoSuchElementException: no such element: Unable to locate element: {"method":"xpath","selector":"(//img[@alt='Picture of Lenovo IdeaCentre 600 All-in-One PC'])[1]"}
  (Session info: chrome=98.0.4758.82)
For documentation on this error, please visit: https://www.seleniumhq.org/exceptions/no_such_element.html
Build info: version: '3.141.59', revision: 'e82be7d358', time: '2018-11-14T08:17:03'
System info: host: 'DESKTOP-LLE4103', ip: '192.168.43.156', os.name: 'Windows 10', os.arch: 'amd64', os.version: '10.0', java.version: '16.0.2'
Driver info: org.openqa.selenium.chrome.ChromeDriver
Capabilities {acceptInsecureCerts: false, browserName: chrome, browserVersion: 98.0.4758.82, chrome: {chromedriverVersion: 97.0.4692.71 (adefa7837d02a..., userDataDir: C:\Users\admin\AppData\Loca...}, goog:chromeOptions: {debuggerAddress: localhost:53380}, javascriptEnabled: true, networkConnectionEnabled: false, pageLoadStrategy: normal, platform: WINDOWS, platformName: WINDOWS, proxy: Proxy(), setWindowRect: true, strictFileInteractability: false, timeouts: {implicit: 0, pageLoad: 300000, script: 30000}, unhandledPromptBehavior: dismiss and notify, webauthn:extension:credBlob: true, webauthn:extension:largeBlob: true, webauthn:virtualAuthenticators: true}
Session ID: 2c6ee641da4daed1389df1fbd3910a6a
*** Element info: {Using=xpath, value=(//img[@alt='Picture of Lenovo IdeaCentre 600 All-in-One PC'])[1]}
at org.openqa.selenium.remote.http.W3CHttpResponseCodec.createException(W3CHttpResponseCodec.java:187)
at org.openqa.selenium.remote.http.W3CHttpResponseCodec.decode(W3CHttpResponseCodec.java:122)
at org.openqa.selenium.remote.http.W3CHttpResponseCodec.decode(W3CHttpResponseCodec.java:49)
at org.openqa.selenium.remote.HttpCommandExecutor.execute(HttpCommandExecutor.java:158)
at org.openqa.selenium.remote.service.DriverCommandExecutor.execute(DriverCommandExecutor.java:83)
at org.openqa.selenium.remote.RemoteWebDriver.execute(RemoteWebDriver.java:552)
at org.openqa.selenium.remote.RemoteWebDriver.findElement(RemoteWebDriver.java:323)
at org.openqa.selenium.remote.RemoteWebDriver.findElementByXPath(RemoteWebDriver.java:428)
at org.openqa.selenium.By$ByXPath.findElement(By.java:353)
at org.openqa.selenium.remote.RemoteWebDriver.findElement(RemoteWebDriver.java:315)
at org.openqa.selenium.support.pagefactory.DefaultElementLocator.findElement(DefaultElementLocator.java:69)
at org.openqa.selenium.support.pagefactory.internal.LocatingElementHandler.invoke(LocatingElementHandler.java:38)
at jdk.proxy2/jdk.proxy2.$Proxy17.isDisplayed(Unknown Source)
at org.openqa.selenium.support.ui.ExpectedConditions.elementIfVisible(ExpectedConditions.java:314)
at org.openqa.selenium.support.ui.ExpectedConditions.access$000(ExpectedConditions.java:43)
at org.openqa.selenium.support.ui.ExpectedConditions$10.apply(ExpectedConditions.java:300)
at org.openqa.selenium.support.ui.ExpectedConditions$10.apply(ExpectedConditions.java:297)
at org.openqa.selenium.support.ui.FluentWait.until(FluentWait.java:249)
... 17 more
... Removed 16 stack frames]]>
    </failure>
  </testcase> <!-- toVerifyclickOnLenovoItemTab -->
  <testcase classname="test.VerifyHeadersOfApplicationWithSoftAssert" name="toVerifyclickOnNikonItemTab" time="20.281">
    <failure type="org.openqa.selenium.TimeoutException" message="Expected condition failed: waiting for visibility of Proxy element for: DefaultElementLocator &amp;apos;By.xpath: //img[@alt=&amp;apos;Picture of Nikon D5500 DSLR&amp;apos;]&amp;apos; (tried for 10 second(s) with 500 milliseconds interval)">
      <![CDATA[org.openqa.selenium.TimeoutException: Expected condition failed: waiting for visibility of Proxy element for: DefaultElementLocator 'By.xpath: //img[@alt='Picture of Nikon D5500 DSLR']' (tried for 10 second(s) with 500 milliseconds interval)
at org.openqa.selenium.support.ui.WebDriverWait.timeoutException(WebDriverWait.java:95)
at org.openqa.selenium.support.ui.FluentWait.until(FluentWait.java:272)
at pom.ElectronicsPage.clickOnNikonItem(ElectronicsPage.java:51)
at test.VerifyHeadersOfApplicationWithSoftAssert.toVerifyclickOnNikonItemTab(VerifyHeadersOfApplicationWithSoftAssert.java:237)
at java.base/java.util.concurrent.ThreadPoolExecutor.runWorker(ThreadPoolExecutor.java:1130)
at java.base/java.util.concurrent.ThreadPoolExecutor$Worker.run(ThreadPoolExecutor.java:630)
at java.base/java.lang.Thread.run(Thread.java:831)
Caused by: org.openqa.selenium.NoSuchElementException: no such element: Unable to locate element: {"method":"xpath","selector":"//img[@alt='Picture of Nikon D5500 DSLR']"}
  (Session info: chrome=98.0.4758.82)
For documentation on this error, please visit: https://www.seleniumhq.org/exceptions/no_such_element.html
Build info: version: '3.141.59', revision: 'e82be7d358', time: '2018-11-14T08:17:03'
System info: host: 'DESKTOP-LLE4103', ip: '192.168.43.156', os.name: 'Windows 10', os.arch: 'amd64', os.version: '10.0', java.version: '16.0.2'
Driver info: org.openqa.selenium.chrome.ChromeDriver
Capabilities {acceptInsecureCerts: false, browserName: chrome, browserVersion: 98.0.4758.82, chrome: {chromedriverVersion: 97.0.4692.71 (adefa7837d02a..., userDataDir: C:\Users\admin\AppData\Loca...}, goog:chromeOptions: {debuggerAddress: localhost:53399}, javascriptEnabled: true, networkConnectionEnabled: false, pageLoadStrategy: normal, platform: WINDOWS, platformName: WINDOWS, proxy: Proxy(), setWindowRect: true, strictFileInteractability: false, timeouts: {implicit: 0, pageLoad: 300000, script: 30000}, unhandledPromptBehavior: dismiss and notify, webauthn:extension:credBlob: true, webauthn:extension:largeBlob: true, webauthn:virtualAuthenticators: true}
Session ID: 29952882f2a5e3c2b0ec429d821287f5
*** Element info: {Using=xpath, value=//img[@alt='Picture of Nikon D5500 DSLR']}
at org.openqa.selenium.remote.http.W3CHttpResponseCodec.createException(W3CHttpResponseCodec.java:187)
at org.openqa.selenium.remote.http.W3CHttpResponseCodec.decode(W3CHttpResponseCodec.java:122)
at org.openqa.selenium.remote.http.W3CHttpResponseCodec.decode(W3CHttpResponseCodec.java:49)
at org.openqa.selenium.remote.HttpCommandExecutor.execute(HttpCommandExecutor.java:158)
at org.openqa.selenium.remote.service.DriverCommandExecutor.execute(DriverCommandExecutor.java:83)
at org.openqa.selenium.remote.RemoteWebDriver.execute(RemoteWebDriver.java:552)
at org.openqa.selenium.remote.RemoteWebDriver.findElement(RemoteWebDriver.java:323)
at org.openqa.selenium.remote.RemoteWebDriver.findElementByXPath(RemoteWebDriver.java:428)
at org.openqa.selenium.By$ByXPath.findElement(By.java:353)
at org.openqa.selenium.remote.RemoteWebDriver.findElement(RemoteWebDriver.java:315)
at org.openqa.selenium.support.pagefactory.DefaultElementLocator.findElement(DefaultElementLocator.java:69)
at org.openqa.selenium.support.pagefactory.internal.LocatingElementHandler.invoke(LocatingElementHandler.java:38)
at jdk.proxy2/jdk.proxy2.$Proxy17.isDisplayed(Unknown Source)
at org.openqa.selenium.support.ui.ExpectedConditions.elementIfVisible(ExpectedConditions.java:314)
at org.openqa.selenium.support.ui.ExpectedConditions.access$000(ExpectedConditions.java:43)
at org.openqa.selenium.support.ui.ExpectedConditions$10.apply(ExpectedConditions.java:300)
at org.openqa.selenium.support.ui.ExpectedConditions$10.apply(ExpectedConditions.java:297)
at org.openqa.selenium.support.ui.FluentWait.until(FluentWait.java:249)
... 17 more
... Removed 16 stack frames]]>
    </failure>
  </testcase> <!-- toVerifyclickOnNikonItemTab -->
  <testcase classname="test.VerifyHeadersOfApplicationWithHardAssert" name="toVerifyclickOnNikonItemTab" time="20.164">
    <failure type="org.openqa.selenium.TimeoutException" message="Expected condition failed: waiting for visibility of Proxy element for: DefaultElementLocator &amp;apos;By.xpath: //img[@alt=&amp;apos;Picture of Nikon D5500 DSLR&amp;apos;]&amp;apos; (tried for 10 second(s) with 500 milliseconds interval)">
      <![CDATA[org.openqa.selenium.TimeoutException: Expected condition failed: waiting for visibility of Proxy element for: DefaultElementLocator 'By.xpath: //img[@alt='Picture of Nikon D5500 DSLR']' (tried for 10 second(s) with 500 milliseconds interval)
at org.openqa.selenium.support.ui.WebDriverWait.timeoutException(WebDriverWait.java:95)
at org.openqa.selenium.support.ui.FluentWait.until(FluentWait.java:272)
at pom.ElectronicsPage.clickOnNikonItem(ElectronicsPage.java:51)
at test.VerifyHeadersOfApplicationWithHardAssert.toVerifyclickOnNikonItemTab(VerifyHeadersOfApplicationWithHardAssert.java:225)
at java.base/java.util.concurrent.ThreadPoolExecutor.runWorker(ThreadPoolExecutor.java:1130)
at java.base/java.util.concurrent.ThreadPoolExecutor$Worker.run(ThreadPoolExecutor.java:630)
at java.base/java.lang.Thread.run(Thread.java:831)
Caused by: org.openqa.selenium.NoSuchElementException: no such element: Unable to locate element: {"method":"xpath","selector":"//img[@alt='Picture of Nikon D5500 DSLR']"}
  (Session info: chrome=98.0.4758.82)
For documentation on this error, please visit: https://www.seleniumhq.org/exceptions/no_such_element.html
Build info: version: '3.141.59', revision: 'e82be7d358', time: '2018-11-14T08:17:03'
System info: host: 'DESKTOP-LLE4103', ip: '192.168.43.156', os.name: 'Windows 10', os.arch: 'amd64', os.version: '10.0', java.version: '16.0.2'
Driver info: org.openqa.selenium.chrome.ChromeDriver
Capabilities {acceptInsecureCerts: false, browserName: chrome, browserVersion: 98.0.4758.82, chrome: {chromedriverVersion: 97.0.4692.71 (adefa7837d02a..., userDataDir: C:\Users\admin\AppData\Loca...}, goog:chromeOptions: {debuggerAddress: localhost:53380}, javascriptEnabled: true, networkConnectionEnabled: false, pageLoadStrategy: normal, platform: WINDOWS, platformName: WINDOWS, proxy: Proxy(), setWindowRect: true, strictFileInteractability: false, timeouts: {implicit: 0, pageLoad: 300000, script: 30000}, unhandledPromptBehavior: dismiss and notify, webauthn:extension:credBlob: true, webauthn:extension:largeBlob: true, webauthn:virtualAuthenticators: true}
Session ID: 2c6ee641da4daed1389df1fbd3910a6a
*** Element info: {Using=xpath, value=//img[@alt='Picture of Nikon D5500 DSLR']}
at org.openqa.selenium.remote.http.W3CHttpResponseCodec.createException(W3CHttpResponseCodec.java:187)
at org.openqa.selenium.remote.http.W3CHttpResponseCodec.decode(W3CHttpResponseCodec.java:122)
at org.openqa.selenium.remote.http.W3CHttpResponseCodec.decode(W3CHttpResponseCodec.java:49)
at org.openqa.selenium.remote.HttpCommandExecutor.execute(HttpCommandExecutor.java:158)
at org.openqa.selenium.remote.service.DriverCommandExecutor.execute(DriverCommandExecutor.java:83)
at org.openqa.selenium.remote.RemoteWebDriver.execute(RemoteWebDriver.java:552)
at org.openqa.selenium.remote.RemoteWebDriver.findElement(RemoteWebDriver.java:323)
at org.openqa.selenium.remote.RemoteWebDriver.findElementByXPath(RemoteWebDriver.java:428)
at org.openqa.selenium.By$ByXPath.findElement(By.java:353)
at org.openqa.selenium.remote.RemoteWebDriver.findElement(RemoteWebDriver.java:315)
at org.openqa.selenium.support.pagefactory.DefaultElementLocator.findElement(DefaultElementLocator.java:69)
at org.openqa.selenium.support.pagefactory.internal.LocatingElementHandler.invoke(LocatingElementHandler.java:38)
at jdk.proxy2/jdk.proxy2.$Proxy17.isDisplayed(Unknown Source)
at org.openqa.selenium.support.ui.ExpectedConditions.elementIfVisible(ExpectedConditions.java:314)
at org.openqa.selenium.support.ui.ExpectedConditions.access$000(ExpectedConditions.java:43)
at org.openqa.selenium.support.ui.ExpectedConditions$10.apply(ExpectedConditions.java:300)
at org.openqa.selenium.support.ui.ExpectedConditions$10.apply(ExpectedConditions.java:297)
at org.openqa.selenium.support.ui.FluentWait.until(FluentWait.java:249)
... 17 more
... Removed 16 stack frames]]>
    </failure>
  </testcase> <!-- toVerifyclickOnNikonItemTab -->
</testsuite> <!-- ChromeTest -->
