<?xml version="1.0" encoding="UTF-8"?>
<!-- Generated by org.testng.reporters.JUnitReportReporter -->
<testsuite hostname="DESKTOP-LLE4103" failures="18" tests="30" name="test.VerifyHeadersOfApplicationWithSoftAssert" time="408.734" errors="12" timestamp="2022-02-15T23:57:52 IST" skipped="0">
  <testcase classname="test.VerifyHeadersOfApplicationWithSoftAssert" name="toVerifyBooksTab" time="5.390">
    <failure message="The following asserts failed:
	expected [http://localhost/user/submit_tt.do] but found [https://demo.nopcommerce.com/apparel],
	expected [actiTIME - Enter Time-Track] but found [nopCommerce demo store. Apparel],
	expected [http://localhost/user/submit_tt.do] but found [https://demo.nopcommerce.com/books],
	expected [actiTIME - Enter Time-Track] but found [nopCommerce demo store. Books]" type="java.lang.AssertionError">
      <![CDATA[java.lang.AssertionError: The following asserts failed:
expected [http://localhost/user/submit_tt.do] but found [https://demo.nopcommerce.com/apparel],
expected [actiTIME - Enter Time-Track] but found [nopCommerce demo store. Apparel],
expected [http://localhost/user/submit_tt.do] but found [https://demo.nopcommerce.com/books],
expected [actiTIME - Enter Time-Track] but found [nopCommerce demo store. Books]
at org.testng.asserts.SoftAssert.assertAll(SoftAssert.java:47)
at org.testng.asserts.SoftAssert.assertAll(SoftAssert.java:31)
at test.VerifyHeadersOfApplicationWithSoftAssert.toVerifyBooksTab(VerifyHeadersOfApplicationWithSoftAssert.java:134)
at java.base/jdk.internal.reflect.NativeMethodAccessorImpl.invoke0(Native Method)
at java.base/jdk.internal.reflect.NativeMethodAccessorImpl.invoke(NativeMethodAccessorImpl.java:78)
at java.base/jdk.internal.reflect.DelegatingMethodAccessorImpl.invoke(DelegatingMethodAccessorImpl.java:43)
at java.base/java.lang.reflect.Method.invoke(Method.java:567)
at org.testng.internal.MethodInvocationHelper.invokeMethod(MethodInvocationHelper.java:133)
at org.testng.internal.TestInvoker.invokeMethod(TestInvoker.java:598)
at org.testng.internal.TestInvoker.invokeTestMethod(TestInvoker.java:173)
at org.testng.internal.MethodRunner.runInSequence(MethodRunner.java:46)
at org.testng.internal.TestInvoker$MethodInvocationAgent.invoke(TestInvoker.java:824)
at org.testng.internal.TestInvoker.invokeTestMethods(TestInvoker.java:146)
at org.testng.internal.TestMethodWorker.invokeTestMethods(TestMethodWorker.java:146)
at org.testng.internal.TestMethodWorker.run(TestMethodWorker.java:128)
at java.base/java.util.concurrent.ThreadPoolExecutor.runWorker(ThreadPoolExecutor.java:1130)
at java.base/java.util.concurrent.ThreadPoolExecutor$Worker.run(ThreadPoolExecutor.java:630)
at java.base/java.lang.Thread.run(Thread.java:831)
]]>
    </failure>
  </testcase> <!-- toVerifyBooksTab -->
  <system-out/>
  <testcase classname="test.VerifyHeadersOfApplicationWithSoftAssert" name="toVerifyGiftCardsTab" time="6.203">
    <failure message="The following asserts failed:
	expected [http://localhost/user/submit_tt.do] but found [https://demo.nopcommerce.com/apparel],
	expected [actiTIME - Enter Time-Track] but found [nopCommerce demo store. Apparel],
	expected [http://localhost/user/submit_tt.do] but found [https://demo.nopcommerce.com/books],
	expected [actiTIME - Enter Time-Track] but found [nopCommerce demo store. Books],
	expected [http://localhost/user/submit_tt.do] but found [https://demo.nopcommerce.com/],
	expected [actiTIME - Enter Time-Track] but found [nopCommerce demo store],
	expected [http://localhost/user/submit_tt.do] but found [https://demo.nopcommerce.com/computers],
	expected [actiTIME - Enter Time-Track] but found [nopCommerce demo store. Computers],
	expected [http://localhost/user/submit_tt.do] but found [https://demo.nopcommerce.com/digital-downloads],
	expected [actiTIME - Enter Time-Track] but found [nopCommerce demo store. Digital downloads],
	expected [http://localhost/user/submit_tt.do] but found [https://demo.nopcommerce.com/electronics],
	expected [actiTIME - Enter Time-Track] but found [nopCommerce demo store. Electronics],
	expected [http://localhost/user/submit_tt.do] but found [https://demo.nopcommerce.com/],
	expected [actiTIME - Enter Time-Track] but found [nopCommerce demo store],
	expected [http://localhost/user/submit_tt.do] but found [https://demo.nopcommerce.com/gift-cards],
	expected [actiTIME - Enter Time-Track] but found [nopCommerce demo store. Gift Cards]" type="java.lang.AssertionError">
      <![CDATA[java.lang.AssertionError: The following asserts failed:
expected [http://localhost/user/submit_tt.do] but found [https://demo.nopcommerce.com/apparel],
expected [actiTIME - Enter Time-Track] but found [nopCommerce demo store. Apparel],
expected [http://localhost/user/submit_tt.do] but found [https://demo.nopcommerce.com/books],
expected [actiTIME - Enter Time-Track] but found [nopCommerce demo store. Books],
expected [http://localhost/user/submit_tt.do] but found [https://demo.nopcommerce.com/],
expected [actiTIME - Enter Time-Track] but found [nopCommerce demo store],
expected [http://localhost/user/submit_tt.do] but found [https://demo.nopcommerce.com/computers],
expected [actiTIME - Enter Time-Track] but found [nopCommerce demo store. Computers],
expected [http://localhost/user/submit_tt.do] but found [https://demo.nopcommerce.com/digital-downloads],
expected [actiTIME - Enter Time-Track] but found [nopCommerce demo store. Digital downloads],
expected [http://localhost/user/submit_tt.do] but found [https://demo.nopcommerce.com/electronics],
expected [actiTIME - Enter Time-Track] but found [nopCommerce demo store. Electronics],
expected [http://localhost/user/submit_tt.do] but found [https://demo.nopcommerce.com/],
expected [actiTIME - Enter Time-Track] but found [nopCommerce demo store],
expected [http://localhost/user/submit_tt.do] but found [https://demo.nopcommerce.com/gift-cards],
expected [actiTIME - Enter Time-Track] but found [nopCommerce demo store. Gift Cards]
at org.testng.asserts.SoftAssert.assertAll(SoftAssert.java:47)
at org.testng.asserts.SoftAssert.assertAll(SoftAssert.java:31)
at test.VerifyHeadersOfApplicationWithSoftAssert.toVerifyGiftCardsTab(VerifyHeadersOfApplicationWithSoftAssert.java:158)
at java.base/jdk.internal.reflect.NativeMethodAccessorImpl.invoke0(Native Method)
at java.base/jdk.internal.reflect.NativeMethodAccessorImpl.invoke(NativeMethodAccessorImpl.java:78)
at java.base/jdk.internal.reflect.DelegatingMethodAccessorImpl.invoke(DelegatingMethodAccessorImpl.java:43)
at java.base/java.lang.reflect.Method.invoke(Method.java:567)
at org.testng.internal.MethodInvocationHelper.invokeMethod(MethodInvocationHelper.java:133)
at org.testng.internal.TestInvoker.invokeMethod(TestInvoker.java:598)
at org.testng.internal.TestInvoker.invokeTestMethod(TestInvoker.java:173)
at org.testng.internal.MethodRunner.runInSequence(MethodRunner.java:46)
at org.testng.internal.TestInvoker$MethodInvocationAgent.invoke(TestInvoker.java:824)
at org.testng.internal.TestInvoker.invokeTestMethods(TestInvoker.java:146)
at org.testng.internal.TestMethodWorker.invokeTestMethods(TestMethodWorker.java:146)
at org.testng.internal.TestMethodWorker.run(TestMethodWorker.java:128)
at java.base/java.util.concurrent.ThreadPoolExecutor.runWorker(ThreadPoolExecutor.java:1130)
at java.base/java.util.concurrent.ThreadPoolExecutor$Worker.run(ThreadPoolExecutor.java:630)
at java.base/java.lang.Thread.run(Thread.java:831)
]]>
    </failure>
  </testcase> <!-- toVerifyGiftCardsTab -->
  <system-out/>
  <testcase classname="test.VerifyHeadersOfApplicationWithSoftAssert" name="toVerifyclickOnAddToCartPage" time="31.746">
    <error message="Expected condition failed: waiting for visibility of Proxy element for: DefaultElementLocator &#039;By.xpath: //button[@id=&#039;add-to-cart-button-3&#039;]&#039; (tried for 20 second(s) with 500 milliseconds interval)" type="org.openqa.selenium.TimeoutException">
      <![CDATA[org.openqa.selenium.TimeoutException: Expected condition failed: waiting for visibility of Proxy element for: DefaultElementLocator 'By.xpath: //button[@id='add-to-cart-button-3']' (tried for 20 second(s) with 500 milliseconds interval)
at org.openqa.selenium.support.ui.WebDriverWait.timeoutException(WebDriverWait.java:95)
at org.openqa.selenium.support.ui.FluentWait.until(FluentWait.java:272)
at pom.ComputerPage.clickOnAddToCart(ComputerPage.java:57)
at test.VerifyHeadersOfApplicationWithSoftAssert.toVerifyclickOnAddToCartPage(VerifyHeadersOfApplicationWithSoftAssert.java:201)
at java.base/jdk.internal.reflect.NativeMethodAccessorImpl.invoke0(Native Method)
at java.base/jdk.internal.reflect.NativeMethodAccessorImpl.invoke(NativeMethodAccessorImpl.java:78)
at java.base/jdk.internal.reflect.DelegatingMethodAccessorImpl.invoke(DelegatingMethodAccessorImpl.java:43)
at java.base/java.lang.reflect.Method.invoke(Method.java:567)
at org.testng.internal.MethodInvocationHelper.invokeMethod(MethodInvocationHelper.java:133)
at org.testng.internal.TestInvoker.invokeMethod(TestInvoker.java:598)
at org.testng.internal.TestInvoker.invokeTestMethod(TestInvoker.java:173)
at org.testng.internal.MethodRunner.runInSequence(MethodRunner.java:46)
at org.testng.internal.TestInvoker$MethodInvocationAgent.invoke(TestInvoker.java:824)
at org.testng.internal.TestInvoker.invokeTestMethods(TestInvoker.java:146)
at org.testng.internal.TestMethodWorker.invokeTestMethods(TestMethodWorker.java:146)
at org.testng.internal.TestMethodWorker.run(TestMethodWorker.java:128)
at java.base/java.util.concurrent.ThreadPoolExecutor.runWorker(ThreadPoolExecutor.java:1130)
at java.base/java.util.concurrent.ThreadPoolExecutor$Worker.run(ThreadPoolExecutor.java:630)
at java.base/java.lang.Thread.run(Thread.java:831)
Caused by: org.openqa.selenium.NoSuchElementException: Unable to locate element: //button[@id='add-to-cart-button-3']
For documentation on this error, please visit: https://www.seleniumhq.org/exceptions/no_such_element.html
Build info: version: '3.141.59', revision: 'e82be7d358', time: '2018-11-14T08:17:03'
System info: host: 'DESKTOP-LLE4103', ip: '192.168.43.156', os.name: 'Windows 10', os.arch: 'amd64', os.version: '10.0', java.version: '16.0.2'
Driver info: org.openqa.selenium.firefox.FirefoxDriver
Capabilities {acceptInsecureCerts: true, browserName: firefox, browserVersion: 97.0, javascriptEnabled: true, moz:accessibilityChecks: false, moz:buildID: 20220202182137, moz:geckodriverVersion: 0.30.0, moz:headless: false, moz:processID: 21500, moz:profile: C:\Users\admin\AppData\Loca..., moz:shutdownTimeout: 60000, moz:useNonSpecCompliantPointerOrigin: false, moz:webdriverClick: true, pageLoadStrategy: normal, platform: WINDOWS, platformName: WINDOWS, platformVersion: 10.0, proxy: Proxy(), setWindowRect: true, strictFileInteractability: false, timeouts: {implicit: 0, pageLoad: 300000, script: 30000}, unhandledPromptBehavior: dismiss and notify}
Session ID: ee123da2-be98-440b-988c-a531322cfcae
*** Element info: {Using=xpath, value=//button[@id='add-to-cart-button-3']}
at jdk.internal.reflect.GeneratedConstructorAccessor16.newInstance(Unknown Source)
at java.base/jdk.internal.reflect.DelegatingConstructorAccessorImpl.newInstance(DelegatingConstructorAccessorImpl.java:45)
at java.base/java.lang.reflect.Constructor.newInstanceWithCaller(Constructor.java:499)
at java.base/java.lang.reflect.Constructor.newInstance(Constructor.java:480)
at org.openqa.selenium.remote.http.W3CHttpResponseCodec.createException(W3CHttpResponseCodec.java:187)
at org.openqa.selenium.remote.http.W3CHttpResponseCodec.decode(W3CHttpResponseCodec.java:122)
at org.openqa.selenium.remote.http.W3CHttpResponseCodec.decode(W3CHttpResponseCodec.java:49)
at org.openqa.selenium.remote.HttpCommandExecutor.execute(HttpCommandExecutor.java:158)
at org.openqa.selenium.remote.service.DriverCommandExecutor.execute(DriverCommandExecutor.java:83)
at org.openqa.selenium.remote.RemoteWebDriver.execute(RemoteWebDriver.java:552)
at org.openqa.selenium.remote.RemoteWebDriver.findElement(RemoteWebDriver.java:323)
at org.openqa.selenium.remote.RemoteWebDriver.findElementByXPath(RemoteWebDriver.java:428)
at org.openqa.selenium.By$ByXPath.findElement(By.java:353)
at org.openqa.selenium.remote.RemoteWebDriver.findElement(RemoteWebDriver.java:315)
at org.openqa.selenium.support.pagefactory.DefaultElementLocator.findElement(DefaultElementLocator.java:69)
at org.openqa.selenium.support.pagefactory.internal.LocatingElementHandler.invoke(LocatingElementHandler.java:38)
at jdk.proxy2/jdk.proxy2.$Proxy17.isDisplayed(Unknown Source)
at org.openqa.selenium.support.ui.ExpectedConditions.elementIfVisible(ExpectedConditions.java:314)
at org.openqa.selenium.support.ui.ExpectedConditions.access$000(ExpectedConditions.java:43)
at org.openqa.selenium.support.ui.ExpectedConditions$10.apply(ExpectedConditions.java:300)
at org.openqa.selenium.support.ui.ExpectedConditions$10.apply(ExpectedConditions.java:297)
at org.openqa.selenium.support.ui.FluentWait.until(FluentWait.java:249)
... 17 more
]]>
    </error>
  </testcase> <!-- toVerifyclickOnAddToCartPage -->
  <system-out/>
  <testcase classname="test.VerifyHeadersOfApplicationWithSoftAssert" name="toVerifyDigitalDownloadsTab" time="3.034">
    <failure message="The following asserts failed:
	expected [http://localhost/user/submit_tt.do] but found [https://demo.nopcommerce.com/apparel],
	expected [actiTIME - Enter Time-Track] but found [nopCommerce demo store. Apparel],
	expected [http://localhost/user/submit_tt.do] but found [https://demo.nopcommerce.com/books],
	expected [actiTIME - Enter Time-Track] but found [nopCommerce demo store. Books],
	expected [http://localhost/user/submit_tt.do] but found [https://demo.nopcommerce.com/],
	expected [actiTIME - Enter Time-Track] but found [nopCommerce demo store],
	expected [http://localhost/user/submit_tt.do] but found [https://demo.nopcommerce.com/computers],
	expected [actiTIME - Enter Time-Track] but found [nopCommerce demo store. Computers],
	expected [http://localhost/user/submit_tt.do] but found [https://demo.nopcommerce.com/digital-downloads],
	expected [actiTIME - Enter Time-Track] but found [nopCommerce demo store. Digital downloads]" type="java.lang.AssertionError">
      <![CDATA[java.lang.AssertionError: The following asserts failed:
expected [http://localhost/user/submit_tt.do] but found [https://demo.nopcommerce.com/apparel],
expected [actiTIME - Enter Time-Track] but found [nopCommerce demo store. Apparel],
expected [http://localhost/user/submit_tt.do] but found [https://demo.nopcommerce.com/books],
expected [actiTIME - Enter Time-Track] but found [nopCommerce demo store. Books],
expected [http://localhost/user/submit_tt.do] but found [https://demo.nopcommerce.com/],
expected [actiTIME - Enter Time-Track] but found [nopCommerce demo store],
expected [http://localhost/user/submit_tt.do] but found [https://demo.nopcommerce.com/computers],
expected [actiTIME - Enter Time-Track] but found [nopCommerce demo store. Computers],
expected [http://localhost/user/submit_tt.do] but found [https://demo.nopcommerce.com/digital-downloads],
expected [actiTIME - Enter Time-Track] but found [nopCommerce demo store. Digital downloads]
at org.testng.asserts.SoftAssert.assertAll(SoftAssert.java:47)
at org.testng.asserts.SoftAssert.assertAll(SoftAssert.java:31)
at test.VerifyHeadersOfApplicationWithSoftAssert.toVerifyDigitalDownloadsTab(VerifyHeadersOfApplicationWithSoftAssert.java:122)
at java.base/jdk.internal.reflect.NativeMethodAccessorImpl.invoke0(Native Method)
at java.base/jdk.internal.reflect.NativeMethodAccessorImpl.invoke(NativeMethodAccessorImpl.java:78)
at java.base/jdk.internal.reflect.DelegatingMethodAccessorImpl.invoke(DelegatingMethodAccessorImpl.java:43)
at java.base/java.lang.reflect.Method.invoke(Method.java:567)
at org.testng.internal.MethodInvocationHelper.invokeMethod(MethodInvocationHelper.java:133)
at org.testng.internal.TestInvoker.invokeMethod(TestInvoker.java:598)
at org.testng.internal.TestInvoker.invokeTestMethod(TestInvoker.java:173)
at org.testng.internal.MethodRunner.runInSequence(MethodRunner.java:46)
at org.testng.internal.TestInvoker$MethodInvocationAgent.invoke(TestInvoker.java:824)
at org.testng.internal.TestInvoker.invokeTestMethods(TestInvoker.java:146)
at org.testng.internal.TestMethodWorker.invokeTestMethods(TestMethodWorker.java:146)
at org.testng.internal.TestMethodWorker.run(TestMethodWorker.java:128)
at java.base/java.util.concurrent.ThreadPoolExecutor.runWorker(ThreadPoolExecutor.java:1130)
at java.base/java.util.concurrent.ThreadPoolExecutor$Worker.run(ThreadPoolExecutor.java:630)
at java.base/java.lang.Thread.run(Thread.java:831)
]]>
    </failure>
  </testcase> <!-- toVerifyDigitalDownloadsTab -->
  <system-out/>
  <testcase classname="test.VerifyHeadersOfApplicationWithSoftAssert" name="toVerifyclickOnNikonItemTab" time="21.421">
    <error message="Expected condition failed: waiting for visibility of Proxy element for: DefaultElementLocator &#039;By.xpath: //img[@alt=&#039;Picture of Nikon D5500 DSLR&#039;]&#039; (tried for 10 second(s) with 500 milliseconds interval)" type="org.openqa.selenium.TimeoutException">
      <![CDATA[org.openqa.selenium.TimeoutException: Expected condition failed: waiting for visibility of Proxy element for: DefaultElementLocator 'By.xpath: //img[@alt='Picture of Nikon D5500 DSLR']' (tried for 10 second(s) with 500 milliseconds interval)
at org.openqa.selenium.support.ui.WebDriverWait.timeoutException(WebDriverWait.java:95)
at org.openqa.selenium.support.ui.FluentWait.until(FluentWait.java:272)
at pom.ElectronicsPage.clickOnNikonItem(ElectronicsPage.java:51)
at test.VerifyHeadersOfApplicationWithSoftAssert.toVerifyclickOnNikonItemTab(VerifyHeadersOfApplicationWithSoftAssert.java:237)
at java.base/jdk.internal.reflect.NativeMethodAccessorImpl.invoke0(Native Method)
at java.base/jdk.internal.reflect.NativeMethodAccessorImpl.invoke(NativeMethodAccessorImpl.java:78)
at java.base/jdk.internal.reflect.DelegatingMethodAccessorImpl.invoke(DelegatingMethodAccessorImpl.java:43)
at java.base/java.lang.reflect.Method.invoke(Method.java:567)
at org.testng.internal.MethodInvocationHelper.invokeMethod(MethodInvocationHelper.java:133)
at org.testng.internal.TestInvoker.invokeMethod(TestInvoker.java:598)
at org.testng.internal.TestInvoker.invokeTestMethod(TestInvoker.java:173)
at org.testng.internal.MethodRunner.runInSequence(MethodRunner.java:46)
at org.testng.internal.TestInvoker$MethodInvocationAgent.invoke(TestInvoker.java:824)
at org.testng.internal.TestInvoker.invokeTestMethods(TestInvoker.java:146)
at org.testng.internal.TestMethodWorker.invokeTestMethods(TestMethodWorker.java:146)
at org.testng.internal.TestMethodWorker.run(TestMethodWorker.java:128)
at java.base/java.util.concurrent.ThreadPoolExecutor.runWorker(ThreadPoolExecutor.java:1130)
at java.base/java.util.concurrent.ThreadPoolExecutor$Worker.run(ThreadPoolExecutor.java:630)
at java.base/java.lang.Thread.run(Thread.java:831)
Caused by: org.openqa.selenium.NoSuchElementException: Unable to locate element: //img[@alt='Picture of Nikon D5500 DSLR']
For documentation on this error, please visit: https://www.seleniumhq.org/exceptions/no_such_element.html
Build info: version: '3.141.59', revision: 'e82be7d358', time: '2018-11-14T08:17:03'
System info: host: 'DESKTOP-LLE4103', ip: '192.168.43.156', os.name: 'Windows 10', os.arch: 'amd64', os.version: '10.0', java.version: '16.0.2'
Driver info: org.openqa.selenium.firefox.FirefoxDriver
Capabilities {acceptInsecureCerts: true, browserName: firefox, browserVersion: 97.0, javascriptEnabled: true, moz:accessibilityChecks: false, moz:buildID: 20220202182137, moz:geckodriverVersion: 0.30.0, moz:headless: false, moz:processID: 21500, moz:profile: C:\Users\admin\AppData\Loca..., moz:shutdownTimeout: 60000, moz:useNonSpecCompliantPointerOrigin: false, moz:webdriverClick: true, pageLoadStrategy: normal, platform: WINDOWS, platformName: WINDOWS, platformVersion: 10.0, proxy: Proxy(), setWindowRect: true, strictFileInteractability: false, timeouts: {implicit: 0, pageLoad: 300000, script: 30000}, unhandledPromptBehavior: dismiss and notify}
Session ID: ee123da2-be98-440b-988c-a531322cfcae
*** Element info: {Using=xpath, value=//img[@alt='Picture of Nikon D5500 DSLR']}
at jdk.internal.reflect.GeneratedConstructorAccessor16.newInstance(Unknown Source)
at java.base/jdk.internal.reflect.DelegatingConstructorAccessorImpl.newInstance(DelegatingConstructorAccessorImpl.java:45)
at java.base/java.lang.reflect.Constructor.newInstanceWithCaller(Constructor.java:499)
at java.base/java.lang.reflect.Constructor.newInstance(Constructor.java:480)
at org.openqa.selenium.remote.http.W3CHttpResponseCodec.createException(W3CHttpResponseCodec.java:187)
at org.openqa.selenium.remote.http.W3CHttpResponseCodec.decode(W3CHttpResponseCodec.java:122)
at org.openqa.selenium.remote.http.W3CHttpResponseCodec.decode(W3CHttpResponseCodec.java:49)
at org.openqa.selenium.remote.HttpCommandExecutor.execute(HttpCommandExecutor.java:158)
at org.openqa.selenium.remote.service.DriverCommandExecutor.execute(DriverCommandExecutor.java:83)
at org.openqa.selenium.remote.RemoteWebDriver.execute(RemoteWebDriver.java:552)
at org.openqa.selenium.remote.RemoteWebDriver.findElement(RemoteWebDriver.java:323)
at org.openqa.selenium.remote.RemoteWebDriver.findElementByXPath(RemoteWebDriver.java:428)
at org.openqa.selenium.By$ByXPath.findElement(By.java:353)
at org.openqa.selenium.remote.RemoteWebDriver.findElement(RemoteWebDriver.java:315)
at org.openqa.selenium.support.pagefactory.DefaultElementLocator.findElement(DefaultElementLocator.java:69)
at org.openqa.selenium.support.pagefactory.internal.LocatingElementHandler.invoke(LocatingElementHandler.java:38)
at jdk.proxy2/jdk.proxy2.$Proxy17.isDisplayed(Unknown Source)
at org.openqa.selenium.support.ui.ExpectedConditions.elementIfVisible(ExpectedConditions.java:314)
at org.openqa.selenium.support.ui.ExpectedConditions.access$000(ExpectedConditions.java:43)
at org.openqa.selenium.support.ui.ExpectedConditions$10.apply(ExpectedConditions.java:300)
at org.openqa.selenium.support.ui.ExpectedConditions$10.apply(ExpectedConditions.java:297)
at org.openqa.selenium.support.ui.FluentWait.until(FluentWait.java:249)
... 17 more
]]>
    </error>
  </testcase> <!-- toVerifyclickOnNikonItemTab -->
  <system-out/>
  <testcase classname="test.VerifyHeadersOfApplicationWithSoftAssert" name="toVerifyApparelTab" time="9.989">
    <failure message="The following asserts failed:
	expected [http://localhost/user/submit_tt.do] but found [https://demo.nopcommerce.com/apparel],
	expected [actiTIME - Enter Time-Track] but found [nopCommerce demo store. Apparel]" type="java.lang.AssertionError">
      <![CDATA[java.lang.AssertionError: The following asserts failed:
expected [http://localhost/user/submit_tt.do] but found [https://demo.nopcommerce.com/apparel],
expected [actiTIME - Enter Time-Track] but found [nopCommerce demo store. Apparel]
at org.testng.asserts.SoftAssert.assertAll(SoftAssert.java:47)
at org.testng.asserts.SoftAssert.assertAll(SoftAssert.java:31)
at test.VerifyHeadersOfApplicationWithSoftAssert.toVerifyApparelTab(VerifyHeadersOfApplicationWithSoftAssert.java:110)
at java.base/jdk.internal.reflect.NativeMethodAccessorImpl.invoke0(Native Method)
at java.base/jdk.internal.reflect.NativeMethodAccessorImpl.invoke(NativeMethodAccessorImpl.java:78)
at java.base/jdk.internal.reflect.DelegatingMethodAccessorImpl.invoke(DelegatingMethodAccessorImpl.java:43)
at java.base/java.lang.reflect.Method.invoke(Method.java:567)
at org.testng.internal.MethodInvocationHelper.invokeMethod(MethodInvocationHelper.java:133)
at org.testng.internal.TestInvoker.invokeMethod(TestInvoker.java:598)
at org.testng.internal.TestInvoker.invokeTestMethod(TestInvoker.java:173)
at org.testng.internal.MethodRunner.runInSequence(MethodRunner.java:46)
at org.testng.internal.TestInvoker$MethodInvocationAgent.invoke(TestInvoker.java:824)
at org.testng.internal.TestInvoker.invokeTestMethods(TestInvoker.java:146)
at org.testng.internal.TestMethodWorker.invokeTestMethods(TestMethodWorker.java:146)
at org.testng.internal.TestMethodWorker.run(TestMethodWorker.java:128)
at java.base/java.util.concurrent.ThreadPoolExecutor.runWorker(ThreadPoolExecutor.java:1130)
at java.base/java.util.concurrent.ThreadPoolExecutor$Worker.run(ThreadPoolExecutor.java:630)
at java.base/java.lang.Thread.run(Thread.java:831)
]]>
    </failure>
  </testcase> <!-- toVerifyApparelTab -->
  <system-out/>
  <testcase classname="test.VerifyHeadersOfApplicationWithSoftAssert" name="toVerifyElectronicsPage" time="1.447">
    <failure message="The following asserts failed:
	expected [http://localhost/user/submit_tt.do] but found [https://demo.nopcommerce.com/apparel],
	expected [actiTIME - Enter Time-Track] but found [nopCommerce demo store. Apparel],
	expected [http://localhost/user/submit_tt.do] but found [https://demo.nopcommerce.com/books],
	expected [actiTIME - Enter Time-Track] but found [nopCommerce demo store. Books],
	expected [http://localhost/user/submit_tt.do] but found [https://demo.nopcommerce.com/],
	expected [actiTIME - Enter Time-Track] but found [nopCommerce demo store],
	expected [http://localhost/user/submit_tt.do] but found [https://demo.nopcommerce.com/],
	expected [actiTIME - Enter Time-Track] but found [nopCommerce demo store],
	expected [http://localhost/user/submit_tt.do] but found [https://demo.nopcommerce.com/digital-downloads],
	expected [actiTIME - Enter Time-Track] but found [nopCommerce demo store. Digital downloads],
	expected [http://localhost/user/submit_tt.do] but found [https://demo.nopcommerce.com/],
	expected [actiTIME - Enter Time-Track] but found [nopCommerce demo store]" type="java.lang.AssertionError">
      <![CDATA[java.lang.AssertionError: The following asserts failed:
expected [http://localhost/user/submit_tt.do] but found [https://demo.nopcommerce.com/apparel],
expected [actiTIME - Enter Time-Track] but found [nopCommerce demo store. Apparel],
expected [http://localhost/user/submit_tt.do] but found [https://demo.nopcommerce.com/books],
expected [actiTIME - Enter Time-Track] but found [nopCommerce demo store. Books],
expected [http://localhost/user/submit_tt.do] but found [https://demo.nopcommerce.com/],
expected [actiTIME - Enter Time-Track] but found [nopCommerce demo store],
expected [http://localhost/user/submit_tt.do] but found [https://demo.nopcommerce.com/],
expected [actiTIME - Enter Time-Track] but found [nopCommerce demo store],
expected [http://localhost/user/submit_tt.do] but found [https://demo.nopcommerce.com/digital-downloads],
expected [actiTIME - Enter Time-Track] but found [nopCommerce demo store. Digital downloads],
expected [http://localhost/user/submit_tt.do] but found [https://demo.nopcommerce.com/],
expected [actiTIME - Enter Time-Track] but found [nopCommerce demo store]
at org.testng.asserts.SoftAssert.assertAll(SoftAssert.java:47)
at org.testng.asserts.SoftAssert.assertAll(SoftAssert.java:31)
at test.VerifyHeadersOfApplicationWithSoftAssert.toVerifyElectronicsPage(VerifyHeadersOfApplicationWithSoftAssert.java:218)
at java.base/jdk.internal.reflect.NativeMethodAccessorImpl.invoke0(Native Method)
at java.base/jdk.internal.reflect.NativeMethodAccessorImpl.invoke(NativeMethodAccessorImpl.java:78)
at java.base/jdk.internal.reflect.DelegatingMethodAccessorImpl.invoke(DelegatingMethodAccessorImpl.java:43)
at java.base/java.lang.reflect.Method.invoke(Method.java:567)
at org.testng.internal.MethodInvocationHelper.invokeMethod(MethodInvocationHelper.java:133)
at org.testng.internal.TestInvoker.invokeMethod(TestInvoker.java:598)
at org.testng.internal.TestInvoker.invokeTestMethod(TestInvoker.java:173)
at org.testng.internal.MethodRunner.runInSequence(MethodRunner.java:46)
at org.testng.internal.TestInvoker$MethodInvocationAgent.invoke(TestInvoker.java:824)
at org.testng.internal.TestInvoker.invokeTestMethods(TestInvoker.java:146)
at org.testng.internal.TestMethodWorker.invokeTestMethods(TestMethodWorker.java:146)
at org.testng.internal.TestMethodWorker.run(TestMethodWorker.java:128)
at java.base/java.util.concurrent.ThreadPoolExecutor.runWorker(ThreadPoolExecutor.java:1130)
at java.base/java.util.concurrent.ThreadPoolExecutor$Worker.run(ThreadPoolExecutor.java:630)
at java.base/java.lang.Thread.run(Thread.java:831)
]]>
    </failure>
  </testcase> <!-- toVerifyElectronicsPage -->
  <system-out/>
  <testcase classname="test.VerifyHeadersOfApplicationWithSoftAssert" name="toVerifyOpenDesktopsTab" time="21.393">
    <error message="Expected condition failed: waiting for visibility of Proxy element for: DefaultElementLocator &#039;By.xpath: //img[@alt=&#039;Picture for category Desktops&#039;]&#039; (tried for 10 second(s) with 500 milliseconds interval)" type="org.openqa.selenium.TimeoutException">
      <![CDATA[org.openqa.selenium.TimeoutException: Expected condition failed: waiting for visibility of Proxy element for: DefaultElementLocator 'By.xpath: //img[@alt='Picture for category Desktops']' (tried for 10 second(s) with 500 milliseconds interval)
at org.openqa.selenium.support.ui.WebDriverWait.timeoutException(WebDriverWait.java:95)
at org.openqa.selenium.support.ui.FluentWait.until(FluentWait.java:272)
at pom.ComputerPage.openDesktopsPage(ComputerPage.java:45)
at test.VerifyHeadersOfApplicationWithSoftAssert.toVerifyOpenDesktopsTab(VerifyHeadersOfApplicationWithSoftAssert.java:177)
at java.base/jdk.internal.reflect.NativeMethodAccessorImpl.invoke0(Native Method)
at java.base/jdk.internal.reflect.NativeMethodAccessorImpl.invoke(NativeMethodAccessorImpl.java:78)
at java.base/jdk.internal.reflect.DelegatingMethodAccessorImpl.invoke(DelegatingMethodAccessorImpl.java:43)
at java.base/java.lang.reflect.Method.invoke(Method.java:567)
at org.testng.internal.MethodInvocationHelper.invokeMethod(MethodInvocationHelper.java:133)
at org.testng.internal.TestInvoker.invokeMethod(TestInvoker.java:598)
at org.testng.internal.TestInvoker.invokeTestMethod(TestInvoker.java:173)
at org.testng.internal.MethodRunner.runInSequence(MethodRunner.java:46)
at org.testng.internal.TestInvoker$MethodInvocationAgent.invoke(TestInvoker.java:824)
at org.testng.internal.TestInvoker.invokeTestMethods(TestInvoker.java:146)
at org.testng.internal.TestMethodWorker.invokeTestMethods(TestMethodWorker.java:146)
at org.testng.internal.TestMethodWorker.run(TestMethodWorker.java:128)
at java.base/java.util.concurrent.ThreadPoolExecutor.runWorker(ThreadPoolExecutor.java:1130)
at java.base/java.util.concurrent.ThreadPoolExecutor$Worker.run(ThreadPoolExecutor.java:630)
at java.base/java.lang.Thread.run(Thread.java:831)
Caused by: org.openqa.selenium.NoSuchElementException: no such element: Unable to locate element: {"method":"xpath","selector":"//img[@alt='Picture for category Desktops']"}
  (Session info: chrome=98.0.4758.82)
For documentation on this error, please visit: https://www.seleniumhq.org/exceptions/no_such_element.html
Build info: version: '3.141.59', revision: 'e82be7d358', time: '2018-11-14T08:17:03'
System info: host: 'DESKTOP-LLE4103', ip: '192.168.43.156', os.name: 'Windows 10', os.arch: 'amd64', os.version: '10.0', java.version: '16.0.2'
Driver info: org.openqa.selenium.chrome.ChromeDriver
Capabilities {acceptInsecureCerts: false, browserName: chrome, browserVersion: 98.0.4758.82, chrome: {chromedriverVersion: 97.0.4692.71 (adefa7837d02a..., userDataDir: C:\Users\admin\AppData\Loca...}, goog:chromeOptions: {debuggerAddress: localhost:53399}, javascriptEnabled: true, networkConnectionEnabled: false, pageLoadStrategy: normal, platform: WINDOWS, platformName: WINDOWS, proxy: Proxy(), setWindowRect: true, strictFileInteractability: false, timeouts: {implicit: 0, pageLoad: 300000, script: 30000}, unhandledPromptBehavior: dismiss and notify, webauthn:extension:credBlob: true, webauthn:extension:largeBlob: true, webauthn:virtualAuthenticators: true}
Session ID: 29952882f2a5e3c2b0ec429d821287f5
*** Element info: {Using=xpath, value=//img[@alt='Picture for category Desktops']}
at java.base/jdk.internal.reflect.NativeConstructorAccessorImpl.newInstance0(Native Method)
at java.base/jdk.internal.reflect.NativeConstructorAccessorImpl.newInstance(NativeConstructorAccessorImpl.java:78)
at java.base/jdk.internal.reflect.DelegatingConstructorAccessorImpl.newInstance(DelegatingConstructorAccessorImpl.java:45)
at java.base/java.lang.reflect.Constructor.newInstanceWithCaller(Constructor.java:499)
at java.base/java.lang.reflect.Constructor.newInstance(Constructor.java:480)
at org.openqa.selenium.remote.http.W3CHttpResponseCodec.createException(W3CHttpResponseCodec.java:187)
at org.openqa.selenium.remote.http.W3CHttpResponseCodec.decode(W3CHttpResponseCodec.java:122)
at org.openqa.selenium.remote.http.W3CHttpResponseCodec.decode(W3CHttpResponseCodec.java:49)
at org.openqa.selenium.remote.HttpCommandExecutor.execute(HttpCommandExecutor.java:158)
at org.openqa.selenium.remote.service.DriverCommandExecutor.execute(DriverCommandExecutor.java:83)
at org.openqa.selenium.remote.RemoteWebDriver.execute(RemoteWebDriver.java:552)
at org.openqa.selenium.remote.RemoteWebDriver.findElement(RemoteWebDriver.java:323)
at org.openqa.selenium.remote.RemoteWebDriver.findElementByXPath(RemoteWebDriver.java:428)
at org.openqa.selenium.By$ByXPath.findElement(By.java:353)
at org.openqa.selenium.remote.RemoteWebDriver.findElement(RemoteWebDriver.java:315)
at org.openqa.selenium.support.pagefactory.DefaultElementLocator.findElement(DefaultElementLocator.java:69)
at org.openqa.selenium.support.pagefactory.internal.LocatingElementHandler.invoke(LocatingElementHandler.java:38)
at jdk.proxy2/jdk.proxy2.$Proxy17.isDisplayed(Unknown Source)
at org.openqa.selenium.support.ui.ExpectedConditions.elementIfVisible(ExpectedConditions.java:314)
at org.openqa.selenium.support.ui.ExpectedConditions.access$000(ExpectedConditions.java:43)
at org.openqa.selenium.support.ui.ExpectedConditions$10.apply(ExpectedConditions.java:300)
at org.openqa.selenium.support.ui.ExpectedConditions$10.apply(ExpectedConditions.java:297)
at org.openqa.selenium.support.ui.FluentWait.until(FluentWait.java:249)
... 17 more
]]>
    </error>
  </testcase> <!-- toVerifyOpenDesktopsTab -->
  <system-out/>
  <testcase classname="test.VerifyHeadersOfApplicationWithSoftAssert" name="toVerifyclickOnAddToCartPage" time="33.974">
    <error message="Expected condition failed: waiting for visibility of Proxy element for: DefaultElementLocator &#039;By.xpath: //button[@id=&#039;add-to-cart-button-3&#039;]&#039; (tried for 20 second(s) with 500 milliseconds interval)" type="org.openqa.selenium.TimeoutException">
      <![CDATA[org.openqa.selenium.TimeoutException: Expected condition failed: waiting for visibility of Proxy element for: DefaultElementLocator 'By.xpath: //button[@id='add-to-cart-button-3']' (tried for 20 second(s) with 500 milliseconds interval)
at org.openqa.selenium.support.ui.WebDriverWait.timeoutException(WebDriverWait.java:95)
at org.openqa.selenium.support.ui.FluentWait.until(FluentWait.java:272)
at pom.ComputerPage.clickOnAddToCart(ComputerPage.java:57)
at test.VerifyHeadersOfApplicationWithSoftAssert.toVerifyclickOnAddToCartPage(VerifyHeadersOfApplicationWithSoftAssert.java:201)
at java.base/jdk.internal.reflect.NativeMethodAccessorImpl.invoke0(Native Method)
at java.base/jdk.internal.reflect.NativeMethodAccessorImpl.invoke(NativeMethodAccessorImpl.java:78)
at java.base/jdk.internal.reflect.DelegatingMethodAccessorImpl.invoke(DelegatingMethodAccessorImpl.java:43)
at java.base/java.lang.reflect.Method.invoke(Method.java:567)
at org.testng.internal.MethodInvocationHelper.invokeMethod(MethodInvocationHelper.java:133)
at org.testng.internal.TestInvoker.invokeMethod(TestInvoker.java:598)
at org.testng.internal.TestInvoker.invokeTestMethod(TestInvoker.java:173)
at org.testng.internal.MethodRunner.runInSequence(MethodRunner.java:46)
at org.testng.internal.TestInvoker$MethodInvocationAgent.invoke(TestInvoker.java:824)
at org.testng.internal.TestInvoker.invokeTestMethods(TestInvoker.java:146)
at org.testng.internal.TestMethodWorker.invokeTestMethods(TestMethodWorker.java:146)
at org.testng.internal.TestMethodWorker.run(TestMethodWorker.java:128)
at java.base/java.util.concurrent.ThreadPoolExecutor.runWorker(ThreadPoolExecutor.java:1130)
at java.base/java.util.concurrent.ThreadPoolExecutor$Worker.run(ThreadPoolExecutor.java:630)
at java.base/java.lang.Thread.run(Thread.java:831)
Caused by: org.openqa.selenium.NoSuchElementException: no such element: Unable to locate element: {"method":"xpath","selector":"//button[@id='add-to-cart-button-3']"}
  (Session info: chrome=98.0.4758.82)
For documentation on this error, please visit: https://www.seleniumhq.org/exceptions/no_such_element.html
Build info: version: '3.141.59', revision: 'e82be7d358', time: '2018-11-14T08:17:03'
System info: host: 'DESKTOP-LLE4103', ip: '192.168.43.156', os.name: 'Windows 10', os.arch: 'amd64', os.version: '10.0', java.version: '16.0.2'
Driver info: org.openqa.selenium.chrome.ChromeDriver
Capabilities {acceptInsecureCerts: false, browserName: chrome, browserVersion: 98.0.4758.82, chrome: {chromedriverVersion: 97.0.4692.71 (adefa7837d02a..., userDataDir: C:\Users\admin\AppData\Loca...}, goog:chromeOptions: {debuggerAddress: localhost:53399}, javascriptEnabled: true, networkConnectionEnabled: false, pageLoadStrategy: normal, platform: WINDOWS, platformName: WINDOWS, proxy: Proxy(), setWindowRect: true, strictFileInteractability: false, timeouts: {implicit: 0, pageLoad: 300000, script: 30000}, unhandledPromptBehavior: dismiss and notify, webauthn:extension:credBlob: true, webauthn:extension:largeBlob: true, webauthn:virtualAuthenticators: true}
Session ID: 29952882f2a5e3c2b0ec429d821287f5
*** Element info: {Using=xpath, value=//button[@id='add-to-cart-button-3']}
at java.base/jdk.internal.reflect.NativeConstructorAccessorImpl.newInstance0(Native Method)
at java.base/jdk.internal.reflect.NativeConstructorAccessorImpl.newInstance(NativeConstructorAccessorImpl.java:78)
at java.base/jdk.internal.reflect.DelegatingConstructorAccessorImpl.newInstance(DelegatingConstructorAccessorImpl.java:45)
at java.base/java.lang.reflect.Constructor.newInstanceWithCaller(Constructor.java:499)
at java.base/java.lang.reflect.Constructor.newInstance(Constructor.java:480)
at org.openqa.selenium.remote.http.W3CHttpResponseCodec.createException(W3CHttpResponseCodec.java:187)
at org.openqa.selenium.remote.http.W3CHttpResponseCodec.decode(W3CHttpResponseCodec.java:122)
at org.openqa.selenium.remote.http.W3CHttpResponseCodec.decode(W3CHttpResponseCodec.java:49)
at org.openqa.selenium.remote.HttpCommandExecutor.execute(HttpCommandExecutor.java:158)
at org.openqa.selenium.remote.service.DriverCommandExecutor.execute(DriverCommandExecutor.java:83)
at org.openqa.selenium.remote.RemoteWebDriver.execute(RemoteWebDriver.java:552)
at org.openqa.selenium.remote.RemoteWebDriver.findElement(RemoteWebDriver.java:323)
at org.openqa.selenium.remote.RemoteWebDriver.findElementByXPath(RemoteWebDriver.java:428)
at org.openqa.selenium.By$ByXPath.findElement(By.java:353)
at org.openqa.selenium.remote.RemoteWebDriver.findElement(RemoteWebDriver.java:315)
at org.openqa.selenium.support.pagefactory.DefaultElementLocator.findElement(DefaultElementLocator.java:69)
at org.openqa.selenium.support.pagefactory.internal.LocatingElementHandler.invoke(LocatingElementHandler.java:38)
at jdk.proxy2/jdk.proxy2.$Proxy17.isDisplayed(Unknown Source)
at org.openqa.selenium.support.ui.ExpectedConditions.elementIfVisible(ExpectedConditions.java:314)
at org.openqa.selenium.support.ui.ExpectedConditions.access$000(ExpectedConditions.java:43)
at org.openqa.selenium.support.ui.ExpectedConditions$10.apply(ExpectedConditions.java:300)
at org.openqa.selenium.support.ui.ExpectedConditions$10.apply(ExpectedConditions.java:297)
at org.openqa.selenium.support.ui.FluentWait.until(FluentWait.java:249)
... 17 more
]]>
    </error>
  </testcase> <!-- toVerifyclickOnAddToCartPage -->
  <system-out/>
  <testcase classname="test.VerifyHeadersOfApplicationWithSoftAssert" name="toVerifyclickOnAddToCartTab" time="31.767">
    <error message="Expected condition failed: waiting for visibility of Proxy element for: DefaultElementLocator &#039;By.xpath: //button[@id=&#039;add-to-cart-button-14&#039;]&#039; (tried for 20 second(s) with 500 milliseconds interval)" type="org.openqa.selenium.TimeoutException">
      <![CDATA[org.openqa.selenium.TimeoutException: Expected condition failed: waiting for visibility of Proxy element for: DefaultElementLocator 'By.xpath: //button[@id='add-to-cart-button-14']' (tried for 20 second(s) with 500 milliseconds interval)
at org.openqa.selenium.support.ui.WebDriverWait.timeoutException(WebDriverWait.java:95)
at org.openqa.selenium.support.ui.FluentWait.until(FluentWait.java:272)
at pom.ElectronicsPage.clickOnAddToCart(ElectronicsPage.java:57)
at test.VerifyHeadersOfApplicationWithSoftAssert.toVerifyclickOnAddToCartTab(VerifyHeadersOfApplicationWithSoftAssert.java:249)
at java.base/jdk.internal.reflect.NativeMethodAccessorImpl.invoke0(Native Method)
at java.base/jdk.internal.reflect.NativeMethodAccessorImpl.invoke(NativeMethodAccessorImpl.java:78)
at java.base/jdk.internal.reflect.DelegatingMethodAccessorImpl.invoke(DelegatingMethodAccessorImpl.java:43)
at java.base/java.lang.reflect.Method.invoke(Method.java:567)
at org.testng.internal.MethodInvocationHelper.invokeMethod(MethodInvocationHelper.java:133)
at org.testng.internal.TestInvoker.invokeMethod(TestInvoker.java:598)
at org.testng.internal.TestInvoker.invokeTestMethod(TestInvoker.java:173)
at org.testng.internal.MethodRunner.runInSequence(MethodRunner.java:46)
at org.testng.internal.TestInvoker$MethodInvocationAgent.invoke(TestInvoker.java:824)
at org.testng.internal.TestInvoker.invokeTestMethods(TestInvoker.java:146)
at org.testng.internal.TestMethodWorker.invokeTestMethods(TestMethodWorker.java:146)
at org.testng.internal.TestMethodWorker.run(TestMethodWorker.java:128)
at java.base/java.util.concurrent.ThreadPoolExecutor.runWorker(ThreadPoolExecutor.java:1130)
at java.base/java.util.concurrent.ThreadPoolExecutor$Worker.run(ThreadPoolExecutor.java:630)
at java.base/java.lang.Thread.run(Thread.java:831)
Caused by: org.openqa.selenium.NoSuchElementException: Unable to locate element: //button[@id='add-to-cart-button-14']
For documentation on this error, please visit: https://www.seleniumhq.org/exceptions/no_such_element.html
Build info: version: '3.141.59', revision: 'e82be7d358', time: '2018-11-14T08:17:03'
System info: host: 'DESKTOP-LLE4103', ip: '192.168.43.156', os.name: 'Windows 10', os.arch: 'amd64', os.version: '10.0', java.version: '16.0.2'
Driver info: org.openqa.selenium.firefox.FirefoxDriver
Capabilities {acceptInsecureCerts: true, browserName: firefox, browserVersion: 97.0, javascriptEnabled: true, moz:accessibilityChecks: false, moz:buildID: 20220202182137, moz:geckodriverVersion: 0.30.0, moz:headless: false, moz:processID: 21500, moz:profile: C:\Users\admin\AppData\Loca..., moz:shutdownTimeout: 60000, moz:useNonSpecCompliantPointerOrigin: false, moz:webdriverClick: true, pageLoadStrategy: normal, platform: WINDOWS, platformName: WINDOWS, platformVersion: 10.0, proxy: Proxy(), setWindowRect: true, strictFileInteractability: false, timeouts: {implicit: 0, pageLoad: 300000, script: 30000}, unhandledPromptBehavior: dismiss and notify}
Session ID: ee123da2-be98-440b-988c-a531322cfcae
*** Element info: {Using=xpath, value=//button[@id='add-to-cart-button-14']}
at jdk.internal.reflect.GeneratedConstructorAccessor16.newInstance(Unknown Source)
at java.base/jdk.internal.reflect.DelegatingConstructorAccessorImpl.newInstance(DelegatingConstructorAccessorImpl.java:45)
at java.base/java.lang.reflect.Constructor.newInstanceWithCaller(Constructor.java:499)
at java.base/java.lang.reflect.Constructor.newInstance(Constructor.java:480)
at org.openqa.selenium.remote.http.W3CHttpResponseCodec.createException(W3CHttpResponseCodec.java:187)
at org.openqa.selenium.remote.http.W3CHttpResponseCodec.decode(W3CHttpResponseCodec.java:122)
at org.openqa.selenium.remote.http.W3CHttpResponseCodec.decode(W3CHttpResponseCodec.java:49)
at org.openqa.selenium.remote.HttpCommandExecutor.execute(HttpCommandExecutor.java:158)
at org.openqa.selenium.remote.service.DriverCommandExecutor.execute(DriverCommandExecutor.java:83)
at org.openqa.selenium.remote.RemoteWebDriver.execute(RemoteWebDriver.java:552)
at org.openqa.selenium.remote.RemoteWebDriver.findElement(RemoteWebDriver.java:323)
at org.openqa.selenium.remote.RemoteWebDriver.findElementByXPath(RemoteWebDriver.java:428)
at org.openqa.selenium.By$ByXPath.findElement(By.java:353)
at org.openqa.selenium.remote.RemoteWebDriver.findElement(RemoteWebDriver.java:315)
at org.openqa.selenium.support.pagefactory.DefaultElementLocator.findElement(DefaultElementLocator.java:69)
at org.openqa.selenium.support.pagefactory.internal.LocatingElementHandler.invoke(LocatingElementHandler.java:38)
at jdk.proxy2/jdk.proxy2.$Proxy17.isDisplayed(Unknown Source)
at org.openqa.selenium.support.ui.ExpectedConditions.elementIfVisible(ExpectedConditions.java:314)
at org.openqa.selenium.support.ui.ExpectedConditions.access$000(ExpectedConditions.java:43)
at org.openqa.selenium.support.ui.ExpectedConditions$10.apply(ExpectedConditions.java:300)
at org.openqa.selenium.support.ui.ExpectedConditions$10.apply(ExpectedConditions.java:297)
at org.openqa.selenium.support.ui.FluentWait.until(FluentWait.java:249)
... 17 more
]]>
    </error>
  </testcase> <!-- toVerifyclickOnAddToCartTab -->
  <system-out/>
  <testcase classname="test.VerifyHeadersOfApplicationWithSoftAssert" name="toVerifyElectronicsPage" time="5.536">
    <failure message="The following asserts failed:
	expected [http://localhost/user/submit_tt.do] but found [https://demo.nopcommerce.com/apparel],
	expected [actiTIME - Enter Time-Track] but found [nopCommerce demo store. Apparel],
	expected [http://localhost/user/submit_tt.do] but found [https://demo.nopcommerce.com/books],
	expected [actiTIME - Enter Time-Track] but found [nopCommerce demo store. Books],
	expected [http://localhost/user/submit_tt.do] but found [https://demo.nopcommerce.com/],
	expected [actiTIME - Enter Time-Track] but found [nopCommerce demo store],
	expected [http://localhost/user/submit_tt.do] but found [https://demo.nopcommerce.com/computers],
	expected [actiTIME - Enter Time-Track] but found [nopCommerce demo store. Computers],
	expected [http://localhost/user/submit_tt.do] but found [https://demo.nopcommerce.com/digital-downloads],
	expected [actiTIME - Enter Time-Track] but found [nopCommerce demo store. Digital downloads],
	expected [http://localhost/user/submit_tt.do] but found [https://demo.nopcommerce.com/electronics],
	expected [actiTIME - Enter Time-Track] but found [nopCommerce demo store. Electronics]" type="java.lang.AssertionError">
      <![CDATA[java.lang.AssertionError: The following asserts failed:
expected [http://localhost/user/submit_tt.do] but found [https://demo.nopcommerce.com/apparel],
expected [actiTIME - Enter Time-Track] but found [nopCommerce demo store. Apparel],
expected [http://localhost/user/submit_tt.do] but found [https://demo.nopcommerce.com/books],
expected [actiTIME - Enter Time-Track] but found [nopCommerce demo store. Books],
expected [http://localhost/user/submit_tt.do] but found [https://demo.nopcommerce.com/],
expected [actiTIME - Enter Time-Track] but found [nopCommerce demo store],
expected [http://localhost/user/submit_tt.do] but found [https://demo.nopcommerce.com/computers],
expected [actiTIME - Enter Time-Track] but found [nopCommerce demo store. Computers],
expected [http://localhost/user/submit_tt.do] but found [https://demo.nopcommerce.com/digital-downloads],
expected [actiTIME - Enter Time-Track] but found [nopCommerce demo store. Digital downloads],
expected [http://localhost/user/submit_tt.do] but found [https://demo.nopcommerce.com/electronics],
expected [actiTIME - Enter Time-Track] but found [nopCommerce demo store. Electronics]
at org.testng.asserts.SoftAssert.assertAll(SoftAssert.java:47)
at org.testng.asserts.SoftAssert.assertAll(SoftAssert.java:31)
at test.VerifyHeadersOfApplicationWithSoftAssert.toVerifyElectronicsPage(VerifyHeadersOfApplicationWithSoftAssert.java:218)
at java.base/jdk.internal.reflect.NativeMethodAccessorImpl.invoke0(Native Method)
at java.base/jdk.internal.reflect.NativeMethodAccessorImpl.invoke(NativeMethodAccessorImpl.java:78)
at java.base/jdk.internal.reflect.DelegatingMethodAccessorImpl.invoke(DelegatingMethodAccessorImpl.java:43)
at java.base/java.lang.reflect.Method.invoke(Method.java:567)
at org.testng.internal.MethodInvocationHelper.invokeMethod(MethodInvocationHelper.java:133)
at org.testng.internal.TestInvoker.invokeMethod(TestInvoker.java:598)
at org.testng.internal.TestInvoker.invokeTestMethod(TestInvoker.java:173)
at org.testng.internal.MethodRunner.runInSequence(MethodRunner.java:46)
at org.testng.internal.TestInvoker$MethodInvocationAgent.invoke(TestInvoker.java:824)
at org.testng.internal.TestInvoker.invokeTestMethods(TestInvoker.java:146)
at org.testng.internal.TestMethodWorker.invokeTestMethods(TestMethodWorker.java:146)
at org.testng.internal.TestMethodWorker.run(TestMethodWorker.java:128)
at java.base/java.util.concurrent.ThreadPoolExecutor.runWorker(ThreadPoolExecutor.java:1130)
at java.base/java.util.concurrent.ThreadPoolExecutor$Worker.run(ThreadPoolExecutor.java:630)
at java.base/java.lang.Thread.run(Thread.java:831)
]]>
    </failure>
  </testcase> <!-- toVerifyElectronicsPage -->
  <system-out/>
  <testcase classname="test.VerifyHeadersOfApplicationWithSoftAssert" name="toVerifyElectronicsTab" time="1.556">
    <failure message="The following asserts failed:
	expected [http://localhost/user/submit_tt.do] but found [https://demo.nopcommerce.com/apparel],
	expected [actiTIME - Enter Time-Track] but found [nopCommerce demo store. Apparel],
	expected [http://localhost/user/submit_tt.do] but found [https://demo.nopcommerce.com/books],
	expected [actiTIME - Enter Time-Track] but found [nopCommerce demo store. Books],
	expected [http://localhost/user/submit_tt.do] but found [https://demo.nopcommerce.com/],
	expected [actiTIME - Enter Time-Track] but found [nopCommerce demo store],
	expected [http://localhost/user/submit_tt.do] but found [https://demo.nopcommerce.com/],
	expected [actiTIME - Enter Time-Track] but found [nopCommerce demo store],
	expected [http://localhost/user/submit_tt.do] but found [https://demo.nopcommerce.com/digital-downloads],
	expected [actiTIME - Enter Time-Track] but found [nopCommerce demo store. Digital downloads],
	expected [http://localhost/user/submit_tt.do] but found [https://demo.nopcommerce.com/],
	expected [actiTIME - Enter Time-Track] but found [nopCommerce demo store],
	expected [http://localhost/user/submit_tt.do] but found [https://demo.nopcommerce.com/],
	expected [actiTIME - Enter Time-Track] but found [nopCommerce demo store]" type="java.lang.AssertionError">
      <![CDATA[java.lang.AssertionError: The following asserts failed:
expected [http://localhost/user/submit_tt.do] but found [https://demo.nopcommerce.com/apparel],
expected [actiTIME - Enter Time-Track] but found [nopCommerce demo store. Apparel],
expected [http://localhost/user/submit_tt.do] but found [https://demo.nopcommerce.com/books],
expected [actiTIME - Enter Time-Track] but found [nopCommerce demo store. Books],
expected [http://localhost/user/submit_tt.do] but found [https://demo.nopcommerce.com/],
expected [actiTIME - Enter Time-Track] but found [nopCommerce demo store],
expected [http://localhost/user/submit_tt.do] but found [https://demo.nopcommerce.com/],
expected [actiTIME - Enter Time-Track] but found [nopCommerce demo store],
expected [http://localhost/user/submit_tt.do] but found [https://demo.nopcommerce.com/digital-downloads],
expected [actiTIME - Enter Time-Track] but found [nopCommerce demo store. Digital downloads],
expected [http://localhost/user/submit_tt.do] but found [https://demo.nopcommerce.com/],
expected [actiTIME - Enter Time-Track] but found [nopCommerce demo store],
expected [http://localhost/user/submit_tt.do] but found [https://demo.nopcommerce.com/],
expected [actiTIME - Enter Time-Track] but found [nopCommerce demo store]
at org.testng.asserts.SoftAssert.assertAll(SoftAssert.java:47)
at org.testng.asserts.SoftAssert.assertAll(SoftAssert.java:31)
at test.VerifyHeadersOfApplicationWithSoftAssert.toVerifyElectronicsTab(VerifyHeadersOfApplicationWithSoftAssert.java:98)
at java.base/jdk.internal.reflect.NativeMethodAccessorImpl.invoke0(Native Method)
at java.base/jdk.internal.reflect.NativeMethodAccessorImpl.invoke(NativeMethodAccessorImpl.java:78)
at java.base/jdk.internal.reflect.DelegatingMethodAccessorImpl.invoke(DelegatingMethodAccessorImpl.java:43)
at java.base/java.lang.reflect.Method.invoke(Method.java:567)
at org.testng.internal.MethodInvocationHelper.invokeMethod(MethodInvocationHelper.java:133)
at org.testng.internal.TestInvoker.invokeMethod(TestInvoker.java:598)
at org.testng.internal.TestInvoker.invokeTestMethod(TestInvoker.java:173)
at org.testng.internal.MethodRunner.runInSequence(MethodRunner.java:46)
at org.testng.internal.TestInvoker$MethodInvocationAgent.invoke(TestInvoker.java:824)
at org.testng.internal.TestInvoker.invokeTestMethods(TestInvoker.java:146)
at org.testng.internal.TestMethodWorker.invokeTestMethods(TestMethodWorker.java:146)
at org.testng.internal.TestMethodWorker.run(TestMethodWorker.java:128)
at java.base/java.util.concurrent.ThreadPoolExecutor.runWorker(ThreadPoolExecutor.java:1130)
at java.base/java.util.concurrent.ThreadPoolExecutor$Worker.run(ThreadPoolExecutor.java:630)
at java.base/java.lang.Thread.run(Thread.java:831)
]]>
    </failure>
  </testcase> <!-- toVerifyElectronicsTab -->
  <system-out/>
  <testcase classname="test.VerifyHeadersOfApplicationWithSoftAssert" name="toVerifyComputersPageTab" time="1.875">
    <failure message="The following asserts failed:
	expected [http://localhost/user/submit_tt.do] but found [https://demo.nopcommerce.com/apparel],
	expected [actiTIME - Enter Time-Track] but found [nopCommerce demo store. Apparel],
	expected [http://localhost/user/submit_tt.do] but found [https://demo.nopcommerce.com/books],
	expected [actiTIME - Enter Time-Track] but found [nopCommerce demo store. Books],
	expected [http://localhost/user/submit_tt.do] but found [https://demo.nopcommerce.com/],
	expected [actiTIME - Enter Time-Track] but found [nopCommerce demo store]" type="java.lang.AssertionError">
      <![CDATA[java.lang.AssertionError: The following asserts failed:
expected [http://localhost/user/submit_tt.do] but found [https://demo.nopcommerce.com/apparel],
expected [actiTIME - Enter Time-Track] but found [nopCommerce demo store. Apparel],
expected [http://localhost/user/submit_tt.do] but found [https://demo.nopcommerce.com/books],
expected [actiTIME - Enter Time-Track] but found [nopCommerce demo store. Books],
expected [http://localhost/user/submit_tt.do] but found [https://demo.nopcommerce.com/],
expected [actiTIME - Enter Time-Track] but found [nopCommerce demo store]
at org.testng.asserts.SoftAssert.assertAll(SoftAssert.java:47)
at org.testng.asserts.SoftAssert.assertAll(SoftAssert.java:31)
at test.VerifyHeadersOfApplicationWithSoftAssert.toVerifyComputersPageTab(VerifyHeadersOfApplicationWithSoftAssert.java:85)
at java.base/jdk.internal.reflect.NativeMethodAccessorImpl.invoke0(Native Method)
at java.base/jdk.internal.reflect.NativeMethodAccessorImpl.invoke(NativeMethodAccessorImpl.java:78)
at java.base/jdk.internal.reflect.DelegatingMethodAccessorImpl.invoke(DelegatingMethodAccessorImpl.java:43)
at java.base/java.lang.reflect.Method.invoke(Method.java:567)
at org.testng.internal.MethodInvocationHelper.invokeMethod(MethodInvocationHelper.java:133)
at org.testng.internal.TestInvoker.invokeMethod(TestInvoker.java:598)
at org.testng.internal.TestInvoker.invokeTestMethod(TestInvoker.java:173)
at org.testng.internal.MethodRunner.runInSequence(MethodRunner.java:46)
at org.testng.internal.TestInvoker$MethodInvocationAgent.invoke(TestInvoker.java:824)
at org.testng.internal.TestInvoker.invokeTestMethods(TestInvoker.java:146)
at org.testng.internal.TestMethodWorker.invokeTestMethods(TestMethodWorker.java:146)
at org.testng.internal.TestMethodWorker.run(TestMethodWorker.java:128)
at java.base/java.util.concurrent.ThreadPoolExecutor.runWorker(ThreadPoolExecutor.java:1130)
at java.base/java.util.concurrent.ThreadPoolExecutor$Worker.run(ThreadPoolExecutor.java:630)
at java.base/java.lang.Thread.run(Thread.java:831)
]]>
    </failure>
  </testcase> <!-- toVerifyComputersPageTab -->
  <system-out/>
  <testcase classname="test.VerifyHeadersOfApplicationWithSoftAssert" name="toVerifyclickOnAddToCartTab" time="32.040">
    <error message="Expected condition failed: waiting for visibility of Proxy element for: DefaultElementLocator &#039;By.xpath: //button[@id=&#039;add-to-cart-button-14&#039;]&#039; (tried for 20 second(s) with 500 milliseconds interval)" type="org.openqa.selenium.TimeoutException">
      <![CDATA[org.openqa.selenium.TimeoutException: Expected condition failed: waiting for visibility of Proxy element for: DefaultElementLocator 'By.xpath: //button[@id='add-to-cart-button-14']' (tried for 20 second(s) with 500 milliseconds interval)
at org.openqa.selenium.support.ui.WebDriverWait.timeoutException(WebDriverWait.java:95)
at org.openqa.selenium.support.ui.FluentWait.until(FluentWait.java:272)
at pom.ElectronicsPage.clickOnAddToCart(ElectronicsPage.java:57)
at test.VerifyHeadersOfApplicationWithSoftAssert.toVerifyclickOnAddToCartTab(VerifyHeadersOfApplicationWithSoftAssert.java:249)
at java.base/jdk.internal.reflect.NativeMethodAccessorImpl.invoke0(Native Method)
at java.base/jdk.internal.reflect.NativeMethodAccessorImpl.invoke(NativeMethodAccessorImpl.java:78)
at java.base/jdk.internal.reflect.DelegatingMethodAccessorImpl.invoke(DelegatingMethodAccessorImpl.java:43)
at java.base/java.lang.reflect.Method.invoke(Method.java:567)
at org.testng.internal.MethodInvocationHelper.invokeMethod(MethodInvocationHelper.java:133)
at org.testng.internal.TestInvoker.invokeMethod(TestInvoker.java:598)
at org.testng.internal.TestInvoker.invokeTestMethod(TestInvoker.java:173)
at org.testng.internal.MethodRunner.runInSequence(MethodRunner.java:46)
at org.testng.internal.TestInvoker$MethodInvocationAgent.invoke(TestInvoker.java:824)
at org.testng.internal.TestInvoker.invokeTestMethods(TestInvoker.java:146)
at org.testng.internal.TestMethodWorker.invokeTestMethods(TestMethodWorker.java:146)
at org.testng.internal.TestMethodWorker.run(TestMethodWorker.java:128)
at java.base/java.util.concurrent.ThreadPoolExecutor.runWorker(ThreadPoolExecutor.java:1130)
at java.base/java.util.concurrent.ThreadPoolExecutor$Worker.run(ThreadPoolExecutor.java:630)
at java.base/java.lang.Thread.run(Thread.java:831)
Caused by: org.openqa.selenium.NoSuchElementException: no such element: Unable to locate element: {"method":"xpath","selector":"//button[@id='add-to-cart-button-14']"}
  (Session info: chrome=98.0.4758.82)
For documentation on this error, please visit: https://www.seleniumhq.org/exceptions/no_such_element.html
Build info: version: '3.141.59', revision: 'e82be7d358', time: '2018-11-14T08:17:03'
System info: host: 'DESKTOP-LLE4103', ip: '192.168.43.156', os.name: 'Windows 10', os.arch: 'amd64', os.version: '10.0', java.version: '16.0.2'
Driver info: org.openqa.selenium.chrome.ChromeDriver
Capabilities {acceptInsecureCerts: false, browserName: chrome, browserVersion: 98.0.4758.82, chrome: {chromedriverVersion: 97.0.4692.71 (adefa7837d02a..., userDataDir: C:\Users\admin\AppData\Loca...}, goog:chromeOptions: {debuggerAddress: localhost:53399}, javascriptEnabled: true, networkConnectionEnabled: false, pageLoadStrategy: normal, platform: WINDOWS, platformName: WINDOWS, proxy: Proxy(), setWindowRect: true, strictFileInteractability: false, timeouts: {implicit: 0, pageLoad: 300000, script: 30000}, unhandledPromptBehavior: dismiss and notify, webauthn:extension:credBlob: true, webauthn:extension:largeBlob: true, webauthn:virtualAuthenticators: true}
Session ID: 29952882f2a5e3c2b0ec429d821287f5
*** Element info: {Using=xpath, value=//button[@id='add-to-cart-button-14']}
at jdk.internal.reflect.GeneratedConstructorAccessor16.newInstance(Unknown Source)
at java.base/jdk.internal.reflect.DelegatingConstructorAccessorImpl.newInstance(DelegatingConstructorAccessorImpl.java:45)
at java.base/java.lang.reflect.Constructor.newInstanceWithCaller(Constructor.java:499)
at java.base/java.lang.reflect.Constructor.newInstance(Constructor.java:480)
at org.openqa.selenium.remote.http.W3CHttpResponseCodec.createException(W3CHttpResponseCodec.java:187)
at org.openqa.selenium.remote.http.W3CHttpResponseCodec.decode(W3CHttpResponseCodec.java:122)
at org.openqa.selenium.remote.http.W3CHttpResponseCodec.decode(W3CHttpResponseCodec.java:49)
at org.openqa.selenium.remote.HttpCommandExecutor.execute(HttpCommandExecutor.java:158)
at org.openqa.selenium.remote.service.DriverCommandExecutor.execute(DriverCommandExecutor.java:83)
at org.openqa.selenium.remote.RemoteWebDriver.execute(RemoteWebDriver.java:552)
at org.openqa.selenium.remote.RemoteWebDriver.findElement(RemoteWebDriver.java:323)
at org.openqa.selenium.remote.RemoteWebDriver.findElementByXPath(RemoteWebDriver.java:428)
at org.openqa.selenium.By$ByXPath.findElement(By.java:353)
at org.openqa.selenium.remote.RemoteWebDriver.findElement(RemoteWebDriver.java:315)
at org.openqa.selenium.support.pagefactory.DefaultElementLocator.findElement(DefaultElementLocator.java:69)
at org.openqa.selenium.support.pagefactory.internal.LocatingElementHandler.invoke(LocatingElementHandler.java:38)
at jdk.proxy2/jdk.proxy2.$Proxy17.isDisplayed(Unknown Source)
at org.openqa.selenium.support.ui.ExpectedConditions.elementIfVisible(ExpectedConditions.java:314)
at org.openqa.selenium.support.ui.ExpectedConditions.access$000(ExpectedConditions.java:43)
at org.openqa.selenium.support.ui.ExpectedConditions$10.apply(ExpectedConditions.java:300)
at org.openqa.selenium.support.ui.ExpectedConditions$10.apply(ExpectedConditions.java:297)
at org.openqa.selenium.support.ui.FluentWait.until(FluentWait.java:249)
... 17 more
]]>
    </error>
  </testcase> <!-- toVerifyclickOnAddToCartTab -->
  <system-out/>
  <testcase classname="test.VerifyHeadersOfApplicationWithSoftAssert" name="toVerifyclickOnLenovoItemTab" time="21.594">
    <error message="Expected condition failed: waiting for visibility of Proxy element for: DefaultElementLocator &#039;By.xpath: (//img[@alt=&#039;Picture of Lenovo IdeaCentre 600 All-in-One PC&#039;])[1]&#039; (tried for 10 second(s) with 500 milliseconds interval)" type="org.openqa.selenium.TimeoutException">
      <![CDATA[org.openqa.selenium.TimeoutException: Expected condition failed: waiting for visibility of Proxy element for: DefaultElementLocator 'By.xpath: (//img[@alt='Picture of Lenovo IdeaCentre 600 All-in-One PC'])[1]' (tried for 10 second(s) with 500 milliseconds interval)
at org.openqa.selenium.support.ui.WebDriverWait.timeoutException(WebDriverWait.java:95)
at org.openqa.selenium.support.ui.FluentWait.until(FluentWait.java:272)
at pom.ComputerPage.clickOnLenovoItem(ComputerPage.java:51)
at test.VerifyHeadersOfApplicationWithSoftAssert.toVerifyclickOnLenovoItemTab(VerifyHeadersOfApplicationWithSoftAssert.java:189)
at java.base/jdk.internal.reflect.NativeMethodAccessorImpl.invoke0(Native Method)
at java.base/jdk.internal.reflect.NativeMethodAccessorImpl.invoke(NativeMethodAccessorImpl.java:78)
at java.base/jdk.internal.reflect.DelegatingMethodAccessorImpl.invoke(DelegatingMethodAccessorImpl.java:43)
at java.base/java.lang.reflect.Method.invoke(Method.java:567)
at org.testng.internal.MethodInvocationHelper.invokeMethod(MethodInvocationHelper.java:133)
at org.testng.internal.TestInvoker.invokeMethod(TestInvoker.java:598)
at org.testng.internal.TestInvoker.invokeTestMethod(TestInvoker.java:173)
at org.testng.internal.MethodRunner.runInSequence(MethodRunner.java:46)
at org.testng.internal.TestInvoker$MethodInvocationAgent.invoke(TestInvoker.java:824)
at org.testng.internal.TestInvoker.invokeTestMethods(TestInvoker.java:146)
at org.testng.internal.TestMethodWorker.invokeTestMethods(TestMethodWorker.java:146)
at org.testng.internal.TestMethodWorker.run(TestMethodWorker.java:128)
at java.base/java.util.concurrent.ThreadPoolExecutor.runWorker(ThreadPoolExecutor.java:1130)
at java.base/java.util.concurrent.ThreadPoolExecutor$Worker.run(ThreadPoolExecutor.java:630)
at java.base/java.lang.Thread.run(Thread.java:831)
Caused by: org.openqa.selenium.NoSuchElementException: no such element: Unable to locate element: {"method":"xpath","selector":"(//img[@alt='Picture of Lenovo IdeaCentre 600 All-in-One PC'])[1]"}
  (Session info: chrome=98.0.4758.82)
For documentation on this error, please visit: https://www.seleniumhq.org/exceptions/no_such_element.html
Build info: version: '3.141.59', revision: 'e82be7d358', time: '2018-11-14T08:17:03'
System info: host: 'DESKTOP-LLE4103', ip: '192.168.43.156', os.name: 'Windows 10', os.arch: 'amd64', os.version: '10.0', java.version: '16.0.2'
Driver info: org.openqa.selenium.chrome.ChromeDriver
Capabilities {acceptInsecureCerts: false, browserName: chrome, browserVersion: 98.0.4758.82, chrome: {chromedriverVersion: 97.0.4692.71 (adefa7837d02a..., userDataDir: C:\Users\admin\AppData\Loca...}, goog:chromeOptions: {debuggerAddress: localhost:53399}, javascriptEnabled: true, networkConnectionEnabled: false, pageLoadStrategy: normal, platform: WINDOWS, platformName: WINDOWS, proxy: Proxy(), setWindowRect: true, strictFileInteractability: false, timeouts: {implicit: 0, pageLoad: 300000, script: 30000}, unhandledPromptBehavior: dismiss and notify, webauthn:extension:credBlob: true, webauthn:extension:largeBlob: true, webauthn:virtualAuthenticators: true}
Session ID: 29952882f2a5e3c2b0ec429d821287f5
*** Element info: {Using=xpath, value=(//img[@alt='Picture of Lenovo IdeaCentre 600 All-in-One PC'])[1]}
at jdk.internal.reflect.GeneratedConstructorAccessor16.newInstance(Unknown Source)
at java.base/jdk.internal.reflect.DelegatingConstructorAccessorImpl.newInstance(DelegatingConstructorAccessorImpl.java:45)
at java.base/java.lang.reflect.Constructor.newInstanceWithCaller(Constructor.java:499)
at java.base/java.lang.reflect.Constructor.newInstance(Constructor.java:480)
at org.openqa.selenium.remote.http.W3CHttpResponseCodec.createException(W3CHttpResponseCodec.java:187)
at org.openqa.selenium.remote.http.W3CHttpResponseCodec.decode(W3CHttpResponseCodec.java:122)
at org.openqa.selenium.remote.http.W3CHttpResponseCodec.decode(W3CHttpResponseCodec.java:49)
at org.openqa.selenium.remote.HttpCommandExecutor.execute(HttpCommandExecutor.java:158)
at org.openqa.selenium.remote.service.DriverCommandExecutor.execute(DriverCommandExecutor.java:83)
at org.openqa.selenium.remote.RemoteWebDriver.execute(RemoteWebDriver.java:552)
at org.openqa.selenium.remote.RemoteWebDriver.findElement(RemoteWebDriver.java:323)
at org.openqa.selenium.remote.RemoteWebDriver.findElementByXPath(RemoteWebDriver.java:428)
at org.openqa.selenium.By$ByXPath.findElement(By.java:353)
at org.openqa.selenium.remote.RemoteWebDriver.findElement(RemoteWebDriver.java:315)
at org.openqa.selenium.support.pagefactory.DefaultElementLocator.findElement(DefaultElementLocator.java:69)
at org.openqa.selenium.support.pagefactory.internal.LocatingElementHandler.invoke(LocatingElementHandler.java:38)
at jdk.proxy2/jdk.proxy2.$Proxy17.isDisplayed(Unknown Source)
at org.openqa.selenium.support.ui.ExpectedConditions.elementIfVisible(ExpectedConditions.java:314)
at org.openqa.selenium.support.ui.ExpectedConditions.access$000(ExpectedConditions.java:43)
at org.openqa.selenium.support.ui.ExpectedConditions$10.apply(ExpectedConditions.java:300)
at org.openqa.selenium.support.ui.ExpectedConditions$10.apply(ExpectedConditions.java:297)
at org.openqa.selenium.support.ui.FluentWait.until(FluentWait.java:249)
... 17 more
]]>
    </error>
  </testcase> <!-- toVerifyclickOnLenovoItemTab -->
  <system-out/>
  <testcase classname="test.VerifyHeadersOfApplicationWithSoftAssert" name="toVerifyComputersTab" time="4.573">
    <failure message="The following asserts failed:
	expected [http://localhost/user/submit_tt.do] but found [https://demo.nopcommerce.com/apparel],
	expected [actiTIME - Enter Time-Track] but found [nopCommerce demo store. Apparel],
	expected [http://localhost/user/submit_tt.do] but found [https://demo.nopcommerce.com/books],
	expected [actiTIME - Enter Time-Track] but found [nopCommerce demo store. Books],
	expected [http://localhost/user/submit_tt.do] but found [https://demo.nopcommerce.com/],
	expected [actiTIME - Enter Time-Track] but found [nopCommerce demo store],
	expected [http://localhost/user/submit_tt.do] but found [https://demo.nopcommerce.com/computers],
	expected [actiTIME - Enter Time-Track] but found [nopCommerce demo store. Computers]" type="java.lang.AssertionError">
      <![CDATA[java.lang.AssertionError: The following asserts failed:
expected [http://localhost/user/submit_tt.do] but found [https://demo.nopcommerce.com/apparel],
expected [actiTIME - Enter Time-Track] but found [nopCommerce demo store. Apparel],
expected [http://localhost/user/submit_tt.do] but found [https://demo.nopcommerce.com/books],
expected [actiTIME - Enter Time-Track] but found [nopCommerce demo store. Books],
expected [http://localhost/user/submit_tt.do] but found [https://demo.nopcommerce.com/],
expected [actiTIME - Enter Time-Track] but found [nopCommerce demo store],
expected [http://localhost/user/submit_tt.do] but found [https://demo.nopcommerce.com/computers],
expected [actiTIME - Enter Time-Track] but found [nopCommerce demo store. Computers]
at org.testng.asserts.SoftAssert.assertAll(SoftAssert.java:47)
at org.testng.asserts.SoftAssert.assertAll(SoftAssert.java:31)
at test.VerifyHeadersOfApplicationWithSoftAssert.toVerifyComputersTab(VerifyHeadersOfApplicationWithSoftAssert.java:170)
at java.base/jdk.internal.reflect.NativeMethodAccessorImpl.invoke0(Native Method)
at java.base/jdk.internal.reflect.NativeMethodAccessorImpl.invoke(NativeMethodAccessorImpl.java:78)
at java.base/jdk.internal.reflect.DelegatingMethodAccessorImpl.invoke(DelegatingMethodAccessorImpl.java:43)
at java.base/java.lang.reflect.Method.invoke(Method.java:567)
at org.testng.internal.MethodInvocationHelper.invokeMethod(MethodInvocationHelper.java:133)
at org.testng.internal.TestInvoker.invokeMethod(TestInvoker.java:598)
at org.testng.internal.TestInvoker.invokeTestMethod(TestInvoker.java:173)
at org.testng.internal.MethodRunner.runInSequence(MethodRunner.java:46)
at org.testng.internal.TestInvoker$MethodInvocationAgent.invoke(TestInvoker.java:824)
at org.testng.internal.TestInvoker.invokeTestMethods(TestInvoker.java:146)
at org.testng.internal.TestMethodWorker.invokeTestMethods(TestMethodWorker.java:146)
at org.testng.internal.TestMethodWorker.run(TestMethodWorker.java:128)
at java.base/java.util.concurrent.ThreadPoolExecutor.runWorker(ThreadPoolExecutor.java:1130)
at java.base/java.util.concurrent.ThreadPoolExecutor$Worker.run(ThreadPoolExecutor.java:630)
at java.base/java.lang.Thread.run(Thread.java:831)
]]>
    </failure>
  </testcase> <!-- toVerifyComputersTab -->
  <system-out/>
  <testcase classname="test.VerifyHeadersOfApplicationWithSoftAssert" name="toVerifyElectronicsTab" time="14.958">
    <failure message="The following asserts failed:
	expected [http://localhost/user/submit_tt.do] but found [https://demo.nopcommerce.com/apparel],
	expected [actiTIME - Enter Time-Track] but found [nopCommerce demo store. Apparel],
	expected [http://localhost/user/submit_tt.do] but found [https://demo.nopcommerce.com/books],
	expected [actiTIME - Enter Time-Track] but found [nopCommerce demo store. Books],
	expected [http://localhost/user/submit_tt.do] but found [https://demo.nopcommerce.com/],
	expected [actiTIME - Enter Time-Track] but found [nopCommerce demo store],
	expected [http://localhost/user/submit_tt.do] but found [https://demo.nopcommerce.com/computers],
	expected [actiTIME - Enter Time-Track] but found [nopCommerce demo store. Computers],
	expected [http://localhost/user/submit_tt.do] but found [https://demo.nopcommerce.com/digital-downloads],
	expected [actiTIME - Enter Time-Track] but found [nopCommerce demo store. Digital downloads],
	expected [http://localhost/user/submit_tt.do] but found [https://demo.nopcommerce.com/electronics],
	expected [actiTIME - Enter Time-Track] but found [nopCommerce demo store. Electronics],
	expected [http://localhost/user/submit_tt.do] but found [https://demo.nopcommerce.com/],
	expected [actiTIME - Enter Time-Track] but found [nopCommerce demo store]" type="java.lang.AssertionError">
      <![CDATA[java.lang.AssertionError: The following asserts failed:
expected [http://localhost/user/submit_tt.do] but found [https://demo.nopcommerce.com/apparel],
expected [actiTIME - Enter Time-Track] but found [nopCommerce demo store. Apparel],
expected [http://localhost/user/submit_tt.do] but found [https://demo.nopcommerce.com/books],
expected [actiTIME - Enter Time-Track] but found [nopCommerce demo store. Books],
expected [http://localhost/user/submit_tt.do] but found [https://demo.nopcommerce.com/],
expected [actiTIME - Enter Time-Track] but found [nopCommerce demo store],
expected [http://localhost/user/submit_tt.do] but found [https://demo.nopcommerce.com/computers],
expected [actiTIME - Enter Time-Track] but found [nopCommerce demo store. Computers],
expected [http://localhost/user/submit_tt.do] but found [https://demo.nopcommerce.com/digital-downloads],
expected [actiTIME - Enter Time-Track] but found [nopCommerce demo store. Digital downloads],
expected [http://localhost/user/submit_tt.do] but found [https://demo.nopcommerce.com/electronics],
expected [actiTIME - Enter Time-Track] but found [nopCommerce demo store. Electronics],
expected [http://localhost/user/submit_tt.do] but found [https://demo.nopcommerce.com/],
expected [actiTIME - Enter Time-Track] but found [nopCommerce demo store]
at org.testng.asserts.SoftAssert.assertAll(SoftAssert.java:47)
at org.testng.asserts.SoftAssert.assertAll(SoftAssert.java:31)
at test.VerifyHeadersOfApplicationWithSoftAssert.toVerifyElectronicsTab(VerifyHeadersOfApplicationWithSoftAssert.java:98)
at java.base/jdk.internal.reflect.NativeMethodAccessorImpl.invoke0(Native Method)
at java.base/jdk.internal.reflect.NativeMethodAccessorImpl.invoke(NativeMethodAccessorImpl.java:78)
at java.base/jdk.internal.reflect.DelegatingMethodAccessorImpl.invoke(DelegatingMethodAccessorImpl.java:43)
at java.base/java.lang.reflect.Method.invoke(Method.java:567)
at org.testng.internal.MethodInvocationHelper.invokeMethod(MethodInvocationHelper.java:133)
at org.testng.internal.TestInvoker.invokeMethod(TestInvoker.java:598)
at org.testng.internal.TestInvoker.invokeTestMethod(TestInvoker.java:173)
at org.testng.internal.MethodRunner.runInSequence(MethodRunner.java:46)
at org.testng.internal.TestInvoker$MethodInvocationAgent.invoke(TestInvoker.java:824)
at org.testng.internal.TestInvoker.invokeTestMethods(TestInvoker.java:146)
at org.testng.internal.TestMethodWorker.invokeTestMethods(TestMethodWorker.java:146)
at org.testng.internal.TestMethodWorker.run(TestMethodWorker.java:128)
at java.base/java.util.concurrent.ThreadPoolExecutor.runWorker(ThreadPoolExecutor.java:1130)
at java.base/java.util.concurrent.ThreadPoolExecutor$Worker.run(ThreadPoolExecutor.java:630)
at java.base/java.lang.Thread.run(Thread.java:831)
]]>
    </failure>
  </testcase> <!-- toVerifyElectronicsTab -->
  <system-out/>
  <testcase classname="test.VerifyHeadersOfApplicationWithSoftAssert" name="toVerifyclickOnLenovoItemTab" time="23.249">
    <error message="Expected condition failed: waiting for visibility of Proxy element for: DefaultElementLocator &#039;By.xpath: (//img[@alt=&#039;Picture of Lenovo IdeaCentre 600 All-in-One PC&#039;])[1]&#039; (tried for 10 second(s) with 500 milliseconds interval)" type="org.openqa.selenium.TimeoutException">
      <![CDATA[org.openqa.selenium.TimeoutException: Expected condition failed: waiting for visibility of Proxy element for: DefaultElementLocator 'By.xpath: (//img[@alt='Picture of Lenovo IdeaCentre 600 All-in-One PC'])[1]' (tried for 10 second(s) with 500 milliseconds interval)
at org.openqa.selenium.support.ui.WebDriverWait.timeoutException(WebDriverWait.java:95)
at org.openqa.selenium.support.ui.FluentWait.until(FluentWait.java:272)
at pom.ComputerPage.clickOnLenovoItem(ComputerPage.java:51)
at test.VerifyHeadersOfApplicationWithSoftAssert.toVerifyclickOnLenovoItemTab(VerifyHeadersOfApplicationWithSoftAssert.java:189)
at java.base/jdk.internal.reflect.NativeMethodAccessorImpl.invoke0(Native Method)
at java.base/jdk.internal.reflect.NativeMethodAccessorImpl.invoke(NativeMethodAccessorImpl.java:78)
at java.base/jdk.internal.reflect.DelegatingMethodAccessorImpl.invoke(DelegatingMethodAccessorImpl.java:43)
at java.base/java.lang.reflect.Method.invoke(Method.java:567)
at org.testng.internal.MethodInvocationHelper.invokeMethod(MethodInvocationHelper.java:133)
at org.testng.internal.TestInvoker.invokeMethod(TestInvoker.java:598)
at org.testng.internal.TestInvoker.invokeTestMethod(TestInvoker.java:173)
at org.testng.internal.MethodRunner.runInSequence(MethodRunner.java:46)
at org.testng.internal.TestInvoker$MethodInvocationAgent.invoke(TestInvoker.java:824)
at org.testng.internal.TestInvoker.invokeTestMethods(TestInvoker.java:146)
at org.testng.internal.TestMethodWorker.invokeTestMethods(TestMethodWorker.java:146)
at org.testng.internal.TestMethodWorker.run(TestMethodWorker.java:128)
at java.base/java.util.concurrent.ThreadPoolExecutor.runWorker(ThreadPoolExecutor.java:1130)
at java.base/java.util.concurrent.ThreadPoolExecutor$Worker.run(ThreadPoolExecutor.java:630)
at java.base/java.lang.Thread.run(Thread.java:831)
Caused by: org.openqa.selenium.NoSuchElementException: Unable to locate element: (//img[@alt='Picture of Lenovo IdeaCentre 600 All-in-One PC'])[1]
For documentation on this error, please visit: https://www.seleniumhq.org/exceptions/no_such_element.html
Build info: version: '3.141.59', revision: 'e82be7d358', time: '2018-11-14T08:17:03'
System info: host: 'DESKTOP-LLE4103', ip: '192.168.43.156', os.name: 'Windows 10', os.arch: 'amd64', os.version: '10.0', java.version: '16.0.2'
Driver info: org.openqa.selenium.firefox.FirefoxDriver
Capabilities {acceptInsecureCerts: true, browserName: firefox, browserVersion: 97.0, javascriptEnabled: true, moz:accessibilityChecks: false, moz:buildID: 20220202182137, moz:geckodriverVersion: 0.30.0, moz:headless: false, moz:processID: 21500, moz:profile: C:\Users\admin\AppData\Loca..., moz:shutdownTimeout: 60000, moz:useNonSpecCompliantPointerOrigin: false, moz:webdriverClick: true, pageLoadStrategy: normal, platform: WINDOWS, platformName: WINDOWS, platformVersion: 10.0, proxy: Proxy(), setWindowRect: true, strictFileInteractability: false, timeouts: {implicit: 0, pageLoad: 300000, script: 30000}, unhandledPromptBehavior: dismiss and notify}
Session ID: ee123da2-be98-440b-988c-a531322cfcae
*** Element info: {Using=xpath, value=(//img[@alt='Picture of Lenovo IdeaCentre 600 All-in-One PC'])[1]}
at jdk.internal.reflect.GeneratedConstructorAccessor16.newInstance(Unknown Source)
at java.base/jdk.internal.reflect.DelegatingConstructorAccessorImpl.newInstance(DelegatingConstructorAccessorImpl.java:45)
at java.base/java.lang.reflect.Constructor.newInstanceWithCaller(Constructor.java:499)
at java.base/java.lang.reflect.Constructor.newInstance(Constructor.java:480)
at org.openqa.selenium.remote.http.W3CHttpResponseCodec.createException(W3CHttpResponseCodec.java:187)
at org.openqa.selenium.remote.http.W3CHttpResponseCodec.decode(W3CHttpResponseCodec.java:122)
at org.openqa.selenium.remote.http.W3CHttpResponseCodec.decode(W3CHttpResponseCodec.java:49)
at org.openqa.selenium.remote.HttpCommandExecutor.execute(HttpCommandExecutor.java:158)
at org.openqa.selenium.remote.service.DriverCommandExecutor.execute(DriverCommandExecutor.java:83)
at org.openqa.selenium.remote.RemoteWebDriver.execute(RemoteWebDriver.java:552)
at org.openqa.selenium.remote.RemoteWebDriver.findElement(RemoteWebDriver.java:323)
at org.openqa.selenium.remote.RemoteWebDriver.findElementByXPath(RemoteWebDriver.java:428)
at org.openqa.selenium.By$ByXPath.findElement(By.java:353)
at org.openqa.selenium.remote.RemoteWebDriver.findElement(RemoteWebDriver.java:315)
at org.openqa.selenium.support.pagefactory.DefaultElementLocator.findElement(DefaultElementLocator.java:69)
at org.openqa.selenium.support.pagefactory.internal.LocatingElementHandler.invoke(LocatingElementHandler.java:38)
at jdk.proxy2/jdk.proxy2.$Proxy17.isDisplayed(Unknown Source)
at org.openqa.selenium.support.ui.ExpectedConditions.elementIfVisible(ExpectedConditions.java:314)
at org.openqa.selenium.support.ui.ExpectedConditions.access$000(ExpectedConditions.java:43)
at org.openqa.selenium.support.ui.ExpectedConditions$10.apply(ExpectedConditions.java:300)
at org.openqa.selenium.support.ui.ExpectedConditions$10.apply(ExpectedConditions.java:297)
at org.openqa.selenium.support.ui.FluentWait.until(FluentWait.java:249)
... 17 more
]]>
    </error>
  </testcase> <!-- toVerifyclickOnLenovoItemTab -->
  <system-out/>
  <testcase classname="test.VerifyHeadersOfApplicationWithSoftAssert" name="toVerifyJewelryTab" time="14.221">
    <failure message="The following asserts failed:
	expected [http://localhost/user/submit_tt.do] but found [https://demo.nopcommerce.com/apparel],
	expected [actiTIME - Enter Time-Track] but found [nopCommerce demo store. Apparel],
	expected [http://localhost/user/submit_tt.do] but found [https://demo.nopcommerce.com/books],
	expected [actiTIME - Enter Time-Track] but found [nopCommerce demo store. Books],
	expected [http://localhost/user/submit_tt.do] but found [https://demo.nopcommerce.com/],
	expected [actiTIME - Enter Time-Track] but found [nopCommerce demo store],
	expected [http://localhost/user/submit_tt.do] but found [https://demo.nopcommerce.com/],
	expected [actiTIME - Enter Time-Track] but found [nopCommerce demo store],
	expected [http://localhost/user/submit_tt.do] but found [https://demo.nopcommerce.com/digital-downloads],
	expected [actiTIME - Enter Time-Track] but found [nopCommerce demo store. Digital downloads],
	expected [http://localhost/user/submit_tt.do] but found [https://demo.nopcommerce.com/],
	expected [actiTIME - Enter Time-Track] but found [nopCommerce demo store],
	expected [http://localhost/user/submit_tt.do] but found [https://demo.nopcommerce.com/],
	expected [actiTIME - Enter Time-Track] but found [nopCommerce demo store],
	expected [http://localhost/user/submit_tt.do] but found [https://demo.nopcommerce.com/gift-cards],
	expected [actiTIME - Enter Time-Track] but found [nopCommerce demo store. Gift Cards],
	expected [http://localhost/user/submit_tt.do] but found [https://demo.nopcommerce.com/jewelry],
	expected [actiTIME - Enter Time-Track] but found [nopCommerce demo store. Jewelry]" type="java.lang.AssertionError">
      <![CDATA[java.lang.AssertionError: The following asserts failed:
expected [http://localhost/user/submit_tt.do] but found [https://demo.nopcommerce.com/apparel],
expected [actiTIME - Enter Time-Track] but found [nopCommerce demo store. Apparel],
expected [http://localhost/user/submit_tt.do] but found [https://demo.nopcommerce.com/books],
expected [actiTIME - Enter Time-Track] but found [nopCommerce demo store. Books],
expected [http://localhost/user/submit_tt.do] but found [https://demo.nopcommerce.com/],
expected [actiTIME - Enter Time-Track] but found [nopCommerce demo store],
expected [http://localhost/user/submit_tt.do] but found [https://demo.nopcommerce.com/],
expected [actiTIME - Enter Time-Track] but found [nopCommerce demo store],
expected [http://localhost/user/submit_tt.do] but found [https://demo.nopcommerce.com/digital-downloads],
expected [actiTIME - Enter Time-Track] but found [nopCommerce demo store. Digital downloads],
expected [http://localhost/user/submit_tt.do] but found [https://demo.nopcommerce.com/],
expected [actiTIME - Enter Time-Track] but found [nopCommerce demo store],
expected [http://localhost/user/submit_tt.do] but found [https://demo.nopcommerce.com/],
expected [actiTIME - Enter Time-Track] but found [nopCommerce demo store],
expected [http://localhost/user/submit_tt.do] but found [https://demo.nopcommerce.com/gift-cards],
expected [actiTIME - Enter Time-Track] but found [nopCommerce demo store. Gift Cards],
expected [http://localhost/user/submit_tt.do] but found [https://demo.nopcommerce.com/jewelry],
expected [actiTIME - Enter Time-Track] but found [nopCommerce demo store. Jewelry]
at org.testng.asserts.SoftAssert.assertAll(SoftAssert.java:47)
at org.testng.asserts.SoftAssert.assertAll(SoftAssert.java:31)
at test.VerifyHeadersOfApplicationWithSoftAssert.toVerifyJewelryTab(VerifyHeadersOfApplicationWithSoftAssert.java:146)
at java.base/jdk.internal.reflect.NativeMethodAccessorImpl.invoke0(Native Method)
at java.base/jdk.internal.reflect.NativeMethodAccessorImpl.invoke(NativeMethodAccessorImpl.java:78)
at java.base/jdk.internal.reflect.DelegatingMethodAccessorImpl.invoke(DelegatingMethodAccessorImpl.java:43)
at java.base/java.lang.reflect.Method.invoke(Method.java:567)
at org.testng.internal.MethodInvocationHelper.invokeMethod(MethodInvocationHelper.java:133)
at org.testng.internal.TestInvoker.invokeMethod(TestInvoker.java:598)
at org.testng.internal.TestInvoker.invokeTestMethod(TestInvoker.java:173)
at org.testng.internal.MethodRunner.runInSequence(MethodRunner.java:46)
at org.testng.internal.TestInvoker$MethodInvocationAgent.invoke(TestInvoker.java:824)
at org.testng.internal.TestInvoker.invokeTestMethods(TestInvoker.java:146)
at org.testng.internal.TestMethodWorker.invokeTestMethods(TestMethodWorker.java:146)
at org.testng.internal.TestMethodWorker.run(TestMethodWorker.java:128)
at java.base/java.util.concurrent.ThreadPoolExecutor.runWorker(ThreadPoolExecutor.java:1130)
at java.base/java.util.concurrent.ThreadPoolExecutor$Worker.run(ThreadPoolExecutor.java:630)
at java.base/java.lang.Thread.run(Thread.java:831)
]]>
    </failure>
  </testcase> <!-- toVerifyJewelryTab -->
  <system-out/>
  <testcase classname="test.VerifyHeadersOfApplicationWithSoftAssert" name="toVerifyOpenDesktopsTab" time="21.087">
    <error message="Expected condition failed: waiting for visibility of Proxy element for: DefaultElementLocator &#039;By.xpath: //img[@alt=&#039;Picture for category Desktops&#039;]&#039; (tried for 10 second(s) with 500 milliseconds interval)" type="org.openqa.selenium.TimeoutException">
      <![CDATA[org.openqa.selenium.TimeoutException: Expected condition failed: waiting for visibility of Proxy element for: DefaultElementLocator 'By.xpath: //img[@alt='Picture for category Desktops']' (tried for 10 second(s) with 500 milliseconds interval)
at org.openqa.selenium.support.ui.WebDriverWait.timeoutException(WebDriverWait.java:95)
at org.openqa.selenium.support.ui.FluentWait.until(FluentWait.java:272)
at pom.ComputerPage.openDesktopsPage(ComputerPage.java:45)
at test.VerifyHeadersOfApplicationWithSoftAssert.toVerifyOpenDesktopsTab(VerifyHeadersOfApplicationWithSoftAssert.java:177)
at java.base/jdk.internal.reflect.NativeMethodAccessorImpl.invoke0(Native Method)
at java.base/jdk.internal.reflect.NativeMethodAccessorImpl.invoke(NativeMethodAccessorImpl.java:78)
at java.base/jdk.internal.reflect.DelegatingMethodAccessorImpl.invoke(DelegatingMethodAccessorImpl.java:43)
at java.base/java.lang.reflect.Method.invoke(Method.java:567)
at org.testng.internal.MethodInvocationHelper.invokeMethod(MethodInvocationHelper.java:133)
at org.testng.internal.TestInvoker.invokeMethod(TestInvoker.java:598)
at org.testng.internal.TestInvoker.invokeTestMethod(TestInvoker.java:173)
at org.testng.internal.MethodRunner.runInSequence(MethodRunner.java:46)
at org.testng.internal.TestInvoker$MethodInvocationAgent.invoke(TestInvoker.java:824)
at org.testng.internal.TestInvoker.invokeTestMethods(TestInvoker.java:146)
at org.testng.internal.TestMethodWorker.invokeTestMethods(TestMethodWorker.java:146)
at org.testng.internal.TestMethodWorker.run(TestMethodWorker.java:128)
at java.base/java.util.concurrent.ThreadPoolExecutor.runWorker(ThreadPoolExecutor.java:1130)
at java.base/java.util.concurrent.ThreadPoolExecutor$Worker.run(ThreadPoolExecutor.java:630)
at java.base/java.lang.Thread.run(Thread.java:831)
Caused by: org.openqa.selenium.NoSuchElementException: Unable to locate element: //img[@alt='Picture for category Desktops']
For documentation on this error, please visit: https://www.seleniumhq.org/exceptions/no_such_element.html
Build info: version: '3.141.59', revision: 'e82be7d358', time: '2018-11-14T08:17:03'
System info: host: 'DESKTOP-LLE4103', ip: '192.168.43.156', os.name: 'Windows 10', os.arch: 'amd64', os.version: '10.0', java.version: '16.0.2'
Driver info: org.openqa.selenium.firefox.FirefoxDriver
Capabilities {acceptInsecureCerts: true, browserName: firefox, browserVersion: 97.0, javascriptEnabled: true, moz:accessibilityChecks: false, moz:buildID: 20220202182137, moz:geckodriverVersion: 0.30.0, moz:headless: false, moz:processID: 21500, moz:profile: C:\Users\admin\AppData\Loca..., moz:shutdownTimeout: 60000, moz:useNonSpecCompliantPointerOrigin: false, moz:webdriverClick: true, pageLoadStrategy: normal, platform: WINDOWS, platformName: WINDOWS, platformVersion: 10.0, proxy: Proxy(), setWindowRect: true, strictFileInteractability: false, timeouts: {implicit: 0, pageLoad: 300000, script: 30000}, unhandledPromptBehavior: dismiss and notify}
Session ID: ee123da2-be98-440b-988c-a531322cfcae
*** Element info: {Using=xpath, value=//img[@alt='Picture for category Desktops']}
at jdk.internal.reflect.GeneratedConstructorAccessor16.newInstance(Unknown Source)
at java.base/jdk.internal.reflect.DelegatingConstructorAccessorImpl.newInstance(DelegatingConstructorAccessorImpl.java:45)
at java.base/java.lang.reflect.Constructor.newInstanceWithCaller(Constructor.java:499)
at java.base/java.lang.reflect.Constructor.newInstance(Constructor.java:480)
at org.openqa.selenium.remote.http.W3CHttpResponseCodec.createException(W3CHttpResponseCodec.java:187)
at org.openqa.selenium.remote.http.W3CHttpResponseCodec.decode(W3CHttpResponseCodec.java:122)
at org.openqa.selenium.remote.http.W3CHttpResponseCodec.decode(W3CHttpResponseCodec.java:49)
at org.openqa.selenium.remote.HttpCommandExecutor.execute(HttpCommandExecutor.java:158)
at org.openqa.selenium.remote.service.DriverCommandExecutor.execute(DriverCommandExecutor.java:83)
at org.openqa.selenium.remote.RemoteWebDriver.execute(RemoteWebDriver.java:552)
at org.openqa.selenium.remote.RemoteWebDriver.findElement(RemoteWebDriver.java:323)
at org.openqa.selenium.remote.RemoteWebDriver.findElementByXPath(RemoteWebDriver.java:428)
at org.openqa.selenium.By$ByXPath.findElement(By.java:353)
at org.openqa.selenium.remote.RemoteWebDriver.findElement(RemoteWebDriver.java:315)
at org.openqa.selenium.support.pagefactory.DefaultElementLocator.findElement(DefaultElementLocator.java:69)
at org.openqa.selenium.support.pagefactory.internal.LocatingElementHandler.invoke(LocatingElementHandler.java:38)
at jdk.proxy2/jdk.proxy2.$Proxy17.isDisplayed(Unknown Source)
at org.openqa.selenium.support.ui.ExpectedConditions.elementIfVisible(ExpectedConditions.java:314)
at org.openqa.selenium.support.ui.ExpectedConditions.access$000(ExpectedConditions.java:43)
at org.openqa.selenium.support.ui.ExpectedConditions$10.apply(ExpectedConditions.java:300)
at org.openqa.selenium.support.ui.ExpectedConditions$10.apply(ExpectedConditions.java:297)
at org.openqa.selenium.support.ui.FluentWait.until(FluentWait.java:249)
... 17 more
]]>
    </error>
  </testcase> <!-- toVerifyOpenDesktopsTab -->
  <system-out/>
  <testcase classname="test.VerifyHeadersOfApplicationWithSoftAssert" name="toVerifyBooksTab" time="2.267">
    <failure message="The following asserts failed:
	expected [http://localhost/user/submit_tt.do] but found [https://demo.nopcommerce.com/apparel],
	expected [actiTIME - Enter Time-Track] but found [nopCommerce demo store. Apparel],
	expected [http://localhost/user/submit_tt.do] but found [https://demo.nopcommerce.com/books],
	expected [actiTIME - Enter Time-Track] but found [nopCommerce demo store. Books]" type="java.lang.AssertionError">
      <![CDATA[java.lang.AssertionError: The following asserts failed:
expected [http://localhost/user/submit_tt.do] but found [https://demo.nopcommerce.com/apparel],
expected [actiTIME - Enter Time-Track] but found [nopCommerce demo store. Apparel],
expected [http://localhost/user/submit_tt.do] but found [https://demo.nopcommerce.com/books],
expected [actiTIME - Enter Time-Track] but found [nopCommerce demo store. Books]
at org.testng.asserts.SoftAssert.assertAll(SoftAssert.java:47)
at org.testng.asserts.SoftAssert.assertAll(SoftAssert.java:31)
at test.VerifyHeadersOfApplicationWithSoftAssert.toVerifyBooksTab(VerifyHeadersOfApplicationWithSoftAssert.java:134)
at java.base/jdk.internal.reflect.NativeMethodAccessorImpl.invoke0(Native Method)
at java.base/jdk.internal.reflect.NativeMethodAccessorImpl.invoke(NativeMethodAccessorImpl.java:78)
at java.base/jdk.internal.reflect.DelegatingMethodAccessorImpl.invoke(DelegatingMethodAccessorImpl.java:43)
at java.base/java.lang.reflect.Method.invoke(Method.java:567)
at org.testng.internal.MethodInvocationHelper.invokeMethod(MethodInvocationHelper.java:133)
at org.testng.internal.TestInvoker.invokeMethod(TestInvoker.java:598)
at org.testng.internal.TestInvoker.invokeTestMethod(TestInvoker.java:173)
at org.testng.internal.MethodRunner.runInSequence(MethodRunner.java:46)
at org.testng.internal.TestInvoker$MethodInvocationAgent.invoke(TestInvoker.java:824)
at org.testng.internal.TestInvoker.invokeTestMethods(TestInvoker.java:146)
at org.testng.internal.TestMethodWorker.invokeTestMethods(TestMethodWorker.java:146)
at org.testng.internal.TestMethodWorker.run(TestMethodWorker.java:128)
at java.base/java.util.concurrent.ThreadPoolExecutor.runWorker(ThreadPoolExecutor.java:1130)
at java.base/java.util.concurrent.ThreadPoolExecutor$Worker.run(ThreadPoolExecutor.java:630)
at java.base/java.lang.Thread.run(Thread.java:831)
]]>
    </failure>
  </testcase> <!-- toVerifyBooksTab -->
  <system-out/>
  <testcase classname="test.VerifyHeadersOfApplicationWithSoftAssert" name="toVerifyGiftCardsTab" time="5.988">
    <failure message="The following asserts failed:
	expected [http://localhost/user/submit_tt.do] but found [https://demo.nopcommerce.com/apparel],
	expected [actiTIME - Enter Time-Track] but found [nopCommerce demo store. Apparel],
	expected [http://localhost/user/submit_tt.do] but found [https://demo.nopcommerce.com/books],
	expected [actiTIME - Enter Time-Track] but found [nopCommerce demo store. Books],
	expected [http://localhost/user/submit_tt.do] but found [https://demo.nopcommerce.com/],
	expected [actiTIME - Enter Time-Track] but found [nopCommerce demo store],
	expected [http://localhost/user/submit_tt.do] but found [https://demo.nopcommerce.com/],
	expected [actiTIME - Enter Time-Track] but found [nopCommerce demo store],
	expected [http://localhost/user/submit_tt.do] but found [https://demo.nopcommerce.com/digital-downloads],
	expected [actiTIME - Enter Time-Track] but found [nopCommerce demo store. Digital downloads],
	expected [http://localhost/user/submit_tt.do] but found [https://demo.nopcommerce.com/],
	expected [actiTIME - Enter Time-Track] but found [nopCommerce demo store],
	expected [http://localhost/user/submit_tt.do] but found [https://demo.nopcommerce.com/],
	expected [actiTIME - Enter Time-Track] but found [nopCommerce demo store],
	expected [http://localhost/user/submit_tt.do] but found [https://demo.nopcommerce.com/gift-cards],
	expected [actiTIME - Enter Time-Track] but found [nopCommerce demo store. Gift Cards]" type="java.lang.AssertionError">
      <![CDATA[java.lang.AssertionError: The following asserts failed:
expected [http://localhost/user/submit_tt.do] but found [https://demo.nopcommerce.com/apparel],
expected [actiTIME - Enter Time-Track] but found [nopCommerce demo store. Apparel],
expected [http://localhost/user/submit_tt.do] but found [https://demo.nopcommerce.com/books],
expected [actiTIME - Enter Time-Track] but found [nopCommerce demo store. Books],
expected [http://localhost/user/submit_tt.do] but found [https://demo.nopcommerce.com/],
expected [actiTIME - Enter Time-Track] but found [nopCommerce demo store],
expected [http://localhost/user/submit_tt.do] but found [https://demo.nopcommerce.com/],
expected [actiTIME - Enter Time-Track] but found [nopCommerce demo store],
expected [http://localhost/user/submit_tt.do] but found [https://demo.nopcommerce.com/digital-downloads],
expected [actiTIME - Enter Time-Track] but found [nopCommerce demo store. Digital downloads],
expected [http://localhost/user/submit_tt.do] but found [https://demo.nopcommerce.com/],
expected [actiTIME - Enter Time-Track] but found [nopCommerce demo store],
expected [http://localhost/user/submit_tt.do] but found [https://demo.nopcommerce.com/],
expected [actiTIME - Enter Time-Track] but found [nopCommerce demo store],
expected [http://localhost/user/submit_tt.do] but found [https://demo.nopcommerce.com/gift-cards],
expected [actiTIME - Enter Time-Track] but found [nopCommerce demo store. Gift Cards]
at org.testng.asserts.SoftAssert.assertAll(SoftAssert.java:47)
at org.testng.asserts.SoftAssert.assertAll(SoftAssert.java:31)
at test.VerifyHeadersOfApplicationWithSoftAssert.toVerifyGiftCardsTab(VerifyHeadersOfApplicationWithSoftAssert.java:158)
at java.base/jdk.internal.reflect.NativeMethodAccessorImpl.invoke0(Native Method)
at java.base/jdk.internal.reflect.NativeMethodAccessorImpl.invoke(NativeMethodAccessorImpl.java:78)
at java.base/jdk.internal.reflect.DelegatingMethodAccessorImpl.invoke(DelegatingMethodAccessorImpl.java:43)
at java.base/java.lang.reflect.Method.invoke(Method.java:567)
at org.testng.internal.MethodInvocationHelper.invokeMethod(MethodInvocationHelper.java:133)
at org.testng.internal.TestInvoker.invokeMethod(TestInvoker.java:598)
at org.testng.internal.TestInvoker.invokeTestMethod(TestInvoker.java:173)
at org.testng.internal.MethodRunner.runInSequence(MethodRunner.java:46)
at org.testng.internal.TestInvoker$MethodInvocationAgent.invoke(TestInvoker.java:824)
at org.testng.internal.TestInvoker.invokeTestMethods(TestInvoker.java:146)
at org.testng.internal.TestMethodWorker.invokeTestMethods(TestMethodWorker.java:146)
at org.testng.internal.TestMethodWorker.run(TestMethodWorker.java:128)
at java.base/java.util.concurrent.ThreadPoolExecutor.runWorker(ThreadPoolExecutor.java:1130)
at java.base/java.util.concurrent.ThreadPoolExecutor$Worker.run(ThreadPoolExecutor.java:630)
at java.base/java.lang.Thread.run(Thread.java:831)
]]>
    </failure>
  </testcase> <!-- toVerifyGiftCardsTab -->
  <system-out/>
  <testcase classname="test.VerifyHeadersOfApplicationWithSoftAssert" name="toVerifyApparelTab" time="7.352">
    <failure message="The following asserts failed:
	expected [http://localhost/user/submit_tt.do] but found [https://demo.nopcommerce.com/apparel],
	expected [actiTIME - Enter Time-Track] but found [nopCommerce demo store. Apparel]" type="java.lang.AssertionError">
      <![CDATA[java.lang.AssertionError: The following asserts failed:
expected [http://localhost/user/submit_tt.do] but found [https://demo.nopcommerce.com/apparel],
expected [actiTIME - Enter Time-Track] but found [nopCommerce demo store. Apparel]
at org.testng.asserts.SoftAssert.assertAll(SoftAssert.java:47)
at org.testng.asserts.SoftAssert.assertAll(SoftAssert.java:31)
at test.VerifyHeadersOfApplicationWithSoftAssert.toVerifyApparelTab(VerifyHeadersOfApplicationWithSoftAssert.java:110)
at java.base/jdk.internal.reflect.NativeMethodAccessorImpl.invoke0(Native Method)
at java.base/jdk.internal.reflect.NativeMethodAccessorImpl.invoke(NativeMethodAccessorImpl.java:78)
at java.base/jdk.internal.reflect.DelegatingMethodAccessorImpl.invoke(DelegatingMethodAccessorImpl.java:43)
at java.base/java.lang.reflect.Method.invoke(Method.java:567)
at org.testng.internal.MethodInvocationHelper.invokeMethod(MethodInvocationHelper.java:133)
at org.testng.internal.TestInvoker.invokeMethod(TestInvoker.java:598)
at org.testng.internal.TestInvoker.invokeTestMethod(TestInvoker.java:173)
at org.testng.internal.MethodRunner.runInSequence(MethodRunner.java:46)
at org.testng.internal.TestInvoker$MethodInvocationAgent.invoke(TestInvoker.java:824)
at org.testng.internal.TestInvoker.invokeTestMethods(TestInvoker.java:146)
at org.testng.internal.TestMethodWorker.invokeTestMethods(TestMethodWorker.java:146)
at org.testng.internal.TestMethodWorker.run(TestMethodWorker.java:128)
at java.base/java.util.concurrent.ThreadPoolExecutor.runWorker(ThreadPoolExecutor.java:1130)
at java.base/java.util.concurrent.ThreadPoolExecutor$Worker.run(ThreadPoolExecutor.java:630)
at java.base/java.lang.Thread.run(Thread.java:831)
]]>
    </failure>
  </testcase> <!-- toVerifyApparelTab -->
  <system-out/>
  <testcase classname="test.VerifyHeadersOfApplicationWithSoftAssert" name="toVerifyJewelryTab" time="8.895">
    <failure message="The following asserts failed:
	expected [http://localhost/user/submit_tt.do] but found [https://demo.nopcommerce.com/apparel],
	expected [actiTIME - Enter Time-Track] but found [nopCommerce demo store. Apparel],
	expected [http://localhost/user/submit_tt.do] but found [https://demo.nopcommerce.com/books],
	expected [actiTIME - Enter Time-Track] but found [nopCommerce demo store. Books],
	expected [http://localhost/user/submit_tt.do] but found [https://demo.nopcommerce.com/],
	expected [actiTIME - Enter Time-Track] but found [nopCommerce demo store],
	expected [http://localhost/user/submit_tt.do] but found [https://demo.nopcommerce.com/computers],
	expected [actiTIME - Enter Time-Track] but found [nopCommerce demo store. Computers],
	expected [http://localhost/user/submit_tt.do] but found [https://demo.nopcommerce.com/digital-downloads],
	expected [actiTIME - Enter Time-Track] but found [nopCommerce demo store. Digital downloads],
	expected [http://localhost/user/submit_tt.do] but found [https://demo.nopcommerce.com/electronics],
	expected [actiTIME - Enter Time-Track] but found [nopCommerce demo store. Electronics],
	expected [http://localhost/user/submit_tt.do] but found [https://demo.nopcommerce.com/],
	expected [actiTIME - Enter Time-Track] but found [nopCommerce demo store],
	expected [http://localhost/user/submit_tt.do] but found [https://demo.nopcommerce.com/gift-cards],
	expected [actiTIME - Enter Time-Track] but found [nopCommerce demo store. Gift Cards],
	expected [http://localhost/user/submit_tt.do] but found [https://demo.nopcommerce.com/jewelry],
	expected [actiTIME - Enter Time-Track] but found [nopCommerce demo store. Jewelry]" type="java.lang.AssertionError">
      <![CDATA[java.lang.AssertionError: The following asserts failed:
expected [http://localhost/user/submit_tt.do] but found [https://demo.nopcommerce.com/apparel],
expected [actiTIME - Enter Time-Track] but found [nopCommerce demo store. Apparel],
expected [http://localhost/user/submit_tt.do] but found [https://demo.nopcommerce.com/books],
expected [actiTIME - Enter Time-Track] but found [nopCommerce demo store. Books],
expected [http://localhost/user/submit_tt.do] but found [https://demo.nopcommerce.com/],
expected [actiTIME - Enter Time-Track] but found [nopCommerce demo store],
expected [http://localhost/user/submit_tt.do] but found [https://demo.nopcommerce.com/computers],
expected [actiTIME - Enter Time-Track] but found [nopCommerce demo store. Computers],
expected [http://localhost/user/submit_tt.do] but found [https://demo.nopcommerce.com/digital-downloads],
expected [actiTIME - Enter Time-Track] but found [nopCommerce demo store. Digital downloads],
expected [http://localhost/user/submit_tt.do] but found [https://demo.nopcommerce.com/electronics],
expected [actiTIME - Enter Time-Track] but found [nopCommerce demo store. Electronics],
expected [http://localhost/user/submit_tt.do] but found [https://demo.nopcommerce.com/],
expected [actiTIME - Enter Time-Track] but found [nopCommerce demo store],
expected [http://localhost/user/submit_tt.do] but found [https://demo.nopcommerce.com/gift-cards],
expected [actiTIME - Enter Time-Track] but found [nopCommerce demo store. Gift Cards],
expected [http://localhost/user/submit_tt.do] but found [https://demo.nopcommerce.com/jewelry],
expected [actiTIME - Enter Time-Track] but found [nopCommerce demo store. Jewelry]
at org.testng.asserts.SoftAssert.assertAll(SoftAssert.java:47)
at org.testng.asserts.SoftAssert.assertAll(SoftAssert.java:31)
at test.VerifyHeadersOfApplicationWithSoftAssert.toVerifyJewelryTab(VerifyHeadersOfApplicationWithSoftAssert.java:146)
at java.base/jdk.internal.reflect.NativeMethodAccessorImpl.invoke0(Native Method)
at java.base/jdk.internal.reflect.NativeMethodAccessorImpl.invoke(NativeMethodAccessorImpl.java:78)
at java.base/jdk.internal.reflect.DelegatingMethodAccessorImpl.invoke(DelegatingMethodAccessorImpl.java:43)
at java.base/java.lang.reflect.Method.invoke(Method.java:567)
at org.testng.internal.MethodInvocationHelper.invokeMethod(MethodInvocationHelper.java:133)
at org.testng.internal.TestInvoker.invokeMethod(TestInvoker.java:598)
at org.testng.internal.TestInvoker.invokeTestMethod(TestInvoker.java:173)
at org.testng.internal.MethodRunner.runInSequence(MethodRunner.java:46)
at org.testng.internal.TestInvoker$MethodInvocationAgent.invoke(TestInvoker.java:824)
at org.testng.internal.TestInvoker.invokeTestMethods(TestInvoker.java:146)
at org.testng.internal.TestMethodWorker.invokeTestMethods(TestMethodWorker.java:146)
at org.testng.internal.TestMethodWorker.run(TestMethodWorker.java:128)
at java.base/java.util.concurrent.ThreadPoolExecutor.runWorker(ThreadPoolExecutor.java:1130)
at java.base/java.util.concurrent.ThreadPoolExecutor$Worker.run(ThreadPoolExecutor.java:630)
at java.base/java.lang.Thread.run(Thread.java:831)
]]>
    </failure>
  </testcase> <!-- toVerifyJewelryTab -->
  <system-out/>
  <testcase classname="test.VerifyHeadersOfApplicationWithSoftAssert" name="toVerifyDigitalDownloadsTab" time="2.338">
    <failure message="The following asserts failed:
	expected [http://localhost/user/submit_tt.do] but found [https://demo.nopcommerce.com/apparel],
	expected [actiTIME - Enter Time-Track] but found [nopCommerce demo store. Apparel],
	expected [http://localhost/user/submit_tt.do] but found [https://demo.nopcommerce.com/books],
	expected [actiTIME - Enter Time-Track] but found [nopCommerce demo store. Books],
	expected [http://localhost/user/submit_tt.do] but found [https://demo.nopcommerce.com/],
	expected [actiTIME - Enter Time-Track] but found [nopCommerce demo store],
	expected [http://localhost/user/submit_tt.do] but found [https://demo.nopcommerce.com/],
	expected [actiTIME - Enter Time-Track] but found [nopCommerce demo store],
	expected [http://localhost/user/submit_tt.do] but found [https://demo.nopcommerce.com/digital-downloads],
	expected [actiTIME - Enter Time-Track] but found [nopCommerce demo store. Digital downloads]" type="java.lang.AssertionError">
      <![CDATA[java.lang.AssertionError: The following asserts failed:
expected [http://localhost/user/submit_tt.do] but found [https://demo.nopcommerce.com/apparel],
expected [actiTIME - Enter Time-Track] but found [nopCommerce demo store. Apparel],
expected [http://localhost/user/submit_tt.do] but found [https://demo.nopcommerce.com/books],
expected [actiTIME - Enter Time-Track] but found [nopCommerce demo store. Books],
expected [http://localhost/user/submit_tt.do] but found [https://demo.nopcommerce.com/],
expected [actiTIME - Enter Time-Track] but found [nopCommerce demo store],
expected [http://localhost/user/submit_tt.do] but found [https://demo.nopcommerce.com/],
expected [actiTIME - Enter Time-Track] but found [nopCommerce demo store],
expected [http://localhost/user/submit_tt.do] but found [https://demo.nopcommerce.com/digital-downloads],
expected [actiTIME - Enter Time-Track] but found [nopCommerce demo store. Digital downloads]
at org.testng.asserts.SoftAssert.assertAll(SoftAssert.java:47)
at org.testng.asserts.SoftAssert.assertAll(SoftAssert.java:31)
at test.VerifyHeadersOfApplicationWithSoftAssert.toVerifyDigitalDownloadsTab(VerifyHeadersOfApplicationWithSoftAssert.java:122)
at java.base/jdk.internal.reflect.NativeMethodAccessorImpl.invoke0(Native Method)
at java.base/jdk.internal.reflect.NativeMethodAccessorImpl.invoke(NativeMethodAccessorImpl.java:78)
at java.base/jdk.internal.reflect.DelegatingMethodAccessorImpl.invoke(DelegatingMethodAccessorImpl.java:43)
at java.base/java.lang.reflect.Method.invoke(Method.java:567)
at org.testng.internal.MethodInvocationHelper.invokeMethod(MethodInvocationHelper.java:133)
at org.testng.internal.TestInvoker.invokeMethod(TestInvoker.java:598)
at org.testng.internal.TestInvoker.invokeTestMethod(TestInvoker.java:173)
at org.testng.internal.MethodRunner.runInSequence(MethodRunner.java:46)
at org.testng.internal.TestInvoker$MethodInvocationAgent.invoke(TestInvoker.java:824)
at org.testng.internal.TestInvoker.invokeTestMethods(TestInvoker.java:146)
at org.testng.internal.TestMethodWorker.invokeTestMethods(TestMethodWorker.java:146)
at org.testng.internal.TestMethodWorker.run(TestMethodWorker.java:128)
at java.base/java.util.concurrent.ThreadPoolExecutor.runWorker(ThreadPoolExecutor.java:1130)
at java.base/java.util.concurrent.ThreadPoolExecutor$Worker.run(ThreadPoolExecutor.java:630)
at java.base/java.lang.Thread.run(Thread.java:831)
]]>
    </failure>
  </testcase> <!-- toVerifyDigitalDownloadsTab -->
  <system-out/>
  <testcase classname="test.VerifyHeadersOfApplicationWithSoftAssert" name="toVerifyclickOnNikonItemTab" time="21.859">
    <error message="Expected condition failed: waiting for visibility of Proxy element for: DefaultElementLocator &#039;By.xpath: //img[@alt=&#039;Picture of Nikon D5500 DSLR&#039;]&#039; (tried for 10 second(s) with 500 milliseconds interval)" type="org.openqa.selenium.TimeoutException">
      <![CDATA[org.openqa.selenium.TimeoutException: Expected condition failed: waiting for visibility of Proxy element for: DefaultElementLocator 'By.xpath: //img[@alt='Picture of Nikon D5500 DSLR']' (tried for 10 second(s) with 500 milliseconds interval)
at org.openqa.selenium.support.ui.WebDriverWait.timeoutException(WebDriverWait.java:95)
at org.openqa.selenium.support.ui.FluentWait.until(FluentWait.java:272)
at pom.ElectronicsPage.clickOnNikonItem(ElectronicsPage.java:51)
at test.VerifyHeadersOfApplicationWithSoftAssert.toVerifyclickOnNikonItemTab(VerifyHeadersOfApplicationWithSoftAssert.java:237)
at java.base/jdk.internal.reflect.NativeMethodAccessorImpl.invoke0(Native Method)
at java.base/jdk.internal.reflect.NativeMethodAccessorImpl.invoke(NativeMethodAccessorImpl.java:78)
at java.base/jdk.internal.reflect.DelegatingMethodAccessorImpl.invoke(DelegatingMethodAccessorImpl.java:43)
at java.base/java.lang.reflect.Method.invoke(Method.java:567)
at org.testng.internal.MethodInvocationHelper.invokeMethod(MethodInvocationHelper.java:133)
at org.testng.internal.TestInvoker.invokeMethod(TestInvoker.java:598)
at org.testng.internal.TestInvoker.invokeTestMethod(TestInvoker.java:173)
at org.testng.internal.MethodRunner.runInSequence(MethodRunner.java:46)
at org.testng.internal.TestInvoker$MethodInvocationAgent.invoke(TestInvoker.java:824)
at org.testng.internal.TestInvoker.invokeTestMethods(TestInvoker.java:146)
at org.testng.internal.TestMethodWorker.invokeTestMethods(TestMethodWorker.java:146)
at org.testng.internal.TestMethodWorker.run(TestMethodWorker.java:128)
at java.base/java.util.concurrent.ThreadPoolExecutor.runWorker(ThreadPoolExecutor.java:1130)
at java.base/java.util.concurrent.ThreadPoolExecutor$Worker.run(ThreadPoolExecutor.java:630)
at java.base/java.lang.Thread.run(Thread.java:831)
Caused by: org.openqa.selenium.NoSuchElementException: no such element: Unable to locate element: {"method":"xpath","selector":"//img[@alt='Picture of Nikon D5500 DSLR']"}
  (Session info: chrome=98.0.4758.82)
For documentation on this error, please visit: https://www.seleniumhq.org/exceptions/no_such_element.html
Build info: version: '3.141.59', revision: 'e82be7d358', time: '2018-11-14T08:17:03'
System info: host: 'DESKTOP-LLE4103', ip: '192.168.43.156', os.name: 'Windows 10', os.arch: 'amd64', os.version: '10.0', java.version: '16.0.2'
Driver info: org.openqa.selenium.chrome.ChromeDriver
Capabilities {acceptInsecureCerts: false, browserName: chrome, browserVersion: 98.0.4758.82, chrome: {chromedriverVersion: 97.0.4692.71 (adefa7837d02a..., userDataDir: C:\Users\admin\AppData\Loca...}, goog:chromeOptions: {debuggerAddress: localhost:53399}, javascriptEnabled: true, networkConnectionEnabled: false, pageLoadStrategy: normal, platform: WINDOWS, platformName: WINDOWS, proxy: Proxy(), setWindowRect: true, strictFileInteractability: false, timeouts: {implicit: 0, pageLoad: 300000, script: 30000}, unhandledPromptBehavior: dismiss and notify, webauthn:extension:credBlob: true, webauthn:extension:largeBlob: true, webauthn:virtualAuthenticators: true}
Session ID: 29952882f2a5e3c2b0ec429d821287f5
*** Element info: {Using=xpath, value=//img[@alt='Picture of Nikon D5500 DSLR']}
at jdk.internal.reflect.GeneratedConstructorAccessor16.newInstance(Unknown Source)
at java.base/jdk.internal.reflect.DelegatingConstructorAccessorImpl.newInstance(DelegatingConstructorAccessorImpl.java:45)
at java.base/java.lang.reflect.Constructor.newInstanceWithCaller(Constructor.java:499)
at java.base/java.lang.reflect.Constructor.newInstance(Constructor.java:480)
at org.openqa.selenium.remote.http.W3CHttpResponseCodec.createException(W3CHttpResponseCodec.java:187)
at org.openqa.selenium.remote.http.W3CHttpResponseCodec.decode(W3CHttpResponseCodec.java:122)
at org.openqa.selenium.remote.http.W3CHttpResponseCodec.decode(W3CHttpResponseCodec.java:49)
at org.openqa.selenium.remote.HttpCommandExecutor.execute(HttpCommandExecutor.java:158)
at org.openqa.selenium.remote.service.DriverCommandExecutor.execute(DriverCommandExecutor.java:83)
at org.openqa.selenium.remote.RemoteWebDriver.execute(RemoteWebDriver.java:552)
at org.openqa.selenium.remote.RemoteWebDriver.findElement(RemoteWebDriver.java:323)
at org.openqa.selenium.remote.RemoteWebDriver.findElementByXPath(RemoteWebDriver.java:428)
at org.openqa.selenium.By$ByXPath.findElement(By.java:353)
at org.openqa.selenium.remote.RemoteWebDriver.findElement(RemoteWebDriver.java:315)
at org.openqa.selenium.support.pagefactory.DefaultElementLocator.findElement(DefaultElementLocator.java:69)
at org.openqa.selenium.support.pagefactory.internal.LocatingElementHandler.invoke(LocatingElementHandler.java:38)
at jdk.proxy2/jdk.proxy2.$Proxy17.isDisplayed(Unknown Source)
at org.openqa.selenium.support.ui.ExpectedConditions.elementIfVisible(ExpectedConditions.java:314)
at org.openqa.selenium.support.ui.ExpectedConditions.access$000(ExpectedConditions.java:43)
at org.openqa.selenium.support.ui.ExpectedConditions$10.apply(ExpectedConditions.java:300)
at org.openqa.selenium.support.ui.ExpectedConditions$10.apply(ExpectedConditions.java:297)
at org.openqa.selenium.support.ui.FluentWait.until(FluentWait.java:249)
... 17 more
]]>
    </error>
  </testcase> <!-- toVerifyclickOnNikonItemTab -->
  <system-out/>
  <testcase classname="test.VerifyHeadersOfApplicationWithSoftAssert" name="toVerifyCameraPhotoPage" time="22.857">
    <error message="Expected condition failed: waiting for visibility of Proxy element for: DefaultElementLocator &#039;By.xpath: //img[@alt=&#039;Picture for category Camera &amp; photo&#039;]&#039; (tried for 10 second(s) with 500 milliseconds interval)" type="org.openqa.selenium.TimeoutException">
      <![CDATA[org.openqa.selenium.TimeoutException: Expected condition failed: waiting for visibility of Proxy element for: DefaultElementLocator 'By.xpath: //img[@alt='Picture for category Camera & photo']' (tried for 10 second(s) with 500 milliseconds interval)
at org.openqa.selenium.support.ui.WebDriverWait.timeoutException(WebDriverWait.java:95)
at org.openqa.selenium.support.ui.FluentWait.until(FluentWait.java:272)
at pom.ElectronicsPage.openCameraPhotoPage(ElectronicsPage.java:45)
at test.VerifyHeadersOfApplicationWithSoftAssert.toVerifyCameraPhotoPage(VerifyHeadersOfApplicationWithSoftAssert.java:225)
at java.base/jdk.internal.reflect.NativeMethodAccessorImpl.invoke0(Native Method)
at java.base/jdk.internal.reflect.NativeMethodAccessorImpl.invoke(NativeMethodAccessorImpl.java:78)
at java.base/jdk.internal.reflect.DelegatingMethodAccessorImpl.invoke(DelegatingMethodAccessorImpl.java:43)
at java.base/java.lang.reflect.Method.invoke(Method.java:567)
at org.testng.internal.MethodInvocationHelper.invokeMethod(MethodInvocationHelper.java:133)
at org.testng.internal.TestInvoker.invokeMethod(TestInvoker.java:598)
at org.testng.internal.TestInvoker.invokeTestMethod(TestInvoker.java:173)
at org.testng.internal.MethodRunner.runInSequence(MethodRunner.java:46)
at org.testng.internal.TestInvoker$MethodInvocationAgent.invoke(TestInvoker.java:824)
at org.testng.internal.TestInvoker.invokeTestMethods(TestInvoker.java:146)
at org.testng.internal.TestMethodWorker.invokeTestMethods(TestMethodWorker.java:146)
at org.testng.internal.TestMethodWorker.run(TestMethodWorker.java:128)
at java.base/java.util.concurrent.ThreadPoolExecutor.runWorker(ThreadPoolExecutor.java:1130)
at java.base/java.util.concurrent.ThreadPoolExecutor$Worker.run(ThreadPoolExecutor.java:630)
at java.base/java.lang.Thread.run(Thread.java:831)
Caused by: org.openqa.selenium.NoSuchElementException: no such element: Unable to locate element: {"method":"xpath","selector":"//img[@alt='Picture for category Camera & photo']"}
  (Session info: chrome=98.0.4758.82)
For documentation on this error, please visit: https://www.seleniumhq.org/exceptions/no_such_element.html
Build info: version: '3.141.59', revision: 'e82be7d358', time: '2018-11-14T08:17:03'
System info: host: 'DESKTOP-LLE4103', ip: '192.168.43.156', os.name: 'Windows 10', os.arch: 'amd64', os.version: '10.0', java.version: '16.0.2'
Driver info: org.openqa.selenium.chrome.ChromeDriver
Capabilities {acceptInsecureCerts: false, browserName: chrome, browserVersion: 98.0.4758.82, chrome: {chromedriverVersion: 97.0.4692.71 (adefa7837d02a..., userDataDir: C:\Users\admin\AppData\Loca...}, goog:chromeOptions: {debuggerAddress: localhost:53399}, javascriptEnabled: true, networkConnectionEnabled: false, pageLoadStrategy: normal, platform: WINDOWS, platformName: WINDOWS, proxy: Proxy(), setWindowRect: true, strictFileInteractability: false, timeouts: {implicit: 0, pageLoad: 300000, script: 30000}, unhandledPromptBehavior: dismiss and notify, webauthn:extension:credBlob: true, webauthn:extension:largeBlob: true, webauthn:virtualAuthenticators: true}
Session ID: 29952882f2a5e3c2b0ec429d821287f5
*** Element info: {Using=xpath, value=//img[@alt='Picture for category Camera & photo']}
at java.base/jdk.internal.reflect.NativeConstructorAccessorImpl.newInstance0(Native Method)
at java.base/jdk.internal.reflect.NativeConstructorAccessorImpl.newInstance(NativeConstructorAccessorImpl.java:78)
at java.base/jdk.internal.reflect.DelegatingConstructorAccessorImpl.newInstance(DelegatingConstructorAccessorImpl.java:45)
at java.base/java.lang.reflect.Constructor.newInstanceWithCaller(Constructor.java:499)
at java.base/java.lang.reflect.Constructor.newInstance(Constructor.java:480)
at org.openqa.selenium.remote.http.W3CHttpResponseCodec.createException(W3CHttpResponseCodec.java:187)
at org.openqa.selenium.remote.http.W3CHttpResponseCodec.decode(W3CHttpResponseCodec.java:122)
at org.openqa.selenium.remote.http.W3CHttpResponseCodec.decode(W3CHttpResponseCodec.java:49)
at org.openqa.selenium.remote.HttpCommandExecutor.execute(HttpCommandExecutor.java:158)
at org.openqa.selenium.remote.service.DriverCommandExecutor.execute(DriverCommandExecutor.java:83)
at org.openqa.selenium.remote.RemoteWebDriver.execute(RemoteWebDriver.java:552)
at org.openqa.selenium.remote.RemoteWebDriver.findElement(RemoteWebDriver.java:323)
at org.openqa.selenium.remote.RemoteWebDriver.findElementByXPath(RemoteWebDriver.java:428)
at org.openqa.selenium.By$ByXPath.findElement(By.java:353)
at org.openqa.selenium.remote.RemoteWebDriver.findElement(RemoteWebDriver.java:315)
at org.openqa.selenium.support.pagefactory.DefaultElementLocator.findElement(DefaultElementLocator.java:69)
at org.openqa.selenium.support.pagefactory.internal.LocatingElementHandler.invoke(LocatingElementHandler.java:38)
at jdk.proxy2/jdk.proxy2.$Proxy17.isDisplayed(Unknown Source)
at org.openqa.selenium.support.ui.ExpectedConditions.elementIfVisible(ExpectedConditions.java:314)
at org.openqa.selenium.support.ui.ExpectedConditions.access$000(ExpectedConditions.java:43)
at org.openqa.selenium.support.ui.ExpectedConditions$10.apply(ExpectedConditions.java:300)
at org.openqa.selenium.support.ui.ExpectedConditions$10.apply(ExpectedConditions.java:297)
at org.openqa.selenium.support.ui.FluentWait.until(FluentWait.java:249)
... 17 more
]]>
    </error>
  </testcase> <!-- toVerifyCameraPhotoPage -->
  <system-out/>
  <testcase classname="test.VerifyHeadersOfApplicationWithSoftAssert" name="toVerifyComputersPageTab" time="1.784">
    <failure message="The following asserts failed:
	expected [http://localhost/user/submit_tt.do] but found [https://demo.nopcommerce.com/apparel],
	expected [actiTIME - Enter Time-Track] but found [nopCommerce demo store. Apparel],
	expected [http://localhost/user/submit_tt.do] but found [https://demo.nopcommerce.com/books],
	expected [actiTIME - Enter Time-Track] but found [nopCommerce demo store. Books],
	expected [http://localhost/user/submit_tt.do] but found [https://demo.nopcommerce.com/],
	expected [actiTIME - Enter Time-Track] but found [nopCommerce demo store]" type="java.lang.AssertionError">
      <![CDATA[java.lang.AssertionError: The following asserts failed:
expected [http://localhost/user/submit_tt.do] but found [https://demo.nopcommerce.com/apparel],
expected [actiTIME - Enter Time-Track] but found [nopCommerce demo store. Apparel],
expected [http://localhost/user/submit_tt.do] but found [https://demo.nopcommerce.com/books],
expected [actiTIME - Enter Time-Track] but found [nopCommerce demo store. Books],
expected [http://localhost/user/submit_tt.do] but found [https://demo.nopcommerce.com/],
expected [actiTIME - Enter Time-Track] but found [nopCommerce demo store]
at org.testng.asserts.SoftAssert.assertAll(SoftAssert.java:47)
at org.testng.asserts.SoftAssert.assertAll(SoftAssert.java:31)
at test.VerifyHeadersOfApplicationWithSoftAssert.toVerifyComputersPageTab(VerifyHeadersOfApplicationWithSoftAssert.java:85)
at java.base/jdk.internal.reflect.NativeMethodAccessorImpl.invoke0(Native Method)
at java.base/jdk.internal.reflect.NativeMethodAccessorImpl.invoke(NativeMethodAccessorImpl.java:78)
at java.base/jdk.internal.reflect.DelegatingMethodAccessorImpl.invoke(DelegatingMethodAccessorImpl.java:43)
at java.base/java.lang.reflect.Method.invoke(Method.java:567)
at org.testng.internal.MethodInvocationHelper.invokeMethod(MethodInvocationHelper.java:133)
at org.testng.internal.TestInvoker.invokeMethod(TestInvoker.java:598)
at org.testng.internal.TestInvoker.invokeTestMethod(TestInvoker.java:173)
at org.testng.internal.MethodRunner.runInSequence(MethodRunner.java:46)
at org.testng.internal.TestInvoker$MethodInvocationAgent.invoke(TestInvoker.java:824)
at org.testng.internal.TestInvoker.invokeTestMethods(TestInvoker.java:146)
at org.testng.internal.TestMethodWorker.invokeTestMethods(TestMethodWorker.java:146)
at org.testng.internal.TestMethodWorker.run(TestMethodWorker.java:128)
at java.base/java.util.concurrent.ThreadPoolExecutor.runWorker(ThreadPoolExecutor.java:1130)
at java.base/java.util.concurrent.ThreadPoolExecutor$Worker.run(ThreadPoolExecutor.java:630)
at java.base/java.lang.Thread.run(Thread.java:831)
]]>
    </failure>
  </testcase> <!-- toVerifyComputersPageTab -->
  <system-out/>
  <testcase classname="test.VerifyHeadersOfApplicationWithSoftAssert" name="toVerifyComputersTab" time="7.148">
    <failure message="The following asserts failed:
	expected [http://localhost/user/submit_tt.do] but found [https://demo.nopcommerce.com/apparel],
	expected [actiTIME - Enter Time-Track] but found [nopCommerce demo store. Apparel],
	expected [http://localhost/user/submit_tt.do] but found [https://demo.nopcommerce.com/books],
	expected [actiTIME - Enter Time-Track] but found [nopCommerce demo store. Books],
	expected [http://localhost/user/submit_tt.do] but found [https://demo.nopcommerce.com/],
	expected [actiTIME - Enter Time-Track] but found [nopCommerce demo store],
	expected [http://localhost/user/submit_tt.do] but found [https://demo.nopcommerce.com/],
	expected [actiTIME - Enter Time-Track] but found [nopCommerce demo store]" type="java.lang.AssertionError">
      <![CDATA[java.lang.AssertionError: The following asserts failed:
expected [http://localhost/user/submit_tt.do] but found [https://demo.nopcommerce.com/apparel],
expected [actiTIME - Enter Time-Track] but found [nopCommerce demo store. Apparel],
expected [http://localhost/user/submit_tt.do] but found [https://demo.nopcommerce.com/books],
expected [actiTIME - Enter Time-Track] but found [nopCommerce demo store. Books],
expected [http://localhost/user/submit_tt.do] but found [https://demo.nopcommerce.com/],
expected [actiTIME - Enter Time-Track] but found [nopCommerce demo store],
expected [http://localhost/user/submit_tt.do] but found [https://demo.nopcommerce.com/],
expected [actiTIME - Enter Time-Track] but found [nopCommerce demo store]
at org.testng.asserts.SoftAssert.assertAll(SoftAssert.java:47)
at org.testng.asserts.SoftAssert.assertAll(SoftAssert.java:31)
at test.VerifyHeadersOfApplicationWithSoftAssert.toVerifyComputersTab(VerifyHeadersOfApplicationWithSoftAssert.java:170)
at java.base/jdk.internal.reflect.NativeMethodAccessorImpl.invoke0(Native Method)
at java.base/jdk.internal.reflect.NativeMethodAccessorImpl.invoke(NativeMethodAccessorImpl.java:78)
at java.base/jdk.internal.reflect.DelegatingMethodAccessorImpl.invoke(DelegatingMethodAccessorImpl.java:43)
at java.base/java.lang.reflect.Method.invoke(Method.java:567)
at org.testng.internal.MethodInvocationHelper.invokeMethod(MethodInvocationHelper.java:133)
at org.testng.internal.TestInvoker.invokeMethod(TestInvoker.java:598)
at org.testng.internal.TestInvoker.invokeTestMethod(TestInvoker.java:173)
at org.testng.internal.MethodRunner.runInSequence(MethodRunner.java:46)
at org.testng.internal.TestInvoker$MethodInvocationAgent.invoke(TestInvoker.java:824)
at org.testng.internal.TestInvoker.invokeTestMethods(TestInvoker.java:146)
at org.testng.internal.TestMethodWorker.invokeTestMethods(TestMethodWorker.java:146)
at org.testng.internal.TestMethodWorker.run(TestMethodWorker.java:128)
at java.base/java.util.concurrent.ThreadPoolExecutor.runWorker(ThreadPoolExecutor.java:1130)
at java.base/java.util.concurrent.ThreadPoolExecutor$Worker.run(ThreadPoolExecutor.java:630)
at java.base/java.lang.Thread.run(Thread.java:831)
]]>
    </failure>
  </testcase> <!-- toVerifyComputersTab -->
  <system-out/>
  <testcase classname="test.VerifyHeadersOfApplicationWithSoftAssert" name="toVerifyCameraPhotoPage" time="21.193">
    <error message="Expected condition failed: waiting for visibility of Proxy element for: DefaultElementLocator &#039;By.xpath: //img[@alt=&#039;Picture for category Camera &amp; photo&#039;]&#039; (tried for 10 second(s) with 500 milliseconds interval)" type="org.openqa.selenium.TimeoutException">
      <![CDATA[org.openqa.selenium.TimeoutException: Expected condition failed: waiting for visibility of Proxy element for: DefaultElementLocator 'By.xpath: //img[@alt='Picture for category Camera & photo']' (tried for 10 second(s) with 500 milliseconds interval)
at org.openqa.selenium.support.ui.WebDriverWait.timeoutException(WebDriverWait.java:95)
at org.openqa.selenium.support.ui.FluentWait.until(FluentWait.java:272)
at pom.ElectronicsPage.openCameraPhotoPage(ElectronicsPage.java:45)
at test.VerifyHeadersOfApplicationWithSoftAssert.toVerifyCameraPhotoPage(VerifyHeadersOfApplicationWithSoftAssert.java:225)
at java.base/jdk.internal.reflect.NativeMethodAccessorImpl.invoke0(Native Method)
at java.base/jdk.internal.reflect.NativeMethodAccessorImpl.invoke(NativeMethodAccessorImpl.java:78)
at java.base/jdk.internal.reflect.DelegatingMethodAccessorImpl.invoke(DelegatingMethodAccessorImpl.java:43)
at java.base/java.lang.reflect.Method.invoke(Method.java:567)
at org.testng.internal.MethodInvocationHelper.invokeMethod(MethodInvocationHelper.java:133)
at org.testng.internal.TestInvoker.invokeMethod(TestInvoker.java:598)
at org.testng.internal.TestInvoker.invokeTestMethod(TestInvoker.java:173)
at org.testng.internal.MethodRunner.runInSequence(MethodRunner.java:46)
at org.testng.internal.TestInvoker$MethodInvocationAgent.invoke(TestInvoker.java:824)
at org.testng.internal.TestInvoker.invokeTestMethods(TestInvoker.java:146)
at org.testng.internal.TestMethodWorker.invokeTestMethods(TestMethodWorker.java:146)
at org.testng.internal.TestMethodWorker.run(TestMethodWorker.java:128)
at java.base/java.util.concurrent.ThreadPoolExecutor.runWorker(ThreadPoolExecutor.java:1130)
at java.base/java.util.concurrent.ThreadPoolExecutor$Worker.run(ThreadPoolExecutor.java:630)
at java.base/java.lang.Thread.run(Thread.java:831)
Caused by: org.openqa.selenium.NoSuchElementException: Unable to locate element: //img[@alt='Picture for category Camera & photo']
For documentation on this error, please visit: https://www.seleniumhq.org/exceptions/no_such_element.html
Build info: version: '3.141.59', revision: 'e82be7d358', time: '2018-11-14T08:17:03'
System info: host: 'DESKTOP-LLE4103', ip: '192.168.43.156', os.name: 'Windows 10', os.arch: 'amd64', os.version: '10.0', java.version: '16.0.2'
Driver info: org.openqa.selenium.firefox.FirefoxDriver
Capabilities {acceptInsecureCerts: true, browserName: firefox, browserVersion: 97.0, javascriptEnabled: true, moz:accessibilityChecks: false, moz:buildID: 20220202182137, moz:geckodriverVersion: 0.30.0, moz:headless: false, moz:processID: 21500, moz:profile: C:\Users\admin\AppData\Loca..., moz:shutdownTimeout: 60000, moz:useNonSpecCompliantPointerOrigin: false, moz:webdriverClick: true, pageLoadStrategy: normal, platform: WINDOWS, platformName: WINDOWS, platformVersion: 10.0, proxy: Proxy(), setWindowRect: true, strictFileInteractability: false, timeouts: {implicit: 0, pageLoad: 300000, script: 30000}, unhandledPromptBehavior: dismiss and notify}
Session ID: ee123da2-be98-440b-988c-a531322cfcae
*** Element info: {Using=xpath, value=//img[@alt='Picture for category Camera & photo']}
at jdk.internal.reflect.GeneratedConstructorAccessor16.newInstance(Unknown Source)
at java.base/jdk.internal.reflect.DelegatingConstructorAccessorImpl.newInstance(DelegatingConstructorAccessorImpl.java:45)
at java.base/java.lang.reflect.Constructor.newInstanceWithCaller(Constructor.java:499)
at java.base/java.lang.reflect.Constructor.newInstance(Constructor.java:480)
at org.openqa.selenium.remote.http.W3CHttpResponseCodec.createException(W3CHttpResponseCodec.java:187)
at org.openqa.selenium.remote.http.W3CHttpResponseCodec.decode(W3CHttpResponseCodec.java:122)
at org.openqa.selenium.remote.http.W3CHttpResponseCodec.decode(W3CHttpResponseCodec.java:49)
at org.openqa.selenium.remote.HttpCommandExecutor.execute(HttpCommandExecutor.java:158)
at org.openqa.selenium.remote.service.DriverCommandExecutor.execute(DriverCommandExecutor.java:83)
at org.openqa.selenium.remote.RemoteWebDriver.execute(RemoteWebDriver.java:552)
at org.openqa.selenium.remote.RemoteWebDriver.findElement(RemoteWebDriver.java:323)
at org.openqa.selenium.remote.RemoteWebDriver.findElementByXPath(RemoteWebDriver.java:428)
at org.openqa.selenium.By$ByXPath.findElement(By.java:353)
at org.openqa.selenium.remote.RemoteWebDriver.findElement(RemoteWebDriver.java:315)
at org.openqa.selenium.support.pagefactory.DefaultElementLocator.findElement(DefaultElementLocator.java:69)
at org.openqa.selenium.support.pagefactory.internal.LocatingElementHandler.invoke(LocatingElementHandler.java:38)
at jdk.proxy2/jdk.proxy2.$Proxy17.isDisplayed(Unknown Source)
at org.openqa.selenium.support.ui.ExpectedConditions.elementIfVisible(ExpectedConditions.java:314)
at org.openqa.selenium.support.ui.ExpectedConditions.access$000(ExpectedConditions.java:43)
at org.openqa.selenium.support.ui.ExpectedConditions$10.apply(ExpectedConditions.java:300)
at org.openqa.selenium.support.ui.ExpectedConditions$10.apply(ExpectedConditions.java:297)
at org.openqa.selenium.support.ui.FluentWait.until(FluentWait.java:249)
... 17 more
]]>
    </error>
  </testcase> <!-- toVerifyCameraPhotoPage -->
  <system-out/>
</testsuite> <!-- test.VerifyHeadersOfApplicationWithSoftAssert -->
